2021-10-13 13:17:01.038 ws [main] INFO  com.socen.ws.WsApplication - Starting WsApplication on Socen-MacBook-Air-2.local with PID 40141 (/Users/DJAHa/Desktop/WarningSystem-master/backend/target/classes started by DJAHa in /Users/DJAHa/Desktop/WarningSystem-master/backend)
2021-10-13 13:17:01.042 ws [main] INFO  com.socen.ws.WsApplication - No active profile set, falling back to default profiles: default
2021-10-13 13:17:04.134 ws [main] INFO  o.s.d.r.c.RepositoryConfigurationDelegate - Multiple Spring Data modules found, entering strict repository configuration mode!
2021-10-13 13:17:04.145 ws [main] INFO  o.s.d.r.c.RepositoryConfigurationDelegate - Bootstrapping Spring Data repositories in DEFAULT mode.
2021-10-13 13:17:04.257 ws [main] INFO  o.s.d.r.c.RepositoryConfigurationDelegate - Finished Spring Data repository scanning in 63ms. Found 0 repository interfaces.
2021-10-13 13:17:04.987 ws [main] INFO  o.s.c.s.PostProcessorRegistrationDelegate$BeanPostProcessorChecker - Bean 'asyncExecutorPoolConfig' of type [com.socen.ws.common.config.AsyncExecutorPoolConfig$$EnhancerBySpringCGLIB$$f7a4264c] is not eligible for getting processed by all BeanPostProcessors (for example: not eligible for auto-proxying)
2021-10-13 13:17:05.273 ws [main] INFO  o.s.c.s.PostProcessorRegistrationDelegate$BeanPostProcessorChecker - Bean 'spring.datasource.dynamic-com.baomidou.dynamic.datasource.spring.boot.autoconfigure.DynamicDataSourceProperties' of type [com.baomidou.dynamic.datasource.spring.boot.autoconfigure.DynamicDataSourceProperties] is not eligible for getting processed by all BeanPostProcessors (for example: not eligible for auto-proxying)
2021-10-13 13:17:05.575 ws [main] INFO  o.s.c.s.PostProcessorRegistrationDelegate$BeanPostProcessorChecker - Bean 'com.baomidou.dynamic.datasource.spring.boot.autoconfigure.DynamicDataSourceAutoConfiguration' of type [com.baomidou.dynamic.datasource.spring.boot.autoconfigure.DynamicDataSourceAutoConfiguration$$EnhancerBySpringCGLIB$$3fda41fb] is not eligible for getting processed by all BeanPostProcessors (for example: not eligible for auto-proxying)
2021-10-13 13:17:05.592 ws [main] INFO  o.s.c.s.PostProcessorRegistrationDelegate$BeanPostProcessorChecker - Bean 'dsProcessor' of type [com.baomidou.dynamic.datasource.processor.DsHeaderProcessor] is not eligible for getting processed by all BeanPostProcessors (for example: not eligible for auto-proxying)
2021-10-13 13:17:05.605 ws [main] INFO  o.s.c.s.PostProcessorRegistrationDelegate$BeanPostProcessorChecker - Bean 'dynamicDatasourceAnnotationAdvisor' of type [com.baomidou.dynamic.datasource.aop.DynamicDataSourceAnnotationAdvisor] is not eligible for getting processed by all BeanPostProcessors (for example: not eligible for auto-proxying)
2021-10-13 13:17:05.660 ws [main] INFO  o.s.c.s.PostProcessorRegistrationDelegate$BeanPostProcessorChecker - Bean 'org.springframework.transaction.annotation.ProxyTransactionManagementConfiguration' of type [org.springframework.transaction.annotation.ProxyTransactionManagementConfiguration$$EnhancerBySpringCGLIB$$d64bd12a] is not eligible for getting processed by all BeanPostProcessors (for example: not eligible for auto-proxying)
2021-10-13 13:17:05.696 ws [main] INFO  o.s.c.s.PostProcessorRegistrationDelegate$BeanPostProcessorChecker - Bean 'shiroConfig' of type [com.socen.ws.common.authentication.ShiroConfig$$EnhancerBySpringCGLIB$$c77d4548] is not eligible for getting processed by all BeanPostProcessors (for example: not eligible for auto-proxying)
2021-10-13 13:17:06.196 ws [main] INFO  o.s.c.s.PostProcessorRegistrationDelegate$BeanPostProcessorChecker - Bean 'redisConfig' of type [com.socen.ws.common.config.RedisConfig$$EnhancerBySpringCGLIB$$b2a2419c] is not eligible for getting processed by all BeanPostProcessors (for example: not eligible for auto-proxying)
2021-10-13 13:17:06.237 ws [main] INFO  o.s.c.s.PostProcessorRegistrationDelegate$BeanPostProcessorChecker - Bean 'redisPoolFactory' of type [redis.clients.jedis.JedisPool] is not eligible for getting processed by all BeanPostProcessors (for example: not eligible for auto-proxying)
2021-10-13 13:17:06.244 ws [main] INFO  o.s.c.s.PostProcessorRegistrationDelegate$BeanPostProcessorChecker - Bean 'redisService' of type [com.socen.ws.common.service.impl.RedisServiceImpl] is not eligible for getting processed by all BeanPostProcessors (for example: not eligible for auto-proxying)
2021-10-13 13:17:06.374 ws [main] INFO  o.s.c.s.PostProcessorRegistrationDelegate$BeanPostProcessorChecker - Bean 'mybatis-plus-com.baomidou.mybatisplus.autoconfigure.MybatisPlusProperties' of type [com.baomidou.mybatisplus.autoconfigure.MybatisPlusProperties] is not eligible for getting processed by all BeanPostProcessors (for example: not eligible for auto-proxying)
2021-10-13 13:17:06.384 ws [main] INFO  o.s.c.s.PostProcessorRegistrationDelegate$BeanPostProcessorChecker - Bean 'mybatisPlusConfig' of type [com.socen.ws.common.config.MybatisPlusConfig$$EnhancerBySpringCGLIB$$50b8b8ee] is not eligible for getting processed by all BeanPostProcessors (for example: not eligible for auto-proxying)
2021-10-13 13:17:06.390 ws [main] INFO  o.s.c.s.PostProcessorRegistrationDelegate$BeanPostProcessorChecker - Bean 'paginationInterceptor' of type [com.baomidou.mybatisplus.extension.plugins.PaginationInterceptor] is not eligible for getting processed by all BeanPostProcessors (for example: not eligible for auto-proxying)
2021-10-13 13:17:06.411 ws [main] INFO  o.s.c.s.PostProcessorRegistrationDelegate$BeanPostProcessorChecker - Bean 'com.baomidou.mybatisplus.autoconfigure.MybatisPlusAutoConfiguration' of type [com.baomidou.mybatisplus.autoconfigure.MybatisPlusAutoConfiguration$$EnhancerBySpringCGLIB$$14143dc4] is not eligible for getting processed by all BeanPostProcessors (for example: not eligible for auto-proxying)
2021-10-13 13:17:06.438 ws [main] INFO  o.s.c.s.PostProcessorRegistrationDelegate$BeanPostProcessorChecker - Bean 'dynamicDataSourceCreator' of type [com.baomidou.dynamic.datasource.DynamicDataSourceCreator] is not eligible for getting processed by all BeanPostProcessors (for example: not eligible for auto-proxying)
2021-10-13 13:17:06.441 ws [main] INFO  o.s.c.s.PostProcessorRegistrationDelegate$BeanPostProcessorChecker - Bean 'dynamicDataSourceProvider' of type [com.baomidou.dynamic.datasource.provider.YmlDynamicDataSourceProvider] is not eligible for getting processed by all BeanPostProcessors (for example: not eligible for auto-proxying)
2021-10-13 13:17:06.451 ws [main] INFO  c.b.d.d.DynamicRoutingDataSource - dynamic-datasource detect P6SPY plugin and enabled it
2021-10-13 13:17:06.490 ws [main] INFO  com.zaxxer.hikari.HikariDataSource - primary - Starting...
2021-10-13 13:17:06.881 ws [main] INFO  com.zaxxer.hikari.HikariDataSource - primary - Start completed.
2021-10-13 13:17:06.882 ws [main] INFO  c.b.d.d.DynamicRoutingDataSource - dynamic-datasource - load a datasource named [primary] success
2021-10-13 13:17:06.882 ws [main] INFO  c.b.d.d.DynamicRoutingDataSource - dynamic-datasource initial loaded [1] datasource,primary datasource named [primary]
2021-10-13 13:17:06.883 ws [main] INFO  o.s.c.s.PostProcessorRegistrationDelegate$BeanPostProcessorChecker - Bean 'dataSource' of type [com.baomidou.dynamic.datasource.DynamicRoutingDataSource] is not eligible for getting processed by all BeanPostProcessors (for example: not eligible for auto-proxying)
2021-10-13 13:17:06.906 ws [main] INFO  o.s.c.s.PostProcessorRegistrationDelegate$BeanPostProcessorChecker - Bean 'spring.datasource-org.springframework.boot.autoconfigure.jdbc.DataSourceProperties' of type [org.springframework.boot.autoconfigure.jdbc.DataSourceProperties] is not eligible for getting processed by all BeanPostProcessors (for example: not eligible for auto-proxying)
2021-10-13 13:17:06.928 ws [main] INFO  o.s.c.s.PostProcessorRegistrationDelegate$BeanPostProcessorChecker - Bean 'org.springframework.boot.autoconfigure.jdbc.DataSourceInitializerInvoker' of type [org.springframework.boot.autoconfigure.jdbc.DataSourceInitializerInvoker] is not eligible for getting processed by all BeanPostProcessors (for example: not eligible for auto-proxying)
2021-10-13 13:17:08.189 ws [main] INFO  o.s.c.s.PostProcessorRegistrationDelegate$BeanPostProcessorChecker - Bean 'sqlSessionFactory' of type [org.apache.ibatis.session.defaults.DefaultSqlSessionFactory] is not eligible for getting processed by all BeanPostProcessors (for example: not eligible for auto-proxying)
2021-10-13 13:17:08.198 ws [main] INFO  o.s.c.s.PostProcessorRegistrationDelegate$BeanPostProcessorChecker - Bean 'sqlSessionTemplate' of type [org.mybatis.spring.SqlSessionTemplate] is not eligible for getting processed by all BeanPostProcessors (for example: not eligible for auto-proxying)
2021-10-13 13:17:08.203 ws [main] INFO  o.s.c.s.PostProcessorRegistrationDelegate$BeanPostProcessorChecker - Bean 'roleMapper' of type [org.mybatis.spring.mapper.MapperFactoryBean] is not eligible for getting processed by all BeanPostProcessors (for example: not eligible for auto-proxying)
2021-10-13 13:17:08.207 ws [main] INFO  o.s.c.s.PostProcessorRegistrationDelegate$BeanPostProcessorChecker - Bean 'roleMapper' of type [com.sun.proxy.$Proxy122] is not eligible for getting processed by all BeanPostProcessors (for example: not eligible for auto-proxying)
2021-10-13 13:17:08.245 ws [main] INFO  o.s.c.s.PostProcessorRegistrationDelegate$BeanPostProcessorChecker - Bean 'roleMenuMapper' of type [org.mybatis.spring.mapper.MapperFactoryBean] is not eligible for getting processed by all BeanPostProcessors (for example: not eligible for auto-proxying)
2021-10-13 13:17:08.246 ws [main] INFO  o.s.c.s.PostProcessorRegistrationDelegate$BeanPostProcessorChecker - Bean 'roleMenuMapper' of type [com.sun.proxy.$Proxy124] is not eligible for getting processed by all BeanPostProcessors (for example: not eligible for auto-proxying)
2021-10-13 13:17:08.260 ws [main] INFO  o.s.c.s.PostProcessorRegistrationDelegate$BeanPostProcessorChecker - Bean 'userRoleMapper' of type [org.mybatis.spring.mapper.MapperFactoryBean] is not eligible for getting processed by all BeanPostProcessors (for example: not eligible for auto-proxying)
2021-10-13 13:17:08.261 ws [main] INFO  o.s.c.s.PostProcessorRegistrationDelegate$BeanPostProcessorChecker - Bean 'userRoleMapper' of type [com.sun.proxy.$Proxy126] is not eligible for getting processed by all BeanPostProcessors (for example: not eligible for auto-proxying)
2021-10-13 13:17:08.265 ws [main] INFO  o.s.c.s.PostProcessorRegistrationDelegate$BeanPostProcessorChecker - Bean 'userRoleService' of type [com.socen.ws.system.service.impl.UserRoleServiceImpl] is not eligible for getting processed by all BeanPostProcessors (for example: not eligible for auto-proxying)
2021-10-13 13:17:08.329 ws [main] INFO  o.s.c.s.PostProcessorRegistrationDelegate$BeanPostProcessorChecker - Bean 'roleMenuService' of type [com.socen.ws.system.service.impl.RoleMenuServiceImpl] is not eligible for getting processed by all BeanPostProcessors (for example: not eligible for auto-proxying)
2021-10-13 13:17:08.360 ws [main] INFO  o.s.c.s.PostProcessorRegistrationDelegate$BeanPostProcessorChecker - Bean 'roleService' of type [com.socen.ws.system.service.impl.RoleServiceImpl] is not eligible for getting processed by all BeanPostProcessors (for example: not eligible for auto-proxying)
2021-10-13 13:17:08.419 ws [main] INFO  o.s.c.s.PostProcessorRegistrationDelegate$BeanPostProcessorChecker - Bean 'menuMapper' of type [org.mybatis.spring.mapper.MapperFactoryBean] is not eligible for getting processed by all BeanPostProcessors (for example: not eligible for auto-proxying)
2021-10-13 13:17:08.423 ws [main] INFO  o.s.c.s.PostProcessorRegistrationDelegate$BeanPostProcessorChecker - Bean 'menuMapper' of type [com.sun.proxy.$Proxy131] is not eligible for getting processed by all BeanPostProcessors (for example: not eligible for auto-proxying)
2021-10-13 13:17:08.432 ws [main] INFO  o.s.c.s.PostProcessorRegistrationDelegate$BeanPostProcessorChecker - Bean 'menuService' of type [com.socen.ws.system.service.impl.MenuServiceImpl] is not eligible for getting processed by all BeanPostProcessors (for example: not eligible for auto-proxying)
2021-10-13 13:17:08.495 ws [main] INFO  o.s.c.s.PostProcessorRegistrationDelegate$BeanPostProcessorChecker - Bean 'userMapper' of type [org.mybatis.spring.mapper.MapperFactoryBean] is not eligible for getting processed by all BeanPostProcessors (for example: not eligible for auto-proxying)
2021-10-13 13:17:08.497 ws [main] INFO  o.s.c.s.PostProcessorRegistrationDelegate$BeanPostProcessorChecker - Bean 'userMapper' of type [com.sun.proxy.$Proxy133] is not eligible for getting processed by all BeanPostProcessors (for example: not eligible for auto-proxying)
2021-10-13 13:17:08.539 ws [main] INFO  o.s.c.s.PostProcessorRegistrationDelegate$BeanPostProcessorChecker - Bean 'userConfigMapper' of type [org.mybatis.spring.mapper.MapperFactoryBean] is not eligible for getting processed by all BeanPostProcessors (for example: not eligible for auto-proxying)
2021-10-13 13:17:08.542 ws [main] INFO  o.s.c.s.PostProcessorRegistrationDelegate$BeanPostProcessorChecker - Bean 'userConfigMapper' of type [com.sun.proxy.$Proxy135] is not eligible for getting processed by all BeanPostProcessors (for example: not eligible for auto-proxying)
2021-10-13 13:17:08.548 ws [main] INFO  o.s.c.s.PostProcessorRegistrationDelegate$BeanPostProcessorChecker - Bean 'userConfigService' of type [com.socen.ws.system.service.impl.UserConfigServiceImpl] is not eligible for getting processed by all BeanPostProcessors (for example: not eligible for auto-proxying)
2021-10-13 13:17:08.577 ws [main] INFO  o.s.c.s.PostProcessorRegistrationDelegate$BeanPostProcessorChecker - Bean 'userService' of type [com.socen.ws.system.service.impl.UserServiceImpl] is not eligible for getting processed by all BeanPostProcessors (for example: not eligible for auto-proxying)
2021-10-13 13:17:08.610 ws [main] INFO  o.s.c.s.PostProcessorRegistrationDelegate$BeanPostProcessorChecker - Bean 'org.springframework.boot.autoconfigure.jackson.JacksonAutoConfiguration$JacksonObjectMapperConfiguration' of type [org.springframework.boot.autoconfigure.jackson.JacksonAutoConfiguration$JacksonObjectMapperConfiguration$$EnhancerBySpringCGLIB$$31df50bb] is not eligible for getting processed by all BeanPostProcessors (for example: not eligible for auto-proxying)
2021-10-13 13:17:08.615 ws [main] INFO  o.s.c.s.PostProcessorRegistrationDelegate$BeanPostProcessorChecker - Bean 'org.springframework.boot.autoconfigure.jackson.JacksonAutoConfiguration$JacksonObjectMapperBuilderConfiguration' of type [org.springframework.boot.autoconfigure.jackson.JacksonAutoConfiguration$JacksonObjectMapperBuilderConfiguration$$EnhancerBySpringCGLIB$$e42c12d4] is not eligible for getting processed by all BeanPostProcessors (for example: not eligible for auto-proxying)
2021-10-13 13:17:08.618 ws [main] INFO  o.s.c.s.PostProcessorRegistrationDelegate$BeanPostProcessorChecker - Bean 'org.springframework.boot.autoconfigure.jackson.JacksonAutoConfiguration$Jackson2ObjectMapperBuilderCustomizerConfiguration' of type [org.springframework.boot.autoconfigure.jackson.JacksonAutoConfiguration$Jackson2ObjectMapperBuilderCustomizerConfiguration$$EnhancerBySpringCGLIB$$9f42f8c3] is not eligible for getting processed by all BeanPostProcessors (for example: not eligible for auto-proxying)
2021-10-13 13:17:08.631 ws [main] INFO  o.s.c.s.PostProcessorRegistrationDelegate$BeanPostProcessorChecker - Bean 'spring.jackson-org.springframework.boot.autoconfigure.jackson.JacksonProperties' of type [org.springframework.boot.autoconfigure.jackson.JacksonProperties] is not eligible for getting processed by all BeanPostProcessors (for example: not eligible for auto-proxying)
2021-10-13 13:17:08.638 ws [main] INFO  o.s.c.s.PostProcessorRegistrationDelegate$BeanPostProcessorChecker - Bean 'standardJacksonObjectMapperBuilderCustomizer' of type [org.springframework.boot.autoconfigure.jackson.JacksonAutoConfiguration$Jackson2ObjectMapperBuilderCustomizerConfiguration$StandardJackson2ObjectMapperBuilderCustomizer] is not eligible for getting processed by all BeanPostProcessors (for example: not eligible for auto-proxying)
2021-10-13 13:17:08.650 ws [main] INFO  o.s.c.s.PostProcessorRegistrationDelegate$BeanPostProcessorChecker - Bean 'org.springframework.boot.autoconfigure.jackson.JacksonAutoConfiguration$ParameterNamesModuleConfiguration' of type [org.springframework.boot.autoconfigure.jackson.JacksonAutoConfiguration$ParameterNamesModuleConfiguration$$EnhancerBySpringCGLIB$$c60e6ff1] is not eligible for getting processed by all BeanPostProcessors (for example: not eligible for auto-proxying)
2021-10-13 13:17:08.668 ws [main] INFO  o.s.c.s.PostProcessorRegistrationDelegate$BeanPostProcessorChecker - Bean 'parameterNamesModule' of type [com.fasterxml.jackson.module.paramnames.ParameterNamesModule] is not eligible for getting processed by all BeanPostProcessors (for example: not eligible for auto-proxying)
2021-10-13 13:17:08.676 ws [main] INFO  o.s.c.s.PostProcessorRegistrationDelegate$BeanPostProcessorChecker - Bean 'org.springframework.boot.autoconfigure.jackson.JacksonAutoConfiguration' of type [org.springframework.boot.autoconfigure.jackson.JacksonAutoConfiguration$$EnhancerBySpringCGLIB$$13eaee4a] is not eligible for getting processed by all BeanPostProcessors (for example: not eligible for auto-proxying)
2021-10-13 13:17:08.702 ws [main] INFO  o.s.c.s.PostProcessorRegistrationDelegate$BeanPostProcessorChecker - Bean 'jsonComponentModule' of type [org.springframework.boot.jackson.JsonComponentModule] is not eligible for getting processed by all BeanPostProcessors (for example: not eligible for auto-proxying)
2021-10-13 13:17:08.708 ws [main] INFO  o.s.c.s.PostProcessorRegistrationDelegate$BeanPostProcessorChecker - Bean 'org.springframework.data.web.config.SpringDataJacksonConfiguration' of type [org.springframework.data.web.config.SpringDataJacksonConfiguration] is not eligible for getting processed by all BeanPostProcessors (for example: not eligible for auto-proxying)
2021-10-13 13:17:08.727 ws [main] INFO  o.s.c.s.PostProcessorRegistrationDelegate$BeanPostProcessorChecker - Bean 'jacksonGeoModule' of type [org.springframework.data.geo.GeoModule] is not eligible for getting processed by all BeanPostProcessors (for example: not eligible for auto-proxying)
2021-10-13 13:17:08.739 ws [main] INFO  o.s.c.s.PostProcessorRegistrationDelegate$BeanPostProcessorChecker - Bean 'jacksonObjectMapperBuilder' of type [org.springframework.http.converter.json.Jackson2ObjectMapperBuilder] is not eligible for getting processed by all BeanPostProcessors (for example: not eligible for auto-proxying)
2021-10-13 13:17:08.800 ws [main] INFO  o.s.c.s.PostProcessorRegistrationDelegate$BeanPostProcessorChecker - Bean 'jacksonObjectMapper' of type [com.fasterxml.jackson.databind.ObjectMapper] is not eligible for getting processed by all BeanPostProcessors (for example: not eligible for auto-proxying)
2021-10-13 13:17:08.834 ws [main] INFO  o.s.c.s.PostProcessorRegistrationDelegate$BeanPostProcessorChecker - Bean 'cacheService' of type [com.socen.ws.common.service.impl.CacheServiceImpl] is not eligible for getting processed by all BeanPostProcessors (for example: not eligible for auto-proxying)
2021-10-13 13:17:08.858 ws [main] INFO  o.s.c.s.PostProcessorRegistrationDelegate$BeanPostProcessorChecker - Bean 'zoneMapper' of type [org.mybatis.spring.mapper.MapperFactoryBean] is not eligible for getting processed by all BeanPostProcessors (for example: not eligible for auto-proxying)
2021-10-13 13:17:08.860 ws [main] INFO  o.s.c.s.PostProcessorRegistrationDelegate$BeanPostProcessorChecker - Bean 'zoneMapper' of type [com.sun.proxy.$Proxy138] is not eligible for getting processed by all BeanPostProcessors (for example: not eligible for auto-proxying)
2021-10-13 13:17:08.878 ws [main] INFO  o.s.c.s.PostProcessorRegistrationDelegate$BeanPostProcessorChecker - Bean 'companyMapper' of type [org.mybatis.spring.mapper.MapperFactoryBean] is not eligible for getting processed by all BeanPostProcessors (for example: not eligible for auto-proxying)
2021-10-13 13:17:08.881 ws [main] INFO  o.s.c.s.PostProcessorRegistrationDelegate$BeanPostProcessorChecker - Bean 'companyMapper' of type [com.sun.proxy.$Proxy139] is not eligible for getting processed by all BeanPostProcessors (for example: not eligible for auto-proxying)
2021-10-13 13:17:08.899 ws [main] INFO  o.s.c.s.PostProcessorRegistrationDelegate$BeanPostProcessorChecker - Bean 'companyUnitMapper' of type [org.mybatis.spring.mapper.MapperFactoryBean] is not eligible for getting processed by all BeanPostProcessors (for example: not eligible for auto-proxying)
2021-10-13 13:17:08.901 ws [main] INFO  o.s.c.s.PostProcessorRegistrationDelegate$BeanPostProcessorChecker - Bean 'companyUnitMapper' of type [com.sun.proxy.$Proxy141] is not eligible for getting processed by all BeanPostProcessors (for example: not eligible for auto-proxying)
2021-10-13 13:17:08.923 ws [main] INFO  o.s.c.s.PostProcessorRegistrationDelegate$BeanPostProcessorChecker - Bean 'ICompanyUnitService' of type [com.socen.ws.gen.service.impl.CompanyUnitServiceImpl] is not eligible for getting processed by all BeanPostProcessors (for example: not eligible for auto-proxying)
2021-10-13 13:17:08.980 ws [main] INFO  o.s.c.s.PostProcessorRegistrationDelegate$BeanPostProcessorChecker - Bean 'ICompanyService' of type [com.socen.ws.gen.service.impl.CompanyServiceImpl] is not eligible for getting processed by all BeanPostProcessors (for example: not eligible for auto-proxying)
2021-10-13 13:17:09.003 ws [main] INFO  o.s.c.s.PostProcessorRegistrationDelegate$BeanPostProcessorChecker - Bean 'IZoneService' of type [com.socen.ws.gen.service.impl.ZoneServiceImpl] is not eligible for getting processed by all BeanPostProcessors (for example: not eligible for auto-proxying)
2021-10-13 13:17:09.028 ws [main] INFO  o.s.c.s.PostProcessorRegistrationDelegate$BeanPostProcessorChecker - Bean 'userManager' of type [com.socen.ws.system.manager.UserManager] is not eligible for getting processed by all BeanPostProcessors (for example: not eligible for auto-proxying)
2021-10-13 13:17:09.029 ws [main] INFO  o.s.c.s.PostProcessorRegistrationDelegate$BeanPostProcessorChecker - Bean 'shiroRealm' of type [com.socen.ws.common.authentication.ShiroRealm] is not eligible for getting processed by all BeanPostProcessors (for example: not eligible for auto-proxying)
2021-10-13 13:17:09.044 ws [main] INFO  o.s.c.s.PostProcessorRegistrationDelegate$BeanPostProcessorChecker - Bean 'securityManager' of type [org.apache.shiro.web.mgt.DefaultWebSecurityManager] is not eligible for getting processed by all BeanPostProcessors (for example: not eligible for auto-proxying)
2021-10-13 13:17:09.069 ws [main] INFO  o.s.c.s.PostProcessorRegistrationDelegate$BeanPostProcessorChecker - Bean 'authorizationAttributeSourceAdvisor' of type [org.apache.shiro.spring.security.interceptor.AuthorizationAttributeSourceAdvisor] is not eligible for getting processed by all BeanPostProcessors (for example: not eligible for auto-proxying)
2021-10-13 13:17:09.652 ws [main] INFO  o.s.b.w.e.tomcat.TomcatWebServer - Tomcat initialized with port(s): 9527 (http)
2021-10-13 13:17:09.683 ws [main] INFO  o.a.coyote.http11.Http11NioProtocol - Initializing ProtocolHandler ["http-nio-9527"]
2021-10-13 13:17:09.701 ws [main] INFO  o.a.catalina.core.StandardService - Starting service [Tomcat]
2021-10-13 13:17:09.701 ws [main] INFO  o.a.catalina.core.StandardEngine - Starting Servlet engine: [Apache Tomcat/9.0.22]
2021-10-13 13:17:09.923 ws [main] INFO  o.a.c.c.C.[Tomcat].[localhost].[/] - Initializing Spring embedded WebApplicationContext
2021-10-13 13:17:09.925 ws [main] INFO  o.s.web.context.ContextLoader - Root WebApplicationContext: initialization completed in 8577 ms
2021-10-13 13:17:12.711 ws [main] INFO  o.s.b.a.e.web.EndpointLinksResolver - Exposing 2 endpoint(s) beneath base path '/actuator'
2021-10-13 13:17:12.942 ws [main] INFO  o.s.s.c.ThreadPoolTaskExecutor - Initializing ExecutorService 'taskExecutor'
2021-10-13 13:17:13.011 ws [main] INFO  s.d.s.w.PropertySourcedRequestMappingHandlerMapping - Mapped URL path [/v2/api-docs] onto method [springfox.documentation.swagger2.web.Swagger2Controller#getDocumentation(String, HttpServletRequest)]
2021-10-13 13:17:14.667 ws [main] INFO  org.quartz.impl.StdSchedulerFactory - Using default implementation for ThreadExecutor
2021-10-13 13:17:15.112 ws [main] INFO  o.quartz.core.SchedulerSignalerImpl - Initialized Scheduler Signaller of type: class org.quartz.core.SchedulerSignalerImpl
2021-10-13 13:17:15.113 ws [main] INFO  org.quartz.core.QuartzScheduler - Quartz Scheduler v.2.3.1 created.
2021-10-13 13:17:15.114 ws [main] INFO  org.quartz.simpl.RAMJobStore - RAMJobStore initialized.
2021-10-13 13:17:15.115 ws [main] INFO  org.quartz.core.QuartzScheduler - Scheduler meta-data: Quartz Scheduler (v2.3.1) 'quartzScheduler' with instanceId 'NON_CLUSTERED'
  Scheduler class: 'org.quartz.core.QuartzScheduler' - running locally.
  NOT STARTED.
  Currently in standby mode.
  Number of jobs executed: 0
  Using thread pool 'org.quartz.simpl.SimpleThreadPool' - with 10 threads.
  Using job-store 'org.quartz.simpl.RAMJobStore' - which does not support persistence. and is not clustered.

2021-10-13 13:17:15.115 ws [main] INFO  org.quartz.impl.StdSchedulerFactory - Quartz scheduler 'quartzScheduler' initialized from an externally provided properties instance.
2021-10-13 13:17:15.115 ws [main] INFO  org.quartz.impl.StdSchedulerFactory - Quartz scheduler version: 2.3.1
2021-10-13 13:17:15.115 ws [main] INFO  org.quartz.core.QuartzScheduler - JobFactory set to: org.springframework.scheduling.quartz.SpringBeanJobFactory@3d02ff64
2021-10-13 13:17:15.165 ws [main] INFO  o.s.s.c.ThreadPoolTaskScheduler - Initializing ExecutorService 'taskScheduler'
2021-10-13 13:17:15.346 ws [main] INFO  s.d.s.w.p.DocumentationPluginsBootstrapper - Context refreshed
2021-10-13 13:17:15.435 ws [main] INFO  s.d.s.w.p.DocumentationPluginsBootstrapper - Found 1 custom documentation plugin(s)
2021-10-13 13:17:15.533 ws [main] INFO  s.d.s.w.s.ApiListingReferenceScanner - Scanning for api listing references
2021-10-13 13:17:15.896 ws [main] INFO  s.d.s.w.r.o.CachingOperationNameGenerator - Generating unique operation named: exportUsingPOST_1
2021-10-13 13:17:15.911 ws [main] INFO  s.d.s.w.r.o.CachingOperationNameGenerator - Generating unique operation named: exportUsingPOST_2
2021-10-13 13:17:15.958 ws [main] INFO  s.d.s.w.r.o.CachingOperationNameGenerator - Generating unique operation named: addUnitUsingPOST_1
2021-10-13 13:17:15.986 ws [main] INFO  s.d.s.w.r.o.CachingOperationNameGenerator - Generating unique operation named: exportUsingPOST_3
2021-10-13 13:17:16.019 ws [main] INFO  s.d.s.w.r.o.CachingOperationNameGenerator - Generating unique operation named: exportUsingPOST_4
2021-10-13 13:17:16.088 ws [main] INFO  s.d.s.w.r.o.CachingOperationNameGenerator - Generating unique operation named: exportUsingPOST_5
2021-10-13 13:17:16.096 ws [main] INFO  s.d.s.w.r.o.CachingOperationNameGenerator - Generating unique operation named: exportUsingPOST_6
2021-10-13 13:17:16.137 ws [main] INFO  s.d.s.w.r.o.CachingOperationNameGenerator - Generating unique operation named: exportUsingPOST_7
2021-10-13 13:17:16.178 ws [main] INFO  s.d.s.w.r.o.CachingOperationNameGenerator - Generating unique operation named: exportUsingPOST_8
2021-10-13 13:17:16.225 ws [main] INFO  o.s.s.quartz.SchedulerFactoryBean - Starting Quartz Scheduler now
2021-10-13 13:17:16.225 ws [main] INFO  org.quartz.core.QuartzScheduler - Scheduler quartzScheduler_$_NON_CLUSTERED started.
2021-10-13 13:17:16.252 ws [main] INFO  o.a.coyote.http11.Http11NioProtocol - Starting ProtocolHandler ["http-nio-9527"]
2021-10-13 13:17:16.283 ws [scheduling-1] INFO  com.socen.ws.common.task.CacheTask - delete expired user
2021-10-13 13:17:16.307 ws [main] INFO  o.s.b.w.e.tomcat.TomcatWebServer - Tomcat started on port(s): 9527 (http) with context path ''
2021-10-13 13:17:16.310 ws [main] INFO  com.socen.ws.WsApplication - Started WsApplication in 17.557 seconds (JVM running for 19.044)
2021-10-13 13:17:16.327 ws [main] INFO  c.s.ws.common.runner.CacheInitRunner - Redis连接中 ······
2021-10-13 13:17:16.330 ws [main] INFO  c.s.ws.common.runner.CacheInitRunner - 缓存初始化 ······
2021-10-13 13:17:16.330 ws [main] INFO  c.s.ws.common.runner.CacheInitRunner - 缓存用户数据 ······
2021-10-13 13:17:16.588 ws [main] INFO  p6spy - 2021-10-13 13:17:16 | 耗时 26 ms | SQL 语句：
SELECT USER_ID,description,password,modify_time,office_id,ssex,mobile,avatar,last_login_time,company_id,create_time,status,username FROM t_user;
2021-10-13 13:17:16.647 ws [main] INFO  p6spy - 2021-10-13 13:17:16 | 耗时 34 ms | SQL 语句：
SELECT u.user_id userId, u.username, u.password, u.mobile, u.STATUS, u.create_time createTime, u.ssex, d.company_id companyId, d.company_name companyName, o.office_id officeId, o.office_name officeName, u.AVATAR, u.DESCRIPTION, u.LAST_LOGIN_TIME lastLoginTime, GROUP_CONCAT(r.role_id) roleId, GROUP_CONCAT(r.ROLE_NAME) roleName FROM t_user u LEFT JOIN t_company d ON (u.company_id = d.company_id) LEFT JOIN t_office o ON (u.office_id = o.office_id) LEFT JOIN t_user_role ur ON (u.user_id = ur.user_id) LEFT JOIN t_role r ON r.role_id = ur.role_id WHERE u.username = 'yzj_admin' group by u.username, u.user_id, u.password, u.mobile, u.STATUS, u.create_time, u.ssex, d.company_id, d.company_name, o.office_id, o.office_name, u.AVATAR, u.DESCRIPTION, u.LAST_LOGIN_TIME;
2021-10-13 13:17:16.766 ws [main] INFO  p6spy - 2021-10-13 13:17:16 | 耗时 2 ms | SQL 语句：
select r.* from t_role r left join t_user_role ur on (r.role_id = ur.role_id) left join t_user u on (u.user_id = ur.user_id) where u.username = 'yzj_admin';
2021-10-13 13:17:16.802 ws [main] INFO  p6spy - 2021-10-13 13:17:16 | 耗时 6 ms | SQL 语句：
select distinct m.perms from t_role r left join t_user_role ur on (r.role_id = ur.role_id) left join t_user u on (u.user_id = ur.user_id) left join t_role_menu rm on (rm.role_id = r.role_id) left join t_menu m on (m.menu_id = rm.menu_id) where u.username = 'yzj_admin' and m.perms is not null and m.perms <> '';
2021-10-13 13:17:16.874 ws [main] INFO  p6spy - 2021-10-13 13:17:16 | 耗时 9 ms | SQL 语句：
SELECT USER_ID,layout,color,multi_page,fix_siderbar,fix_header,theme FROM t_user_config WHERE USER_ID='18' ;
2021-10-13 13:17:16.882 ws [main] INFO  p6spy - 2021-10-13 13:17:16 | 耗时 2 ms | SQL 语句：
SELECT u.user_id userId, u.username, u.password, u.mobile, u.STATUS, u.create_time createTime, u.ssex, d.company_id companyId, d.company_name companyName, o.office_id officeId, o.office_name officeName, u.AVATAR, u.DESCRIPTION, u.LAST_LOGIN_TIME lastLoginTime, GROUP_CONCAT(r.role_id) roleId, GROUP_CONCAT(r.ROLE_NAME) roleName FROM t_user u LEFT JOIN t_company d ON (u.company_id = d.company_id) LEFT JOIN t_office o ON (u.office_id = o.office_id) LEFT JOIN t_user_role ur ON (u.user_id = ur.user_id) LEFT JOIN t_role r ON r.role_id = ur.role_id WHERE u.username = 'sbs_admin' group by u.username, u.user_id, u.password, u.mobile, u.STATUS, u.create_time, u.ssex, d.company_id, d.company_name, o.office_id, o.office_name, u.AVATAR, u.DESCRIPTION, u.LAST_LOGIN_TIME;
2021-10-13 13:17:16.887 ws [main] INFO  p6spy - 2021-10-13 13:17:16 | 耗时 1 ms | SQL 语句：
select r.* from t_role r left join t_user_role ur on (r.role_id = ur.role_id) left join t_user u on (u.user_id = ur.user_id) where u.username = 'sbs_admin';
2021-10-13 13:17:16.892 ws [main] INFO  p6spy - 2021-10-13 13:17:16 | 耗时 1 ms | SQL 语句：
select distinct m.perms from t_role r left join t_user_role ur on (r.role_id = ur.role_id) left join t_user u on (u.user_id = ur.user_id) left join t_role_menu rm on (rm.role_id = r.role_id) left join t_menu m on (m.menu_id = rm.menu_id) where u.username = 'sbs_admin' and m.perms is not null and m.perms <> '';
2021-10-13 13:17:16.903 ws [main] INFO  p6spy - 2021-10-13 13:17:16 | 耗时 0 ms | SQL 语句：
SELECT USER_ID,layout,color,multi_page,fix_siderbar,fix_header,theme FROM t_user_config WHERE USER_ID='19' ;
2021-10-13 13:17:16.911 ws [main] INFO  p6spy - 2021-10-13 13:17:16 | 耗时 3 ms | SQL 语句：
SELECT u.user_id userId, u.username, u.password, u.mobile, u.STATUS, u.create_time createTime, u.ssex, d.company_id companyId, d.company_name companyName, o.office_id officeId, o.office_name officeName, u.AVATAR, u.DESCRIPTION, u.LAST_LOGIN_TIME lastLoginTime, GROUP_CONCAT(r.role_id) roleId, GROUP_CONCAT(r.ROLE_NAME) roleName FROM t_user u LEFT JOIN t_company d ON (u.company_id = d.company_id) LEFT JOIN t_office o ON (u.office_id = o.office_id) LEFT JOIN t_user_role ur ON (u.user_id = ur.user_id) LEFT JOIN t_role r ON r.role_id = ur.role_id WHERE u.username = 'zb_admin' group by u.username, u.user_id, u.password, u.mobile, u.STATUS, u.create_time, u.ssex, d.company_id, d.company_name, o.office_id, o.office_name, u.AVATAR, u.DESCRIPTION, u.LAST_LOGIN_TIME;
2021-10-13 13:17:16.918 ws [main] INFO  p6spy - 2021-10-13 13:17:16 | 耗时 1 ms | SQL 语句：
select r.* from t_role r left join t_user_role ur on (r.role_id = ur.role_id) left join t_user u on (u.user_id = ur.user_id) where u.username = 'zb_admin';
2021-10-13 13:17:16.924 ws [main] INFO  p6spy - 2021-10-13 13:17:16 | 耗时 1 ms | SQL 语句：
select distinct m.perms from t_role r left join t_user_role ur on (r.role_id = ur.role_id) left join t_user u on (u.user_id = ur.user_id) left join t_role_menu rm on (rm.role_id = r.role_id) left join t_menu m on (m.menu_id = rm.menu_id) where u.username = 'zb_admin' and m.perms is not null and m.perms <> '';
2021-10-13 13:17:16.932 ws [main] INFO  p6spy - 2021-10-13 13:17:16 | 耗时 0 ms | SQL 语句：
SELECT USER_ID,layout,color,multi_page,fix_siderbar,fix_header,theme FROM t_user_config WHERE USER_ID='20' ;
2021-10-13 13:17:16.939 ws [main] INFO  p6spy - 2021-10-13 13:17:16 | 耗时 3 ms | SQL 语句：
SELECT u.user_id userId, u.username, u.password, u.mobile, u.STATUS, u.create_time createTime, u.ssex, d.company_id companyId, d.company_name companyName, o.office_id officeId, o.office_name officeName, u.AVATAR, u.DESCRIPTION, u.LAST_LOGIN_TIME lastLoginTime, GROUP_CONCAT(r.role_id) roleId, GROUP_CONCAT(r.ROLE_NAME) roleName FROM t_user u LEFT JOIN t_company d ON (u.company_id = d.company_id) LEFT JOIN t_office o ON (u.office_id = o.office_id) LEFT JOIN t_user_role ur ON (u.user_id = ur.user_id) LEFT JOIN t_role r ON r.role_id = ur.role_id WHERE u.username = 'xrj_admin' group by u.username, u.user_id, u.password, u.mobile, u.STATUS, u.create_time, u.ssex, d.company_id, d.company_name, o.office_id, o.office_name, u.AVATAR, u.DESCRIPTION, u.LAST_LOGIN_TIME;
2021-10-13 13:17:16.944 ws [main] INFO  p6spy - 2021-10-13 13:17:16 | 耗时 1 ms | SQL 语句：
select r.* from t_role r left join t_user_role ur on (r.role_id = ur.role_id) left join t_user u on (u.user_id = ur.user_id) where u.username = 'xrj_admin';
2021-10-13 13:17:16.952 ws [main] INFO  p6spy - 2021-10-13 13:17:16 | 耗时 1 ms | SQL 语句：
select distinct m.perms from t_role r left join t_user_role ur on (r.role_id = ur.role_id) left join t_user u on (u.user_id = ur.user_id) left join t_role_menu rm on (rm.role_id = r.role_id) left join t_menu m on (m.menu_id = rm.menu_id) where u.username = 'xrj_admin' and m.perms is not null and m.perms <> '';
2021-10-13 13:17:16.960 ws [main] INFO  p6spy - 2021-10-13 13:17:16 | 耗时 0 ms | SQL 语句：
SELECT USER_ID,layout,color,multi_page,fix_siderbar,fix_header,theme FROM t_user_config WHERE USER_ID='21' ;
2021-10-13 13:17:16.967 ws [main] INFO  p6spy - 2021-10-13 13:17:16 | 耗时 3 ms | SQL 语句：
SELECT u.user_id userId, u.username, u.password, u.mobile, u.STATUS, u.create_time createTime, u.ssex, d.company_id companyId, d.company_name companyName, o.office_id officeId, o.office_name officeName, u.AVATAR, u.DESCRIPTION, u.LAST_LOGIN_TIME lastLoginTime, GROUP_CONCAT(r.role_id) roleId, GROUP_CONCAT(r.ROLE_NAME) roleName FROM t_user u LEFT JOIN t_company d ON (u.company_id = d.company_id) LEFT JOIN t_office o ON (u.office_id = o.office_id) LEFT JOIN t_user_role ur ON (u.user_id = ur.user_id) LEFT JOIN t_role r ON r.role_id = ur.role_id WHERE u.username = 'zcy_admin' group by u.username, u.user_id, u.password, u.mobile, u.STATUS, u.create_time, u.ssex, d.company_id, d.company_name, o.office_id, o.office_name, u.AVATAR, u.DESCRIPTION, u.LAST_LOGIN_TIME;
2021-10-13 13:17:16.972 ws [main] INFO  p6spy - 2021-10-13 13:17:16 | 耗时 0 ms | SQL 语句：
select r.* from t_role r left join t_user_role ur on (r.role_id = ur.role_id) left join t_user u on (u.user_id = ur.user_id) where u.username = 'zcy_admin';
2021-10-13 13:17:16.978 ws [main] INFO  p6spy - 2021-10-13 13:17:16 | 耗时 3 ms | SQL 语句：
select distinct m.perms from t_role r left join t_user_role ur on (r.role_id = ur.role_id) left join t_user u on (u.user_id = ur.user_id) left join t_role_menu rm on (rm.role_id = r.role_id) left join t_menu m on (m.menu_id = rm.menu_id) where u.username = 'zcy_admin' and m.perms is not null and m.perms <> '';
2021-10-13 13:17:16.987 ws [main] INFO  p6spy - 2021-10-13 13:17:16 | 耗时 0 ms | SQL 语句：
SELECT USER_ID,layout,color,multi_page,fix_siderbar,fix_header,theme FROM t_user_config WHERE USER_ID='22' ;
2021-10-13 13:17:16.994 ws [main] INFO  p6spy - 2021-10-13 13:17:16 | 耗时 2 ms | SQL 语句：
SELECT u.user_id userId, u.username, u.password, u.mobile, u.STATUS, u.create_time createTime, u.ssex, d.company_id companyId, d.company_name companyName, o.office_id officeId, o.office_name officeName, u.AVATAR, u.DESCRIPTION, u.LAST_LOGIN_TIME lastLoginTime, GROUP_CONCAT(r.role_id) roleId, GROUP_CONCAT(r.ROLE_NAME) roleName FROM t_user u LEFT JOIN t_company d ON (u.company_id = d.company_id) LEFT JOIN t_office o ON (u.office_id = o.office_id) LEFT JOIN t_user_role ur ON (u.user_id = ur.user_id) LEFT JOIN t_role r ON r.role_id = ur.role_id WHERE u.username = 'qjm_admin' group by u.username, u.user_id, u.password, u.mobile, u.STATUS, u.create_time, u.ssex, d.company_id, d.company_name, o.office_id, o.office_name, u.AVATAR, u.DESCRIPTION, u.LAST_LOGIN_TIME;
2021-10-13 13:17:16.999 ws [main] INFO  p6spy - 2021-10-13 13:17:16 | 耗时 0 ms | SQL 语句：
select r.* from t_role r left join t_user_role ur on (r.role_id = ur.role_id) left join t_user u on (u.user_id = ur.user_id) where u.username = 'qjm_admin';
2021-10-13 13:17:17.002 ws [main] INFO  p6spy - 2021-10-13 13:17:17 | 耗时 1 ms | SQL 语句：
select distinct m.perms from t_role r left join t_user_role ur on (r.role_id = ur.role_id) left join t_user u on (u.user_id = ur.user_id) left join t_role_menu rm on (rm.role_id = r.role_id) left join t_menu m on (m.menu_id = rm.menu_id) where u.username = 'qjm_admin' and m.perms is not null and m.perms <> '';
2021-10-13 13:17:17.010 ws [main] INFO  p6spy - 2021-10-13 13:17:17 | 耗时 0 ms | SQL 语句：
SELECT USER_ID,layout,color,multi_page,fix_siderbar,fix_header,theme FROM t_user_config WHERE USER_ID='23' ;
2021-10-13 13:17:17.017 ws [main] INFO  p6spy - 2021-10-13 13:17:17 | 耗时 3 ms | SQL 语句：
SELECT u.user_id userId, u.username, u.password, u.mobile, u.STATUS, u.create_time createTime, u.ssex, d.company_id companyId, d.company_name companyName, o.office_id officeId, o.office_name officeName, u.AVATAR, u.DESCRIPTION, u.LAST_LOGIN_TIME lastLoginTime, GROUP_CONCAT(r.role_id) roleId, GROUP_CONCAT(r.ROLE_NAME) roleName FROM t_user u LEFT JOIN t_company d ON (u.company_id = d.company_id) LEFT JOIN t_office o ON (u.office_id = o.office_id) LEFT JOIN t_user_role ur ON (u.user_id = ur.user_id) LEFT JOIN t_role r ON r.role_id = ur.role_id WHERE u.username = 'user' group by u.username, u.user_id, u.password, u.mobile, u.STATUS, u.create_time, u.ssex, d.company_id, d.company_name, o.office_id, o.office_name, u.AVATAR, u.DESCRIPTION, u.LAST_LOGIN_TIME;
2021-10-13 13:17:17.022 ws [main] INFO  p6spy - 2021-10-13 13:17:17 | 耗时 1 ms | SQL 语句：
select r.* from t_role r left join t_user_role ur on (r.role_id = ur.role_id) left join t_user u on (u.user_id = ur.user_id) where u.username = 'user';
2021-10-13 13:17:17.032 ws [main] INFO  p6spy - 2021-10-13 13:17:17 | 耗时 2 ms | SQL 语句：
select distinct m.perms from t_role r left join t_user_role ur on (r.role_id = ur.role_id) left join t_user u on (u.user_id = ur.user_id) left join t_role_menu rm on (rm.role_id = r.role_id) left join t_menu m on (m.menu_id = rm.menu_id) where u.username = 'user' and m.perms is not null and m.perms <> '';
2021-10-13 13:17:17.039 ws [main] INFO  p6spy - 2021-10-13 13:17:17 | 耗时 0 ms | SQL 语句：
SELECT USER_ID,layout,color,multi_page,fix_siderbar,fix_header,theme FROM t_user_config WHERE USER_ID='24' ;
2021-10-13 13:17:17.048 ws [main] INFO  p6spy - 2021-10-13 13:17:17 | 耗时 3 ms | SQL 语句：
SELECT u.user_id userId, u.username, u.password, u.mobile, u.STATUS, u.create_time createTime, u.ssex, d.company_id companyId, d.company_name companyName, o.office_id officeId, o.office_name officeName, u.AVATAR, u.DESCRIPTION, u.LAST_LOGIN_TIME lastLoginTime, GROUP_CONCAT(r.role_id) roleId, GROUP_CONCAT(r.ROLE_NAME) roleName FROM t_user u LEFT JOIN t_company d ON (u.company_id = d.company_id) LEFT JOIN t_office o ON (u.office_id = o.office_id) LEFT JOIN t_user_role ur ON (u.user_id = ur.user_id) LEFT JOIN t_role r ON r.role_id = ur.role_id WHERE u.username = 'bizAdmin' group by u.username, u.user_id, u.password, u.mobile, u.STATUS, u.create_time, u.ssex, d.company_id, d.company_name, o.office_id, o.office_name, u.AVATAR, u.DESCRIPTION, u.LAST_LOGIN_TIME;
2021-10-13 13:17:17.057 ws [main] INFO  p6spy - 2021-10-13 13:17:17 | 耗时 1 ms | SQL 语句：
select r.* from t_role r left join t_user_role ur on (r.role_id = ur.role_id) left join t_user u on (u.user_id = ur.user_id) where u.username = 'bizAdmin';
2021-10-13 13:17:17.065 ws [main] INFO  p6spy - 2021-10-13 13:17:17 | 耗时 2 ms | SQL 语句：
select distinct m.perms from t_role r left join t_user_role ur on (r.role_id = ur.role_id) left join t_user u on (u.user_id = ur.user_id) left join t_role_menu rm on (rm.role_id = r.role_id) left join t_menu m on (m.menu_id = rm.menu_id) where u.username = 'bizAdmin' and m.perms is not null and m.perms <> '';
2021-10-13 13:17:17.076 ws [main] INFO  p6spy - 2021-10-13 13:17:17 | 耗时 0 ms | SQL 语句：
SELECT USER_ID,layout,color,multi_page,fix_siderbar,fix_header,theme FROM t_user_config WHERE USER_ID='25' ;
2021-10-13 13:17:17.084 ws [main] INFO  p6spy - 2021-10-13 13:17:17 | 耗时 1 ms | SQL 语句：
SELECT u.user_id userId, u.username, u.password, u.mobile, u.STATUS, u.create_time createTime, u.ssex, d.company_id companyId, d.company_name companyName, o.office_id officeId, o.office_name officeName, u.AVATAR, u.DESCRIPTION, u.LAST_LOGIN_TIME lastLoginTime, GROUP_CONCAT(r.role_id) roleId, GROUP_CONCAT(r.ROLE_NAME) roleName FROM t_user u LEFT JOIN t_company d ON (u.company_id = d.company_id) LEFT JOIN t_office o ON (u.office_id = o.office_id) LEFT JOIN t_user_role ur ON (u.user_id = ur.user_id) LEFT JOIN t_role r ON r.role_id = ur.role_id WHERE u.username = 'entTester' group by u.username, u.user_id, u.password, u.mobile, u.STATUS, u.create_time, u.ssex, d.company_id, d.company_name, o.office_id, o.office_name, u.AVATAR, u.DESCRIPTION, u.LAST_LOGIN_TIME;
2021-10-13 13:17:17.092 ws [main] INFO  p6spy - 2021-10-13 13:17:17 | 耗时 0 ms | SQL 语句：
select r.* from t_role r left join t_user_role ur on (r.role_id = ur.role_id) left join t_user u on (u.user_id = ur.user_id) where u.username = 'entTester';
2021-10-13 13:17:17.101 ws [main] INFO  p6spy - 2021-10-13 13:17:17 | 耗时 1 ms | SQL 语句：
select distinct m.perms from t_role r left join t_user_role ur on (r.role_id = ur.role_id) left join t_user u on (u.user_id = ur.user_id) left join t_role_menu rm on (rm.role_id = r.role_id) left join t_menu m on (m.menu_id = rm.menu_id) where u.username = 'entTester' and m.perms is not null and m.perms <> '';
2021-10-13 13:17:17.110 ws [main] INFO  p6spy - 2021-10-13 13:17:17 | 耗时 1 ms | SQL 语句：
SELECT USER_ID,layout,color,multi_page,fix_siderbar,fix_header,theme FROM t_user_config WHERE USER_ID='26' ;
2021-10-13 13:17:17.119 ws [main] INFO  p6spy - 2021-10-13 13:17:17 | 耗时 2 ms | SQL 语句：
SELECT u.user_id userId, u.username, u.password, u.mobile, u.STATUS, u.create_time createTime, u.ssex, d.company_id companyId, d.company_name companyName, o.office_id officeId, o.office_name officeName, u.AVATAR, u.DESCRIPTION, u.LAST_LOGIN_TIME lastLoginTime, GROUP_CONCAT(r.role_id) roleId, GROUP_CONCAT(r.ROLE_NAME) roleName FROM t_user u LEFT JOIN t_company d ON (u.company_id = d.company_id) LEFT JOIN t_office o ON (u.office_id = o.office_id) LEFT JOIN t_user_role ur ON (u.user_id = ur.user_id) LEFT JOIN t_role r ON r.role_id = ur.role_id WHERE u.username = 'govTester' group by u.username, u.user_id, u.password, u.mobile, u.STATUS, u.create_time, u.ssex, d.company_id, d.company_name, o.office_id, o.office_name, u.AVATAR, u.DESCRIPTION, u.LAST_LOGIN_TIME;
2021-10-13 13:17:17.128 ws [main] INFO  p6spy - 2021-10-13 13:17:17 | 耗时 0 ms | SQL 语句：
select r.* from t_role r left join t_user_role ur on (r.role_id = ur.role_id) left join t_user u on (u.user_id = ur.user_id) where u.username = 'govTester';
2021-10-13 13:17:17.134 ws [main] INFO  p6spy - 2021-10-13 13:17:17 | 耗时 1 ms | SQL 语句：
select distinct m.perms from t_role r left join t_user_role ur on (r.role_id = ur.role_id) left join t_user u on (u.user_id = ur.user_id) left join t_role_menu rm on (rm.role_id = r.role_id) left join t_menu m on (m.menu_id = rm.menu_id) where u.username = 'govTester' and m.perms is not null and m.perms <> '';
2021-10-13 13:17:17.138 ws [main] INFO  p6spy - 2021-10-13 13:17:17 | 耗时 0 ms | SQL 语句：
SELECT USER_ID,layout,color,multi_page,fix_siderbar,fix_header,theme FROM t_user_config WHERE USER_ID='27' ;
2021-10-13 13:17:17.140 ws [main] INFO  c.s.ws.common.runner.StartedUpRunner -  __    ___   _      ___   _     ____ _____  ____ 
2021-10-13 13:17:17.141 ws [main] INFO  c.s.ws.common.runner.StartedUpRunner - / /`  / / \ | |\/| | |_) | |   | |_   | |  | |_  
2021-10-13 13:17:17.141 ws [main] INFO  c.s.ws.common.runner.StartedUpRunner - \_\_, \_\_/ |_|  | |_|   |_|__ |_|__  |_|  |_|__ 
2021-10-13 13:17:17.141 ws [main] INFO  c.s.ws.common.runner.StartedUpRunner -                                                       
2021-10-13 13:17:17.141 ws [main] INFO  c.s.ws.common.runner.StartedUpRunner - WS 启动完毕，时间：2021-10-13T13:17:17.141
2021-10-13 13:17:17.756 ws [RMI TCP Connection(9)-127.0.0.1] INFO  o.a.c.c.C.[Tomcat].[localhost].[/] - Initializing Spring DispatcherServlet 'dispatcherServlet'
2021-10-13 13:17:17.756 ws [RMI TCP Connection(9)-127.0.0.1] INFO  o.s.web.servlet.DispatcherServlet - Initializing Servlet 'dispatcherServlet'
2021-10-13 13:17:17.756 ws [RMI TCP Connection(8)-127.0.0.1] INFO  p6spy - 2021-10-13 13:17:17 | 耗时 0 ms | SQL 语句：
select 1;
2021-10-13 13:17:17.784 ws [RMI TCP Connection(9)-127.0.0.1] INFO  o.s.web.servlet.DispatcherServlet - Completed initialization in 28 ms
2021-10-13 13:17:26.653 ws [http-nio-9527-exec-2] INFO  c.socen.ws.common.aspect.LimitAspect - IP:127.0.0.1 第 1 次访问key为 [limit_login127.0.0.1]，描述为 [登录接口] 的接口
2021-10-13 13:17:26.878 ws [http-nio-9527-exec-2] INFO  p6spy - 2021-10-13 13:17:26 | 耗时 16 ms | SQL 语句：
UPDATE t_user SET last_login_time='2021-10-13T13:17:26.832+0800' WHERE (username = 'yzj_admin');
2021-10-13 13:17:26.882 ws [http-nio-9527-exec-2] INFO  p6spy - 2021-10-13 13:17:26 | 耗时 2 ms | SQL 语句：
SELECT u.user_id userId, u.username, u.password, u.mobile, u.STATUS, u.create_time createTime, u.ssex, d.company_id companyId, d.company_name companyName, o.office_id officeId, o.office_name officeName, u.AVATAR, u.DESCRIPTION, u.LAST_LOGIN_TIME lastLoginTime, GROUP_CONCAT(r.role_id) roleId, GROUP_CONCAT(r.ROLE_NAME) roleName FROM t_user u LEFT JOIN t_company d ON (u.company_id = d.company_id) LEFT JOIN t_office o ON (u.office_id = o.office_id) LEFT JOIN t_user_role ur ON (u.user_id = ur.user_id) LEFT JOIN t_role r ON r.role_id = ur.role_id WHERE u.username = 'yzj_admin' group by u.username, u.user_id, u.password, u.mobile, u.STATUS, u.create_time, u.ssex, d.company_id, d.company_name, o.office_id, o.office_name, u.AVATAR, u.DESCRIPTION, u.LAST_LOGIN_TIME;
2021-10-13 13:17:26.897 ws [http-nio-9527-exec-2] INFO  p6spy - 
2021-10-13 13:17:26.926 ws [http-nio-9527-exec-2] INFO  p6spy - 2021-10-13 13:17:26 | 耗时 8 ms | SQL 语句：
INSERT INTO t_login_log ( login_time, ip, location, username ) VALUES ( '2021-10-13T13:17:26.904+0800', '127.0.0.1', '内网IP|0|0|内网IP|内网IP', 'yzj_admin' );
2021-10-13 13:17:26.928 ws [http-nio-9527-exec-2] INFO  p6spy - 
2021-10-13 13:17:27.131 ws [http-nio-9527-exec-4] INFO  c.s.ws.common.authentication.JWTUtil - token is valid
2021-10-13 13:17:27.194 ws [http-nio-9527-exec-4] INFO  p6spy - 2021-10-13 13:17:27 | 耗时 8 ms | SQL 语句：
select m.* from t_menu m where m.type <> 1 and m.MENU_ID in (select distinct rm.menu_id from t_role_menu rm left join t_role r on (rm.role_id = r.role_id) left join t_user_role ur on (ur.role_id = r.role_id) left join t_user u on (u.user_id = ur.user_id) where u.username = 'yzj_admin') order by m.order_num;
2021-10-13 13:17:27.620 ws [http-nio-9527-exec-6] INFO  c.s.ws.common.authentication.JWTUtil - token is valid
2021-10-13 13:17:27.660 ws [http-nio-9527-exec-6] INFO  p6spy - 2021-10-13 13:17:27 | 耗时 6 ms | SQL 语句：
SELECT z.* FROM t_zone z LEFT JOIN t_office_zone oz ON (z.zone_id = oz.zone_id) LEFT JOIN t_user u ON (u.office_id = oz.OFFICE_ID) WHERE u.`USERNAME` = 'yzj_admin';
2021-10-13 13:17:27.677 ws [http-nio-9527-exec-6] INFO  p6spy - 2021-10-13 13:17:27 | 耗时 0 ms | SQL 语句：
SELECT c.* FROM t_company c WHERE c.zone_id = '1';
2021-10-13 13:17:27.680 ws [http-nio-9527-exec-6] INFO  p6spy - 2021-10-13 13:17:27 | 耗时 0 ms | SQL 语句：
SELECT c.* FROM t_company c WHERE c.zone_id = '2';
2021-10-13 13:17:27.683 ws [http-nio-9527-exec-6] INFO  p6spy - 2021-10-13 13:17:27 | 耗时 0 ms | SQL 语句：
SELECT c.* FROM t_company c WHERE c.zone_id = '3';
2021-10-13 13:17:27.686 ws [http-nio-9527-exec-6] INFO  p6spy - 2021-10-13 13:17:27 | 耗时 0 ms | SQL 语句：
SELECT c.* FROM t_company c WHERE c.zone_id = '4';
2021-10-13 13:17:27.689 ws [http-nio-9527-exec-6] INFO  p6spy - 2021-10-13 13:17:27 | 耗时 0 ms | SQL 语句：
SELECT c.* FROM t_company c WHERE c.zone_id = '5';
2021-10-13 13:17:27.721 ws [asyncTaskExecutor-1] INFO  p6spy - 2021-10-13 13:17:27 | 耗时 7 ms | SQL 语句：
INSERT INTO t_log ( method, create_time, ip, location, time, params, operation, username ) VALUES ( 'com.socen.ws.gen.controller.ZoneController.getZoneCompanyByUsername()', '2021-10-13T13:17:27.709+0800', '127.0.0.1', '内网IP|0|0|内网IP|内网IP', 66, ' username: "yzj_admin"', '导出', 'yzj_admin' );
2021-10-13 13:17:27.727 ws [asyncTaskExecutor-1] INFO  p6spy - 
2021-10-13 13:18:56.697 ws [http-nio-9527-exec-9] INFO  c.s.ws.common.authentication.JWTUtil - token is valid
2021-10-13 13:18:56.705 ws [http-nio-9527-exec-9] INFO  p6spy - 2021-10-13 13:18:56 | 耗时 1 ms | SQL 语句：
SELECT z.* FROM t_zone z LEFT JOIN t_office_zone oz ON (z.zone_id = oz.zone_id) LEFT JOIN t_user u ON (u.office_id = oz.OFFICE_ID) WHERE u.`USERNAME` = 'yzj_admin';
2021-10-13 13:18:56.710 ws [http-nio-9527-exec-9] INFO  p6spy - 2021-10-13 13:18:56 | 耗时 1 ms | SQL 语句：
SELECT c.* FROM t_company c WHERE c.zone_id = '1';
2021-10-13 13:18:56.717 ws [http-nio-9527-exec-9] INFO  p6spy - 2021-10-13 13:18:56 | 耗时 1 ms | SQL 语句：
SELECT c.* FROM t_company c WHERE c.zone_id = '2';
2021-10-13 13:18:56.720 ws [http-nio-9527-exec-9] INFO  p6spy - 2021-10-13 13:18:56 | 耗时 0 ms | SQL 语句：
SELECT c.* FROM t_company c WHERE c.zone_id = '3';
2021-10-13 13:18:56.723 ws [http-nio-9527-exec-9] INFO  p6spy - 2021-10-13 13:18:56 | 耗时 0 ms | SQL 语句：
SELECT c.* FROM t_company c WHERE c.zone_id = '4';
2021-10-13 13:18:56.731 ws [http-nio-9527-exec-9] INFO  p6spy - 2021-10-13 13:18:56 | 耗时 0 ms | SQL 语句：
SELECT c.* FROM t_company c WHERE c.zone_id = '5';
2021-10-13 13:18:56.751 ws [asyncTaskExecutor-2] INFO  p6spy - 2021-10-13 13:18:56 | 耗时 6 ms | SQL 语句：
INSERT INTO t_log ( method, create_time, ip, location, time, params, operation, username ) VALUES ( 'com.socen.ws.gen.controller.ZoneController.getZoneCompanyByUsername()', '2021-10-13T13:18:56.737+0800', '127.0.0.1', '内网IP|0|0|内网IP|内网IP', 32, ' username: "yzj_admin"', '导出', 'yzj_admin' );
2021-10-13 13:18:56.754 ws [asyncTaskExecutor-2] INFO  p6spy - 
2021-10-13 13:22:37.470 ws [Thread-32] INFO  org.quartz.core.QuartzScheduler - Scheduler quartzScheduler_$_NON_CLUSTERED paused.
2021-10-13 13:22:37.476 ws [Thread-32] INFO  o.s.s.c.ThreadPoolTaskScheduler - Shutting down ExecutorService 'taskScheduler'
2021-10-13 13:22:37.478 ws [Thread-32] INFO  o.s.s.quartz.SchedulerFactoryBean - Shutting down Quartz Scheduler
2021-10-13 13:22:37.478 ws [Thread-32] INFO  org.quartz.core.QuartzScheduler - Scheduler quartzScheduler_$_NON_CLUSTERED shutting down.
2021-10-13 13:22:37.478 ws [Thread-32] INFO  org.quartz.core.QuartzScheduler - Scheduler quartzScheduler_$_NON_CLUSTERED paused.
2021-10-13 13:22:37.479 ws [Thread-32] INFO  org.quartz.core.QuartzScheduler - Scheduler quartzScheduler_$_NON_CLUSTERED shutdown complete.
2021-10-13 13:22:37.501 ws [Thread-32] INFO  o.s.s.c.ThreadPoolTaskExecutor - Shutting down ExecutorService 'taskExecutor'
2021-10-13 13:22:37.514 ws [Thread-32] INFO  c.b.d.d.DynamicRoutingDataSource - dynamic-datasource start closing ....
2021-10-13 13:22:37.516 ws [Thread-32] INFO  com.zaxxer.hikari.HikariDataSource - primary - Shutdown initiated...
2021-10-13 13:22:37.530 ws [Thread-32] INFO  com.zaxxer.hikari.HikariDataSource - primary - Shutdown completed.
2021-10-13 13:22:37.530 ws [Thread-32] INFO  c.b.d.d.DynamicRoutingDataSource - dynamic-datasource all closed success,bye
