2021-09-30 10:07:31.417 ws [main] INFO  com.gzy.ws.WsApplication - Starting WsApplication on Socen-MacBook-Air-2.local with PID 43956 (/Users/DJAHa/Desktop/WarningSystem-master/backend/target/classes started by DJAHa in /Users/DJAHa/Desktop/WarningSystem-master/backend)
2021-09-30 10:07:31.424 ws [main] INFO  com.gzy.ws.WsApplication - No active profile set, falling back to default profiles: default
2021-09-30 10:07:34.429 ws [main] INFO  o.s.d.r.c.RepositoryConfigurationDelegate - Multiple Spring Data modules found, entering strict repository configuration mode!
2021-09-30 10:07:34.432 ws [main] INFO  o.s.d.r.c.RepositoryConfigurationDelegate - Bootstrapping Spring Data repositories in DEFAULT mode.
2021-09-30 10:07:34.482 ws [main] INFO  o.s.d.r.c.RepositoryConfigurationDelegate - Finished Spring Data repository scanning in 38ms. Found 0 repository interfaces.
2021-09-30 10:07:34.913 ws [main] INFO  o.s.c.s.PostProcessorRegistrationDelegate$BeanPostProcessorChecker - Bean 'asyncExecutorPoolConfig' of type [com.gzy.ws.common.config.AsyncExecutorPoolConfig$$EnhancerBySpringCGLIB$$749aa067] is not eligible for getting processed by all BeanPostProcessors (for example: not eligible for auto-proxying)
2021-09-30 10:07:35.142 ws [main] INFO  o.s.c.s.PostProcessorRegistrationDelegate$BeanPostProcessorChecker - Bean 'spring.datasource.dynamic-com.baomidou.dynamic.datasource.spring.boot.autoconfigure.DynamicDataSourceProperties' of type [com.baomidou.dynamic.datasource.spring.boot.autoconfigure.DynamicDataSourceProperties] is not eligible for getting processed by all BeanPostProcessors (for example: not eligible for auto-proxying)
2021-09-30 10:07:35.294 ws [main] INFO  o.s.c.s.PostProcessorRegistrationDelegate$BeanPostProcessorChecker - Bean 'com.baomidou.dynamic.datasource.spring.boot.autoconfigure.DynamicDataSourceAutoConfiguration' of type [com.baomidou.dynamic.datasource.spring.boot.autoconfigure.DynamicDataSourceAutoConfiguration$$EnhancerBySpringCGLIB$$be665e4c] is not eligible for getting processed by all BeanPostProcessors (for example: not eligible for auto-proxying)
2021-09-30 10:07:35.304 ws [main] INFO  o.s.c.s.PostProcessorRegistrationDelegate$BeanPostProcessorChecker - Bean 'dsProcessor' of type [com.baomidou.dynamic.datasource.processor.DsHeaderProcessor] is not eligible for getting processed by all BeanPostProcessors (for example: not eligible for auto-proxying)
2021-09-30 10:07:35.309 ws [main] INFO  o.s.c.s.PostProcessorRegistrationDelegate$BeanPostProcessorChecker - Bean 'dynamicDatasourceAnnotationAdvisor' of type [com.baomidou.dynamic.datasource.aop.DynamicDataSourceAnnotationAdvisor] is not eligible for getting processed by all BeanPostProcessors (for example: not eligible for auto-proxying)
2021-09-30 10:07:35.320 ws [main] INFO  o.s.c.s.PostProcessorRegistrationDelegate$BeanPostProcessorChecker - Bean 'org.springframework.transaction.annotation.ProxyTransactionManagementConfiguration' of type [org.springframework.transaction.annotation.ProxyTransactionManagementConfiguration$$EnhancerBySpringCGLIB$$54d7ed7b] is not eligible for getting processed by all BeanPostProcessors (for example: not eligible for auto-proxying)
2021-09-30 10:07:35.340 ws [main] INFO  o.s.c.s.PostProcessorRegistrationDelegate$BeanPostProcessorChecker - Bean 'shiroConfig' of type [com.gzy.ws.common.authentication.ShiroConfig$$EnhancerBySpringCGLIB$$4c0e3463] is not eligible for getting processed by all BeanPostProcessors (for example: not eligible for auto-proxying)
2021-09-30 10:07:35.760 ws [main] INFO  o.s.c.s.PostProcessorRegistrationDelegate$BeanPostProcessorChecker - Bean 'redisConfig' of type [com.gzy.ws.common.config.RedisConfig$$EnhancerBySpringCGLIB$$c02f9ab7] is not eligible for getting processed by all BeanPostProcessors (for example: not eligible for auto-proxying)
2021-09-30 10:07:35.787 ws [main] INFO  o.s.c.s.PostProcessorRegistrationDelegate$BeanPostProcessorChecker - Bean 'redisPoolFactory' of type [redis.clients.jedis.JedisPool] is not eligible for getting processed by all BeanPostProcessors (for example: not eligible for auto-proxying)
2021-09-30 10:07:35.795 ws [main] INFO  o.s.c.s.PostProcessorRegistrationDelegate$BeanPostProcessorChecker - Bean 'redisService' of type [com.gzy.ws.common.service.impl.RedisServiceImpl] is not eligible for getting processed by all BeanPostProcessors (for example: not eligible for auto-proxying)
2021-09-30 10:07:35.876 ws [main] INFO  o.s.c.s.PostProcessorRegistrationDelegate$BeanPostProcessorChecker - Bean 'mybatis-plus-com.baomidou.mybatisplus.autoconfigure.MybatisPlusProperties' of type [com.baomidou.mybatisplus.autoconfigure.MybatisPlusProperties] is not eligible for getting processed by all BeanPostProcessors (for example: not eligible for auto-proxying)
2021-09-30 10:07:35.888 ws [main] INFO  o.s.c.s.PostProcessorRegistrationDelegate$BeanPostProcessorChecker - Bean 'mybatisPlusConfig' of type [com.gzy.ws.common.config.MybatisPlusConfig$$EnhancerBySpringCGLIB$$d13d289] is not eligible for getting processed by all BeanPostProcessors (for example: not eligible for auto-proxying)
2021-09-30 10:07:35.893 ws [main] INFO  o.s.c.s.PostProcessorRegistrationDelegate$BeanPostProcessorChecker - Bean 'paginationInterceptor' of type [com.baomidou.mybatisplus.extension.plugins.PaginationInterceptor] is not eligible for getting processed by all BeanPostProcessors (for example: not eligible for auto-proxying)
2021-09-30 10:07:35.916 ws [main] INFO  o.s.c.s.PostProcessorRegistrationDelegate$BeanPostProcessorChecker - Bean 'com.baomidou.mybatisplus.autoconfigure.MybatisPlusAutoConfiguration' of type [com.baomidou.mybatisplus.autoconfigure.MybatisPlusAutoConfiguration$$EnhancerBySpringCGLIB$$92a05a15] is not eligible for getting processed by all BeanPostProcessors (for example: not eligible for auto-proxying)
2021-09-30 10:07:35.932 ws [main] INFO  o.s.c.s.PostProcessorRegistrationDelegate$BeanPostProcessorChecker - Bean 'dynamicDataSourceCreator' of type [com.baomidou.dynamic.datasource.DynamicDataSourceCreator] is not eligible for getting processed by all BeanPostProcessors (for example: not eligible for auto-proxying)
2021-09-30 10:07:35.934 ws [main] INFO  o.s.c.s.PostProcessorRegistrationDelegate$BeanPostProcessorChecker - Bean 'dynamicDataSourceProvider' of type [com.baomidou.dynamic.datasource.provider.YmlDynamicDataSourceProvider] is not eligible for getting processed by all BeanPostProcessors (for example: not eligible for auto-proxying)
2021-09-30 10:07:35.937 ws [main] INFO  c.b.d.d.DynamicRoutingDataSource - dynamic-datasource detect P6SPY plugin and enabled it
2021-09-30 10:07:35.945 ws [main] INFO  com.zaxxer.hikari.HikariDataSource - primary - Starting...
2021-09-30 10:07:37.206 ws [main] INFO  o.s.b.a.l.ConditionEvaluationReportLoggingListener - 

Error starting ApplicationContext. To display the conditions report re-run your application with 'debug' enabled.
2021-09-30 10:08:33.914 ws [main] INFO  com.gzy.ws.WsApplication - Starting WsApplication on Socen-MacBook-Air-2.local with PID 43986 (/Users/DJAHa/Desktop/WarningSystem-master/backend/target/classes started by DJAHa in /Users/DJAHa/Desktop/WarningSystem-master/backend)
2021-09-30 10:08:33.918 ws [main] INFO  com.gzy.ws.WsApplication - No active profile set, falling back to default profiles: default
2021-09-30 10:08:36.032 ws [main] INFO  o.s.d.r.c.RepositoryConfigurationDelegate - Multiple Spring Data modules found, entering strict repository configuration mode!
2021-09-30 10:08:36.034 ws [main] INFO  o.s.d.r.c.RepositoryConfigurationDelegate - Bootstrapping Spring Data repositories in DEFAULT mode.
2021-09-30 10:08:36.108 ws [main] INFO  o.s.d.r.c.RepositoryConfigurationDelegate - Finished Spring Data repository scanning in 52ms. Found 0 repository interfaces.
2021-09-30 10:08:36.592 ws [main] INFO  o.s.c.s.PostProcessorRegistrationDelegate$BeanPostProcessorChecker - Bean 'asyncExecutorPoolConfig' of type [com.gzy.ws.common.config.AsyncExecutorPoolConfig$$EnhancerBySpringCGLIB$$b373de11] is not eligible for getting processed by all BeanPostProcessors (for example: not eligible for auto-proxying)
2021-09-30 10:08:36.796 ws [main] INFO  o.s.c.s.PostProcessorRegistrationDelegate$BeanPostProcessorChecker - Bean 'spring.datasource.dynamic-com.baomidou.dynamic.datasource.spring.boot.autoconfigure.DynamicDataSourceProperties' of type [com.baomidou.dynamic.datasource.spring.boot.autoconfigure.DynamicDataSourceProperties] is not eligible for getting processed by all BeanPostProcessors (for example: not eligible for auto-proxying)
2021-09-30 10:08:36.958 ws [main] INFO  o.s.c.s.PostProcessorRegistrationDelegate$BeanPostProcessorChecker - Bean 'com.baomidou.dynamic.datasource.spring.boot.autoconfigure.DynamicDataSourceAutoConfiguration' of type [com.baomidou.dynamic.datasource.spring.boot.autoconfigure.DynamicDataSourceAutoConfiguration$$EnhancerBySpringCGLIB$$fd3f9bf6] is not eligible for getting processed by all BeanPostProcessors (for example: not eligible for auto-proxying)
2021-09-30 10:08:36.970 ws [main] INFO  o.s.c.s.PostProcessorRegistrationDelegate$BeanPostProcessorChecker - Bean 'dsProcessor' of type [com.baomidou.dynamic.datasource.processor.DsHeaderProcessor] is not eligible for getting processed by all BeanPostProcessors (for example: not eligible for auto-proxying)
2021-09-30 10:08:36.974 ws [main] INFO  o.s.c.s.PostProcessorRegistrationDelegate$BeanPostProcessorChecker - Bean 'dynamicDatasourceAnnotationAdvisor' of type [com.baomidou.dynamic.datasource.aop.DynamicDataSourceAnnotationAdvisor] is not eligible for getting processed by all BeanPostProcessors (for example: not eligible for auto-proxying)
2021-09-30 10:08:36.985 ws [main] INFO  o.s.c.s.PostProcessorRegistrationDelegate$BeanPostProcessorChecker - Bean 'org.springframework.transaction.annotation.ProxyTransactionManagementConfiguration' of type [org.springframework.transaction.annotation.ProxyTransactionManagementConfiguration$$EnhancerBySpringCGLIB$$93b12b25] is not eligible for getting processed by all BeanPostProcessors (for example: not eligible for auto-proxying)
2021-09-30 10:08:37.025 ws [main] INFO  o.s.c.s.PostProcessorRegistrationDelegate$BeanPostProcessorChecker - Bean 'shiroConfig' of type [com.gzy.ws.common.authentication.ShiroConfig$$EnhancerBySpringCGLIB$$8ae7720d] is not eligible for getting processed by all BeanPostProcessors (for example: not eligible for auto-proxying)
2021-09-30 10:08:37.424 ws [main] INFO  o.s.c.s.PostProcessorRegistrationDelegate$BeanPostProcessorChecker - Bean 'redisConfig' of type [com.gzy.ws.common.config.RedisConfig$$EnhancerBySpringCGLIB$$ff08d861] is not eligible for getting processed by all BeanPostProcessors (for example: not eligible for auto-proxying)
2021-09-30 10:08:37.446 ws [main] INFO  o.s.c.s.PostProcessorRegistrationDelegate$BeanPostProcessorChecker - Bean 'redisPoolFactory' of type [redis.clients.jedis.JedisPool] is not eligible for getting processed by all BeanPostProcessors (for example: not eligible for auto-proxying)
2021-09-30 10:08:37.451 ws [main] INFO  o.s.c.s.PostProcessorRegistrationDelegate$BeanPostProcessorChecker - Bean 'redisService' of type [com.gzy.ws.common.service.impl.RedisServiceImpl] is not eligible for getting processed by all BeanPostProcessors (for example: not eligible for auto-proxying)
2021-09-30 10:08:37.520 ws [main] INFO  o.s.c.s.PostProcessorRegistrationDelegate$BeanPostProcessorChecker - Bean 'mybatis-plus-com.baomidou.mybatisplus.autoconfigure.MybatisPlusProperties' of type [com.baomidou.mybatisplus.autoconfigure.MybatisPlusProperties] is not eligible for getting processed by all BeanPostProcessors (for example: not eligible for auto-proxying)
2021-09-30 10:08:37.530 ws [main] INFO  o.s.c.s.PostProcessorRegistrationDelegate$BeanPostProcessorChecker - Bean 'mybatisPlusConfig' of type [com.gzy.ws.common.config.MybatisPlusConfig$$EnhancerBySpringCGLIB$$4bed1033] is not eligible for getting processed by all BeanPostProcessors (for example: not eligible for auto-proxying)
2021-09-30 10:08:37.534 ws [main] INFO  o.s.c.s.PostProcessorRegistrationDelegate$BeanPostProcessorChecker - Bean 'paginationInterceptor' of type [com.baomidou.mybatisplus.extension.plugins.PaginationInterceptor] is not eligible for getting processed by all BeanPostProcessors (for example: not eligible for auto-proxying)
2021-09-30 10:08:37.553 ws [main] INFO  o.s.c.s.PostProcessorRegistrationDelegate$BeanPostProcessorChecker - Bean 'com.baomidou.mybatisplus.autoconfigure.MybatisPlusAutoConfiguration' of type [com.baomidou.mybatisplus.autoconfigure.MybatisPlusAutoConfiguration$$EnhancerBySpringCGLIB$$d17997bf] is not eligible for getting processed by all BeanPostProcessors (for example: not eligible for auto-proxying)
2021-09-30 10:08:37.567 ws [main] INFO  o.s.c.s.PostProcessorRegistrationDelegate$BeanPostProcessorChecker - Bean 'dynamicDataSourceCreator' of type [com.baomidou.dynamic.datasource.DynamicDataSourceCreator] is not eligible for getting processed by all BeanPostProcessors (for example: not eligible for auto-proxying)
2021-09-30 10:08:37.569 ws [main] INFO  o.s.c.s.PostProcessorRegistrationDelegate$BeanPostProcessorChecker - Bean 'dynamicDataSourceProvider' of type [com.baomidou.dynamic.datasource.provider.YmlDynamicDataSourceProvider] is not eligible for getting processed by all BeanPostProcessors (for example: not eligible for auto-proxying)
2021-09-30 10:08:37.574 ws [main] INFO  c.b.d.d.DynamicRoutingDataSource - dynamic-datasource detect P6SPY plugin and enabled it
2021-09-30 10:08:37.585 ws [main] INFO  com.zaxxer.hikari.HikariDataSource - primary - Starting...
2021-09-30 10:08:37.800 ws [main] INFO  com.zaxxer.hikari.HikariDataSource - primary - Start completed.
2021-09-30 10:08:37.800 ws [main] INFO  c.b.d.d.DynamicRoutingDataSource - dynamic-datasource - load a datasource named [primary] success
2021-09-30 10:08:37.800 ws [main] INFO  c.b.d.d.DynamicRoutingDataSource - dynamic-datasource initial loaded [1] datasource,primary datasource named [primary]
2021-09-30 10:08:37.800 ws [main] INFO  o.s.c.s.PostProcessorRegistrationDelegate$BeanPostProcessorChecker - Bean 'dataSource' of type [com.baomidou.dynamic.datasource.DynamicRoutingDataSource] is not eligible for getting processed by all BeanPostProcessors (for example: not eligible for auto-proxying)
2021-09-30 10:08:37.815 ws [main] INFO  o.s.c.s.PostProcessorRegistrationDelegate$BeanPostProcessorChecker - Bean 'spring.datasource-org.springframework.boot.autoconfigure.jdbc.DataSourceProperties' of type [org.springframework.boot.autoconfigure.jdbc.DataSourceProperties] is not eligible for getting processed by all BeanPostProcessors (for example: not eligible for auto-proxying)
2021-09-30 10:08:37.826 ws [main] INFO  o.s.c.s.PostProcessorRegistrationDelegate$BeanPostProcessorChecker - Bean 'org.springframework.boot.autoconfigure.jdbc.DataSourceInitializerInvoker' of type [org.springframework.boot.autoconfigure.jdbc.DataSourceInitializerInvoker] is not eligible for getting processed by all BeanPostProcessors (for example: not eligible for auto-proxying)
2021-09-30 10:08:38.781 ws [main] INFO  o.s.c.s.PostProcessorRegistrationDelegate$BeanPostProcessorChecker - Bean 'sqlSessionFactory' of type [org.apache.ibatis.session.defaults.DefaultSqlSessionFactory] is not eligible for getting processed by all BeanPostProcessors (for example: not eligible for auto-proxying)
2021-09-30 10:08:38.789 ws [main] INFO  o.s.c.s.PostProcessorRegistrationDelegate$BeanPostProcessorChecker - Bean 'sqlSessionTemplate' of type [org.mybatis.spring.SqlSessionTemplate] is not eligible for getting processed by all BeanPostProcessors (for example: not eligible for auto-proxying)
2021-09-30 10:08:38.793 ws [main] INFO  o.s.c.s.PostProcessorRegistrationDelegate$BeanPostProcessorChecker - Bean 'roleMapper' of type [org.mybatis.spring.mapper.MapperFactoryBean] is not eligible for getting processed by all BeanPostProcessors (for example: not eligible for auto-proxying)
2021-09-30 10:08:38.796 ws [main] INFO  o.s.c.s.PostProcessorRegistrationDelegate$BeanPostProcessorChecker - Bean 'roleMapper' of type [com.sun.proxy.$Proxy122] is not eligible for getting processed by all BeanPostProcessors (for example: not eligible for auto-proxying)
2021-09-30 10:08:38.829 ws [main] INFO  o.s.c.s.PostProcessorRegistrationDelegate$BeanPostProcessorChecker - Bean 'roleMenuMapper' of type [org.mybatis.spring.mapper.MapperFactoryBean] is not eligible for getting processed by all BeanPostProcessors (for example: not eligible for auto-proxying)
2021-09-30 10:08:38.830 ws [main] INFO  o.s.c.s.PostProcessorRegistrationDelegate$BeanPostProcessorChecker - Bean 'roleMenuMapper' of type [com.sun.proxy.$Proxy124] is not eligible for getting processed by all BeanPostProcessors (for example: not eligible for auto-proxying)
2021-09-30 10:08:38.846 ws [main] INFO  o.s.c.s.PostProcessorRegistrationDelegate$BeanPostProcessorChecker - Bean 'userRoleMapper' of type [org.mybatis.spring.mapper.MapperFactoryBean] is not eligible for getting processed by all BeanPostProcessors (for example: not eligible for auto-proxying)
2021-09-30 10:08:38.849 ws [main] INFO  o.s.c.s.PostProcessorRegistrationDelegate$BeanPostProcessorChecker - Bean 'userRoleMapper' of type [com.sun.proxy.$Proxy126] is not eligible for getting processed by all BeanPostProcessors (for example: not eligible for auto-proxying)
2021-09-30 10:08:38.856 ws [main] INFO  o.s.c.s.PostProcessorRegistrationDelegate$BeanPostProcessorChecker - Bean 'userRoleService' of type [com.gzy.ws.system.service.impl.UserRoleServiceImpl] is not eligible for getting processed by all BeanPostProcessors (for example: not eligible for auto-proxying)
2021-09-30 10:08:38.923 ws [main] INFO  o.s.c.s.PostProcessorRegistrationDelegate$BeanPostProcessorChecker - Bean 'roleMenuService' of type [com.gzy.ws.system.service.impl.RoleMenuServiceImpl] is not eligible for getting processed by all BeanPostProcessors (for example: not eligible for auto-proxying)
2021-09-30 10:08:38.951 ws [main] INFO  o.s.c.s.PostProcessorRegistrationDelegate$BeanPostProcessorChecker - Bean 'roleService' of type [com.gzy.ws.system.service.impl.RoleServiceImpl] is not eligible for getting processed by all BeanPostProcessors (for example: not eligible for auto-proxying)
2021-09-30 10:08:39.020 ws [main] INFO  o.s.c.s.PostProcessorRegistrationDelegate$BeanPostProcessorChecker - Bean 'menuMapper' of type [org.mybatis.spring.mapper.MapperFactoryBean] is not eligible for getting processed by all BeanPostProcessors (for example: not eligible for auto-proxying)
2021-09-30 10:08:39.024 ws [main] INFO  o.s.c.s.PostProcessorRegistrationDelegate$BeanPostProcessorChecker - Bean 'menuMapper' of type [com.sun.proxy.$Proxy131] is not eligible for getting processed by all BeanPostProcessors (for example: not eligible for auto-proxying)
2021-09-30 10:08:39.030 ws [main] INFO  o.s.c.s.PostProcessorRegistrationDelegate$BeanPostProcessorChecker - Bean 'menuService' of type [com.gzy.ws.system.service.impl.MenuServiceImpl] is not eligible for getting processed by all BeanPostProcessors (for example: not eligible for auto-proxying)
2021-09-30 10:08:39.091 ws [main] INFO  o.s.c.s.PostProcessorRegistrationDelegate$BeanPostProcessorChecker - Bean 'userMapper' of type [org.mybatis.spring.mapper.MapperFactoryBean] is not eligible for getting processed by all BeanPostProcessors (for example: not eligible for auto-proxying)
2021-09-30 10:08:39.093 ws [main] INFO  o.s.c.s.PostProcessorRegistrationDelegate$BeanPostProcessorChecker - Bean 'userMapper' of type [com.sun.proxy.$Proxy133] is not eligible for getting processed by all BeanPostProcessors (for example: not eligible for auto-proxying)
2021-09-30 10:08:39.130 ws [main] INFO  o.s.c.s.PostProcessorRegistrationDelegate$BeanPostProcessorChecker - Bean 'userConfigMapper' of type [org.mybatis.spring.mapper.MapperFactoryBean] is not eligible for getting processed by all BeanPostProcessors (for example: not eligible for auto-proxying)
2021-09-30 10:08:39.131 ws [main] INFO  o.s.c.s.PostProcessorRegistrationDelegate$BeanPostProcessorChecker - Bean 'userConfigMapper' of type [com.sun.proxy.$Proxy135] is not eligible for getting processed by all BeanPostProcessors (for example: not eligible for auto-proxying)
2021-09-30 10:08:39.136 ws [main] INFO  o.s.c.s.PostProcessorRegistrationDelegate$BeanPostProcessorChecker - Bean 'userConfigService' of type [com.gzy.ws.system.service.impl.UserConfigServiceImpl] is not eligible for getting processed by all BeanPostProcessors (for example: not eligible for auto-proxying)
2021-09-30 10:08:39.163 ws [main] INFO  o.s.c.s.PostProcessorRegistrationDelegate$BeanPostProcessorChecker - Bean 'userService' of type [com.gzy.ws.system.service.impl.UserServiceImpl] is not eligible for getting processed by all BeanPostProcessors (for example: not eligible for auto-proxying)
2021-09-30 10:08:39.191 ws [main] INFO  o.s.c.s.PostProcessorRegistrationDelegate$BeanPostProcessorChecker - Bean 'org.springframework.boot.autoconfigure.jackson.JacksonAutoConfiguration$JacksonObjectMapperConfiguration' of type [org.springframework.boot.autoconfigure.jackson.JacksonAutoConfiguration$JacksonObjectMapperConfiguration$$EnhancerBySpringCGLIB$$ef44aab6] is not eligible for getting processed by all BeanPostProcessors (for example: not eligible for auto-proxying)
2021-09-30 10:08:39.196 ws [main] INFO  o.s.c.s.PostProcessorRegistrationDelegate$BeanPostProcessorChecker - Bean 'org.springframework.boot.autoconfigure.jackson.JacksonAutoConfiguration$JacksonObjectMapperBuilderConfiguration' of type [org.springframework.boot.autoconfigure.jackson.JacksonAutoConfiguration$JacksonObjectMapperBuilderConfiguration$$EnhancerBySpringCGLIB$$a1916ccf] is not eligible for getting processed by all BeanPostProcessors (for example: not eligible for auto-proxying)
2021-09-30 10:08:39.200 ws [main] INFO  o.s.c.s.PostProcessorRegistrationDelegate$BeanPostProcessorChecker - Bean 'org.springframework.boot.autoconfigure.jackson.JacksonAutoConfiguration$Jackson2ObjectMapperBuilderCustomizerConfiguration' of type [org.springframework.boot.autoconfigure.jackson.JacksonAutoConfiguration$Jackson2ObjectMapperBuilderCustomizerConfiguration$$EnhancerBySpringCGLIB$$5ca852be] is not eligible for getting processed by all BeanPostProcessors (for example: not eligible for auto-proxying)
2021-09-30 10:08:39.210 ws [main] INFO  o.s.c.s.PostProcessorRegistrationDelegate$BeanPostProcessorChecker - Bean 'spring.jackson-org.springframework.boot.autoconfigure.jackson.JacksonProperties' of type [org.springframework.boot.autoconfigure.jackson.JacksonProperties] is not eligible for getting processed by all BeanPostProcessors (for example: not eligible for auto-proxying)
2021-09-30 10:08:39.213 ws [main] INFO  o.s.c.s.PostProcessorRegistrationDelegate$BeanPostProcessorChecker - Bean 'standardJacksonObjectMapperBuilderCustomizer' of type [org.springframework.boot.autoconfigure.jackson.JacksonAutoConfiguration$Jackson2ObjectMapperBuilderCustomizerConfiguration$StandardJackson2ObjectMapperBuilderCustomizer] is not eligible for getting processed by all BeanPostProcessors (for example: not eligible for auto-proxying)
2021-09-30 10:08:39.219 ws [main] INFO  o.s.c.s.PostProcessorRegistrationDelegate$BeanPostProcessorChecker - Bean 'org.springframework.boot.autoconfigure.jackson.JacksonAutoConfiguration$ParameterNamesModuleConfiguration' of type [org.springframework.boot.autoconfigure.jackson.JacksonAutoConfiguration$ParameterNamesModuleConfiguration$$EnhancerBySpringCGLIB$$8373c9ec] is not eligible for getting processed by all BeanPostProcessors (for example: not eligible for auto-proxying)
2021-09-30 10:08:39.231 ws [main] INFO  o.s.c.s.PostProcessorRegistrationDelegate$BeanPostProcessorChecker - Bean 'parameterNamesModule' of type [com.fasterxml.jackson.module.paramnames.ParameterNamesModule] is not eligible for getting processed by all BeanPostProcessors (for example: not eligible for auto-proxying)
2021-09-30 10:08:39.241 ws [main] INFO  o.s.c.s.PostProcessorRegistrationDelegate$BeanPostProcessorChecker - Bean 'org.springframework.boot.autoconfigure.jackson.JacksonAutoConfiguration' of type [org.springframework.boot.autoconfigure.jackson.JacksonAutoConfiguration$$EnhancerBySpringCGLIB$$d1504845] is not eligible for getting processed by all BeanPostProcessors (for example: not eligible for auto-proxying)
2021-09-30 10:08:39.269 ws [main] INFO  o.s.c.s.PostProcessorRegistrationDelegate$BeanPostProcessorChecker - Bean 'jsonComponentModule' of type [org.springframework.boot.jackson.JsonComponentModule] is not eligible for getting processed by all BeanPostProcessors (for example: not eligible for auto-proxying)
2021-09-30 10:08:39.276 ws [main] INFO  o.s.c.s.PostProcessorRegistrationDelegate$BeanPostProcessorChecker - Bean 'org.springframework.data.web.config.SpringDataJacksonConfiguration' of type [org.springframework.data.web.config.SpringDataJacksonConfiguration] is not eligible for getting processed by all BeanPostProcessors (for example: not eligible for auto-proxying)
2021-09-30 10:08:39.296 ws [main] INFO  o.s.c.s.PostProcessorRegistrationDelegate$BeanPostProcessorChecker - Bean 'jacksonGeoModule' of type [org.springframework.data.geo.GeoModule] is not eligible for getting processed by all BeanPostProcessors (for example: not eligible for auto-proxying)
2021-09-30 10:08:39.308 ws [main] INFO  o.s.c.s.PostProcessorRegistrationDelegate$BeanPostProcessorChecker - Bean 'jacksonObjectMapperBuilder' of type [org.springframework.http.converter.json.Jackson2ObjectMapperBuilder] is not eligible for getting processed by all BeanPostProcessors (for example: not eligible for auto-proxying)
2021-09-30 10:08:39.392 ws [main] INFO  o.s.c.s.PostProcessorRegistrationDelegate$BeanPostProcessorChecker - Bean 'jacksonObjectMapper' of type [com.fasterxml.jackson.databind.ObjectMapper] is not eligible for getting processed by all BeanPostProcessors (for example: not eligible for auto-proxying)
2021-09-30 10:08:39.435 ws [main] INFO  o.s.c.s.PostProcessorRegistrationDelegate$BeanPostProcessorChecker - Bean 'cacheService' of type [com.gzy.ws.common.service.impl.CacheServiceImpl] is not eligible for getting processed by all BeanPostProcessors (for example: not eligible for auto-proxying)
2021-09-30 10:08:39.464 ws [main] INFO  o.s.c.s.PostProcessorRegistrationDelegate$BeanPostProcessorChecker - Bean 'zoneMapper' of type [org.mybatis.spring.mapper.MapperFactoryBean] is not eligible for getting processed by all BeanPostProcessors (for example: not eligible for auto-proxying)
2021-09-30 10:08:39.466 ws [main] INFO  o.s.c.s.PostProcessorRegistrationDelegate$BeanPostProcessorChecker - Bean 'zoneMapper' of type [com.sun.proxy.$Proxy138] is not eligible for getting processed by all BeanPostProcessors (for example: not eligible for auto-proxying)
2021-09-30 10:08:39.480 ws [main] INFO  o.s.c.s.PostProcessorRegistrationDelegate$BeanPostProcessorChecker - Bean 'companyMapper' of type [org.mybatis.spring.mapper.MapperFactoryBean] is not eligible for getting processed by all BeanPostProcessors (for example: not eligible for auto-proxying)
2021-09-30 10:08:39.482 ws [main] INFO  o.s.c.s.PostProcessorRegistrationDelegate$BeanPostProcessorChecker - Bean 'companyMapper' of type [com.sun.proxy.$Proxy139] is not eligible for getting processed by all BeanPostProcessors (for example: not eligible for auto-proxying)
2021-09-30 10:08:39.498 ws [main] INFO  o.s.c.s.PostProcessorRegistrationDelegate$BeanPostProcessorChecker - Bean 'companyUnitMapper' of type [org.mybatis.spring.mapper.MapperFactoryBean] is not eligible for getting processed by all BeanPostProcessors (for example: not eligible for auto-proxying)
2021-09-30 10:08:39.501 ws [main] INFO  o.s.c.s.PostProcessorRegistrationDelegate$BeanPostProcessorChecker - Bean 'companyUnitMapper' of type [com.sun.proxy.$Proxy141] is not eligible for getting processed by all BeanPostProcessors (for example: not eligible for auto-proxying)
2021-09-30 10:08:39.517 ws [main] INFO  o.s.c.s.PostProcessorRegistrationDelegate$BeanPostProcessorChecker - Bean 'ICompanyUnitService' of type [com.gzy.ws.gen.service.impl.CompanyUnitServiceImpl] is not eligible for getting processed by all BeanPostProcessors (for example: not eligible for auto-proxying)
2021-09-30 10:08:39.558 ws [main] INFO  o.s.c.s.PostProcessorRegistrationDelegate$BeanPostProcessorChecker - Bean 'ICompanyService' of type [com.gzy.ws.gen.service.impl.CompanyServiceImpl] is not eligible for getting processed by all BeanPostProcessors (for example: not eligible for auto-proxying)
2021-09-30 10:08:39.583 ws [main] INFO  o.s.c.s.PostProcessorRegistrationDelegate$BeanPostProcessorChecker - Bean 'IZoneService' of type [com.gzy.ws.gen.service.impl.ZoneServiceImpl] is not eligible for getting processed by all BeanPostProcessors (for example: not eligible for auto-proxying)
2021-09-30 10:08:39.610 ws [main] INFO  o.s.c.s.PostProcessorRegistrationDelegate$BeanPostProcessorChecker - Bean 'userManager' of type [com.gzy.ws.system.manager.UserManager] is not eligible for getting processed by all BeanPostProcessors (for example: not eligible for auto-proxying)
2021-09-30 10:08:39.610 ws [main] INFO  o.s.c.s.PostProcessorRegistrationDelegate$BeanPostProcessorChecker - Bean 'shiroRealm' of type [com.gzy.ws.common.authentication.ShiroRealm] is not eligible for getting processed by all BeanPostProcessors (for example: not eligible for auto-proxying)
2021-09-30 10:08:39.625 ws [main] INFO  o.s.c.s.PostProcessorRegistrationDelegate$BeanPostProcessorChecker - Bean 'securityManager' of type [org.apache.shiro.web.mgt.DefaultWebSecurityManager] is not eligible for getting processed by all BeanPostProcessors (for example: not eligible for auto-proxying)
2021-09-30 10:08:39.648 ws [main] INFO  o.s.c.s.PostProcessorRegistrationDelegate$BeanPostProcessorChecker - Bean 'authorizationAttributeSourceAdvisor' of type [org.apache.shiro.spring.security.interceptor.AuthorizationAttributeSourceAdvisor] is not eligible for getting processed by all BeanPostProcessors (for example: not eligible for auto-proxying)
2021-09-30 10:08:40.308 ws [main] INFO  o.s.b.w.e.tomcat.TomcatWebServer - Tomcat initialized with port(s): 9527 (http)
2021-09-30 10:08:40.351 ws [main] INFO  o.a.coyote.http11.Http11NioProtocol - Initializing ProtocolHandler ["http-nio-9527"]
2021-09-30 10:08:40.372 ws [main] INFO  o.a.catalina.core.StandardService - Starting service [Tomcat]
2021-09-30 10:08:40.373 ws [main] INFO  o.a.catalina.core.StandardEngine - Starting Servlet engine: [Apache Tomcat/9.0.22]
2021-09-30 10:08:40.617 ws [main] INFO  o.a.c.c.C.[Tomcat].[localhost].[/] - Initializing Spring embedded WebApplicationContext
2021-09-30 10:08:40.617 ws [main] INFO  o.s.web.context.ContextLoader - Root WebApplicationContext: initialization completed in 6456 ms
2021-09-30 10:08:43.491 ws [main] INFO  o.s.b.a.e.web.EndpointLinksResolver - Exposing 2 endpoint(s) beneath base path '/actuator'
2021-09-30 10:08:43.699 ws [main] INFO  o.s.s.c.ThreadPoolTaskExecutor - Initializing ExecutorService 'taskExecutor'
2021-09-30 10:08:43.765 ws [main] INFO  s.d.s.w.PropertySourcedRequestMappingHandlerMapping - Mapped URL path [/v2/api-docs] onto method [springfox.documentation.swagger2.web.Swagger2Controller#getDocumentation(String, HttpServletRequest)]
2021-09-30 10:08:45.788 ws [main] INFO  org.quartz.impl.StdSchedulerFactory - Using default implementation for ThreadExecutor
2021-09-30 10:08:45.823 ws [main] INFO  o.quartz.core.SchedulerSignalerImpl - Initialized Scheduler Signaller of type: class org.quartz.core.SchedulerSignalerImpl
2021-09-30 10:08:45.824 ws [main] INFO  org.quartz.core.QuartzScheduler - Quartz Scheduler v.2.3.1 created.
2021-09-30 10:08:45.825 ws [main] INFO  org.quartz.simpl.RAMJobStore - RAMJobStore initialized.
2021-09-30 10:08:45.826 ws [main] INFO  org.quartz.core.QuartzScheduler - Scheduler meta-data: Quartz Scheduler (v2.3.1) 'quartzScheduler' with instanceId 'NON_CLUSTERED'
  Scheduler class: 'org.quartz.core.QuartzScheduler' - running locally.
  NOT STARTED.
  Currently in standby mode.
  Number of jobs executed: 0
  Using thread pool 'org.quartz.simpl.SimpleThreadPool' - with 10 threads.
  Using job-store 'org.quartz.simpl.RAMJobStore' - which does not support persistence. and is not clustered.

2021-09-30 10:08:45.826 ws [main] INFO  org.quartz.impl.StdSchedulerFactory - Quartz scheduler 'quartzScheduler' initialized from an externally provided properties instance.
2021-09-30 10:08:45.826 ws [main] INFO  org.quartz.impl.StdSchedulerFactory - Quartz scheduler version: 2.3.1
2021-09-30 10:08:45.826 ws [main] INFO  org.quartz.core.QuartzScheduler - JobFactory set to: org.springframework.scheduling.quartz.SpringBeanJobFactory@1ce2029b
2021-09-30 10:08:45.859 ws [main] INFO  o.s.s.c.ThreadPoolTaskScheduler - Initializing ExecutorService 'taskScheduler'
2021-09-30 10:08:46.007 ws [main] INFO  s.d.s.w.p.DocumentationPluginsBootstrapper - Context refreshed
2021-09-30 10:08:46.087 ws [main] INFO  s.d.s.w.p.DocumentationPluginsBootstrapper - Found 1 custom documentation plugin(s)
2021-09-30 10:08:46.179 ws [main] INFO  s.d.s.w.s.ApiListingReferenceScanner - Scanning for api listing references
2021-09-30 10:08:46.519 ws [main] INFO  s.d.s.w.r.o.CachingOperationNameGenerator - Generating unique operation named: exportUsingPOST_1
2021-09-30 10:08:46.536 ws [main] INFO  s.d.s.w.r.o.CachingOperationNameGenerator - Generating unique operation named: exportUsingPOST_2
2021-09-30 10:08:46.585 ws [main] INFO  s.d.s.w.r.o.CachingOperationNameGenerator - Generating unique operation named: addUnitUsingPOST_1
2021-09-30 10:08:46.603 ws [main] INFO  s.d.s.w.r.o.CachingOperationNameGenerator - Generating unique operation named: exportUsingPOST_3
2021-09-30 10:08:46.629 ws [main] INFO  s.d.s.w.r.o.CachingOperationNameGenerator - Generating unique operation named: exportUsingPOST_4
2021-09-30 10:08:46.698 ws [main] INFO  s.d.s.w.r.o.CachingOperationNameGenerator - Generating unique operation named: exportUsingPOST_5
2021-09-30 10:08:46.707 ws [main] INFO  s.d.s.w.r.o.CachingOperationNameGenerator - Generating unique operation named: exportUsingPOST_6
2021-09-30 10:08:46.745 ws [main] INFO  s.d.s.w.r.o.CachingOperationNameGenerator - Generating unique operation named: exportUsingPOST_7
2021-09-30 10:08:46.786 ws [main] INFO  s.d.s.w.r.o.CachingOperationNameGenerator - Generating unique operation named: exportUsingPOST_8
2021-09-30 10:08:46.837 ws [main] INFO  o.s.s.quartz.SchedulerFactoryBean - Starting Quartz Scheduler now
2021-09-30 10:08:46.837 ws [main] INFO  org.quartz.core.QuartzScheduler - Scheduler quartzScheduler_$_NON_CLUSTERED started.
2021-09-30 10:08:46.859 ws [main] INFO  o.a.coyote.http11.Http11NioProtocol - Starting ProtocolHandler ["http-nio-9527"]
2021-09-30 10:08:46.889 ws [scheduling-1] INFO  com.gzy.ws.common.task.CacheTask - delete expired user
2021-09-30 10:08:46.914 ws [main] INFO  o.s.b.w.e.tomcat.TomcatWebServer - Tomcat started on port(s): 9527 (http) with context path ''
2021-09-30 10:08:46.917 ws [main] INFO  com.gzy.ws.WsApplication - Started WsApplication in 13.985 seconds (JVM running for 15.328)
2021-09-30 10:08:46.929 ws [main] INFO  c.g.ws.common.runner.CacheInitRunner - Redis连接中 ······
2021-09-30 10:08:46.930 ws [main] INFO  c.g.ws.common.runner.CacheInitRunner - 缓存初始化 ······
2021-09-30 10:08:46.930 ws [main] INFO  c.g.ws.common.runner.CacheInitRunner - 缓存用户数据 ······
2021-09-30 10:08:47.165 ws [main] INFO  p6spy - 2021-09-30 10:08:47 | 耗时 7 ms | SQL 语句：
SELECT USER_ID,description,password,modify_time,office_id,ssex,mobile,avatar,last_login_time,company_id,create_time,status,username FROM t_user;
2021-09-30 10:08:47.197 ws [main] INFO  p6spy - 2021-09-30 10:08:47 | 耗时 7 ms | SQL 语句：
SELECT u.user_id userId, u.username, u.password, u.mobile, u.STATUS, u.create_time createTime, u.ssex, d.company_id companyId, d.company_name companyName, o.office_id officeId, o.office_name officeName, u.AVATAR, u.DESCRIPTION, u.LAST_LOGIN_TIME lastLoginTime, GROUP_CONCAT(r.role_id) roleId, GROUP_CONCAT(r.ROLE_NAME) roleName FROM t_user u LEFT JOIN t_company d ON (u.company_id = d.company_id) LEFT JOIN t_office o ON (u.office_id = o.office_id) LEFT JOIN t_user_role ur ON (u.user_id = ur.user_id) LEFT JOIN t_role r ON r.role_id = ur.role_id WHERE u.username = 'yzj_admin' group by u.username, u.user_id, u.password, u.mobile, u.STATUS, u.create_time, u.ssex, d.company_id, d.company_name, o.office_id, o.office_name, u.AVATAR, u.DESCRIPTION, u.LAST_LOGIN_TIME;
2021-09-30 10:08:47.285 ws [main] INFO  p6spy - 2021-09-30 10:08:47 | 耗时 4 ms | SQL 语句：
select r.* from t_role r left join t_user_role ur on (r.role_id = ur.role_id) left join t_user u on (u.user_id = ur.user_id) where u.username = 'yzj_admin';
2021-09-30 10:08:47.309 ws [main] INFO  p6spy - 2021-09-30 10:08:47 | 耗时 5 ms | SQL 语句：
select distinct m.perms from t_role r left join t_user_role ur on (r.role_id = ur.role_id) left join t_user u on (u.user_id = ur.user_id) left join t_role_menu rm on (rm.role_id = r.role_id) left join t_menu m on (m.menu_id = rm.menu_id) where u.username = 'yzj_admin' and m.perms is not null and m.perms <> '';
2021-09-30 10:08:47.332 ws [main] INFO  p6spy - 2021-09-30 10:08:47 | 耗时 2 ms | SQL 语句：
SELECT USER_ID,layout,color,multi_page,fix_siderbar,fix_header,theme FROM t_user_config WHERE USER_ID='18' ;
2021-09-30 10:08:47.338 ws [main] INFO  p6spy - 2021-09-30 10:08:47 | 耗时 1 ms | SQL 语句：
SELECT u.user_id userId, u.username, u.password, u.mobile, u.STATUS, u.create_time createTime, u.ssex, d.company_id companyId, d.company_name companyName, o.office_id officeId, o.office_name officeName, u.AVATAR, u.DESCRIPTION, u.LAST_LOGIN_TIME lastLoginTime, GROUP_CONCAT(r.role_id) roleId, GROUP_CONCAT(r.ROLE_NAME) roleName FROM t_user u LEFT JOIN t_company d ON (u.company_id = d.company_id) LEFT JOIN t_office o ON (u.office_id = o.office_id) LEFT JOIN t_user_role ur ON (u.user_id = ur.user_id) LEFT JOIN t_role r ON r.role_id = ur.role_id WHERE u.username = 'sbs_admin' group by u.username, u.user_id, u.password, u.mobile, u.STATUS, u.create_time, u.ssex, d.company_id, d.company_name, o.office_id, o.office_name, u.AVATAR, u.DESCRIPTION, u.LAST_LOGIN_TIME;
2021-09-30 10:08:47.341 ws [main] INFO  p6spy - 2021-09-30 10:08:47 | 耗时 0 ms | SQL 语句：
select r.* from t_role r left join t_user_role ur on (r.role_id = ur.role_id) left join t_user u on (u.user_id = ur.user_id) where u.username = 'sbs_admin';
2021-09-30 10:08:47.345 ws [main] INFO  p6spy - 2021-09-30 10:08:47 | 耗时 1 ms | SQL 语句：
select distinct m.perms from t_role r left join t_user_role ur on (r.role_id = ur.role_id) left join t_user u on (u.user_id = ur.user_id) left join t_role_menu rm on (rm.role_id = r.role_id) left join t_menu m on (m.menu_id = rm.menu_id) where u.username = 'sbs_admin' and m.perms is not null and m.perms <> '';
2021-09-30 10:08:47.351 ws [main] INFO  p6spy - 2021-09-30 10:08:47 | 耗时 0 ms | SQL 语句：
SELECT USER_ID,layout,color,multi_page,fix_siderbar,fix_header,theme FROM t_user_config WHERE USER_ID='19' ;
2021-09-30 10:08:47.356 ws [main] INFO  p6spy - 2021-09-30 10:08:47 | 耗时 1 ms | SQL 语句：
SELECT u.user_id userId, u.username, u.password, u.mobile, u.STATUS, u.create_time createTime, u.ssex, d.company_id companyId, d.company_name companyName, o.office_id officeId, o.office_name officeName, u.AVATAR, u.DESCRIPTION, u.LAST_LOGIN_TIME lastLoginTime, GROUP_CONCAT(r.role_id) roleId, GROUP_CONCAT(r.ROLE_NAME) roleName FROM t_user u LEFT JOIN t_company d ON (u.company_id = d.company_id) LEFT JOIN t_office o ON (u.office_id = o.office_id) LEFT JOIN t_user_role ur ON (u.user_id = ur.user_id) LEFT JOIN t_role r ON r.role_id = ur.role_id WHERE u.username = 'zb_admin' group by u.username, u.user_id, u.password, u.mobile, u.STATUS, u.create_time, u.ssex, d.company_id, d.company_name, o.office_id, o.office_name, u.AVATAR, u.DESCRIPTION, u.LAST_LOGIN_TIME;
2021-09-30 10:08:47.364 ws [main] INFO  p6spy - 2021-09-30 10:08:47 | 耗时 0 ms | SQL 语句：
select r.* from t_role r left join t_user_role ur on (r.role_id = ur.role_id) left join t_user u on (u.user_id = ur.user_id) where u.username = 'zb_admin';
2021-09-30 10:08:47.371 ws [main] INFO  p6spy - 2021-09-30 10:08:47 | 耗时 1 ms | SQL 语句：
select distinct m.perms from t_role r left join t_user_role ur on (r.role_id = ur.role_id) left join t_user u on (u.user_id = ur.user_id) left join t_role_menu rm on (rm.role_id = r.role_id) left join t_menu m on (m.menu_id = rm.menu_id) where u.username = 'zb_admin' and m.perms is not null and m.perms <> '';
2021-09-30 10:08:47.386 ws [main] INFO  p6spy - 2021-09-30 10:08:47 | 耗时 0 ms | SQL 语句：
SELECT USER_ID,layout,color,multi_page,fix_siderbar,fix_header,theme FROM t_user_config WHERE USER_ID='20' ;
2021-09-30 10:08:47.394 ws [main] INFO  p6spy - 2021-09-30 10:08:47 | 耗时 1 ms | SQL 语句：
SELECT u.user_id userId, u.username, u.password, u.mobile, u.STATUS, u.create_time createTime, u.ssex, d.company_id companyId, d.company_name companyName, o.office_id officeId, o.office_name officeName, u.AVATAR, u.DESCRIPTION, u.LAST_LOGIN_TIME lastLoginTime, GROUP_CONCAT(r.role_id) roleId, GROUP_CONCAT(r.ROLE_NAME) roleName FROM t_user u LEFT JOIN t_company d ON (u.company_id = d.company_id) LEFT JOIN t_office o ON (u.office_id = o.office_id) LEFT JOIN t_user_role ur ON (u.user_id = ur.user_id) LEFT JOIN t_role r ON r.role_id = ur.role_id WHERE u.username = 'xrj_admin' group by u.username, u.user_id, u.password, u.mobile, u.STATUS, u.create_time, u.ssex, d.company_id, d.company_name, o.office_id, o.office_name, u.AVATAR, u.DESCRIPTION, u.LAST_LOGIN_TIME;
2021-09-30 10:08:47.399 ws [main] INFO  p6spy - 2021-09-30 10:08:47 | 耗时 0 ms | SQL 语句：
select r.* from t_role r left join t_user_role ur on (r.role_id = ur.role_id) left join t_user u on (u.user_id = ur.user_id) where u.username = 'xrj_admin';
2021-09-30 10:08:47.407 ws [main] INFO  p6spy - 2021-09-30 10:08:47 | 耗时 1 ms | SQL 语句：
select distinct m.perms from t_role r left join t_user_role ur on (r.role_id = ur.role_id) left join t_user u on (u.user_id = ur.user_id) left join t_role_menu rm on (rm.role_id = r.role_id) left join t_menu m on (m.menu_id = rm.menu_id) where u.username = 'xrj_admin' and m.perms is not null and m.perms <> '';
2021-09-30 10:08:47.419 ws [main] INFO  p6spy - 2021-09-30 10:08:47 | 耗时 3 ms | SQL 语句：
SELECT USER_ID,layout,color,multi_page,fix_siderbar,fix_header,theme FROM t_user_config WHERE USER_ID='21' ;
2021-09-30 10:08:47.426 ws [main] INFO  p6spy - 2021-09-30 10:08:47 | 耗时 1 ms | SQL 语句：
SELECT u.user_id userId, u.username, u.password, u.mobile, u.STATUS, u.create_time createTime, u.ssex, d.company_id companyId, d.company_name companyName, o.office_id officeId, o.office_name officeName, u.AVATAR, u.DESCRIPTION, u.LAST_LOGIN_TIME lastLoginTime, GROUP_CONCAT(r.role_id) roleId, GROUP_CONCAT(r.ROLE_NAME) roleName FROM t_user u LEFT JOIN t_company d ON (u.company_id = d.company_id) LEFT JOIN t_office o ON (u.office_id = o.office_id) LEFT JOIN t_user_role ur ON (u.user_id = ur.user_id) LEFT JOIN t_role r ON r.role_id = ur.role_id WHERE u.username = 'zcy_admin' group by u.username, u.user_id, u.password, u.mobile, u.STATUS, u.create_time, u.ssex, d.company_id, d.company_name, o.office_id, o.office_name, u.AVATAR, u.DESCRIPTION, u.LAST_LOGIN_TIME;
2021-09-30 10:08:47.432 ws [main] INFO  p6spy - 2021-09-30 10:08:47 | 耗时 1 ms | SQL 语句：
select r.* from t_role r left join t_user_role ur on (r.role_id = ur.role_id) left join t_user u on (u.user_id = ur.user_id) where u.username = 'zcy_admin';
2021-09-30 10:08:47.436 ws [main] INFO  p6spy - 2021-09-30 10:08:47 | 耗时 1 ms | SQL 语句：
select distinct m.perms from t_role r left join t_user_role ur on (r.role_id = ur.role_id) left join t_user u on (u.user_id = ur.user_id) left join t_role_menu rm on (rm.role_id = r.role_id) left join t_menu m on (m.menu_id = rm.menu_id) where u.username = 'zcy_admin' and m.perms is not null and m.perms <> '';
2021-09-30 10:08:47.446 ws [main] INFO  p6spy - 2021-09-30 10:08:47 | 耗时 0 ms | SQL 语句：
SELECT USER_ID,layout,color,multi_page,fix_siderbar,fix_header,theme FROM t_user_config WHERE USER_ID='22' ;
2021-09-30 10:08:47.451 ws [main] INFO  p6spy - 2021-09-30 10:08:47 | 耗时 1 ms | SQL 语句：
SELECT u.user_id userId, u.username, u.password, u.mobile, u.STATUS, u.create_time createTime, u.ssex, d.company_id companyId, d.company_name companyName, o.office_id officeId, o.office_name officeName, u.AVATAR, u.DESCRIPTION, u.LAST_LOGIN_TIME lastLoginTime, GROUP_CONCAT(r.role_id) roleId, GROUP_CONCAT(r.ROLE_NAME) roleName FROM t_user u LEFT JOIN t_company d ON (u.company_id = d.company_id) LEFT JOIN t_office o ON (u.office_id = o.office_id) LEFT JOIN t_user_role ur ON (u.user_id = ur.user_id) LEFT JOIN t_role r ON r.role_id = ur.role_id WHERE u.username = 'qjm_admin' group by u.username, u.user_id, u.password, u.mobile, u.STATUS, u.create_time, u.ssex, d.company_id, d.company_name, o.office_id, o.office_name, u.AVATAR, u.DESCRIPTION, u.LAST_LOGIN_TIME;
2021-09-30 10:08:47.460 ws [main] INFO  p6spy - 2021-09-30 10:08:47 | 耗时 0 ms | SQL 语句：
select r.* from t_role r left join t_user_role ur on (r.role_id = ur.role_id) left join t_user u on (u.user_id = ur.user_id) where u.username = 'qjm_admin';
2021-09-30 10:08:47.467 ws [main] INFO  p6spy - 2021-09-30 10:08:47 | 耗时 1 ms | SQL 语句：
select distinct m.perms from t_role r left join t_user_role ur on (r.role_id = ur.role_id) left join t_user u on (u.user_id = ur.user_id) left join t_role_menu rm on (rm.role_id = r.role_id) left join t_menu m on (m.menu_id = rm.menu_id) where u.username = 'qjm_admin' and m.perms is not null and m.perms <> '';
2021-09-30 10:08:47.479 ws [main] INFO  p6spy - 2021-09-30 10:08:47 | 耗时 0 ms | SQL 语句：
SELECT USER_ID,layout,color,multi_page,fix_siderbar,fix_header,theme FROM t_user_config WHERE USER_ID='23' ;
2021-09-30 10:08:47.484 ws [main] INFO  p6spy - 2021-09-30 10:08:47 | 耗时 1 ms | SQL 语句：
SELECT u.user_id userId, u.username, u.password, u.mobile, u.STATUS, u.create_time createTime, u.ssex, d.company_id companyId, d.company_name companyName, o.office_id officeId, o.office_name officeName, u.AVATAR, u.DESCRIPTION, u.LAST_LOGIN_TIME lastLoginTime, GROUP_CONCAT(r.role_id) roleId, GROUP_CONCAT(r.ROLE_NAME) roleName FROM t_user u LEFT JOIN t_company d ON (u.company_id = d.company_id) LEFT JOIN t_office o ON (u.office_id = o.office_id) LEFT JOIN t_user_role ur ON (u.user_id = ur.user_id) LEFT JOIN t_role r ON r.role_id = ur.role_id WHERE u.username = 'user' group by u.username, u.user_id, u.password, u.mobile, u.STATUS, u.create_time, u.ssex, d.company_id, d.company_name, o.office_id, o.office_name, u.AVATAR, u.DESCRIPTION, u.LAST_LOGIN_TIME;
2021-09-30 10:08:47.491 ws [main] INFO  p6spy - 2021-09-30 10:08:47 | 耗时 0 ms | SQL 语句：
select r.* from t_role r left join t_user_role ur on (r.role_id = ur.role_id) left join t_user u on (u.user_id = ur.user_id) where u.username = 'user';
2021-09-30 10:08:47.496 ws [main] INFO  p6spy - 2021-09-30 10:08:47 | 耗时 1 ms | SQL 语句：
select distinct m.perms from t_role r left join t_user_role ur on (r.role_id = ur.role_id) left join t_user u on (u.user_id = ur.user_id) left join t_role_menu rm on (rm.role_id = r.role_id) left join t_menu m on (m.menu_id = rm.menu_id) where u.username = 'user' and m.perms is not null and m.perms <> '';
2021-09-30 10:08:47.502 ws [main] INFO  p6spy - 2021-09-30 10:08:47 | 耗时 0 ms | SQL 语句：
SELECT USER_ID,layout,color,multi_page,fix_siderbar,fix_header,theme FROM t_user_config WHERE USER_ID='24' ;
2021-09-30 10:08:47.510 ws [main] INFO  p6spy - 2021-09-30 10:08:47 | 耗时 1 ms | SQL 语句：
SELECT u.user_id userId, u.username, u.password, u.mobile, u.STATUS, u.create_time createTime, u.ssex, d.company_id companyId, d.company_name companyName, o.office_id officeId, o.office_name officeName, u.AVATAR, u.DESCRIPTION, u.LAST_LOGIN_TIME lastLoginTime, GROUP_CONCAT(r.role_id) roleId, GROUP_CONCAT(r.ROLE_NAME) roleName FROM t_user u LEFT JOIN t_company d ON (u.company_id = d.company_id) LEFT JOIN t_office o ON (u.office_id = o.office_id) LEFT JOIN t_user_role ur ON (u.user_id = ur.user_id) LEFT JOIN t_role r ON r.role_id = ur.role_id WHERE u.username = 'bizAdmin' group by u.username, u.user_id, u.password, u.mobile, u.STATUS, u.create_time, u.ssex, d.company_id, d.company_name, o.office_id, o.office_name, u.AVATAR, u.DESCRIPTION, u.LAST_LOGIN_TIME;
2021-09-30 10:08:47.517 ws [main] INFO  p6spy - 2021-09-30 10:08:47 | 耗时 0 ms | SQL 语句：
select r.* from t_role r left join t_user_role ur on (r.role_id = ur.role_id) left join t_user u on (u.user_id = ur.user_id) where u.username = 'bizAdmin';
2021-09-30 10:08:47.523 ws [main] INFO  p6spy - 2021-09-30 10:08:47 | 耗时 2 ms | SQL 语句：
select distinct m.perms from t_role r left join t_user_role ur on (r.role_id = ur.role_id) left join t_user u on (u.user_id = ur.user_id) left join t_role_menu rm on (rm.role_id = r.role_id) left join t_menu m on (m.menu_id = rm.menu_id) where u.username = 'bizAdmin' and m.perms is not null and m.perms <> '';
2021-09-30 10:08:47.531 ws [main] INFO  p6spy - 2021-09-30 10:08:47 | 耗时 0 ms | SQL 语句：
SELECT USER_ID,layout,color,multi_page,fix_siderbar,fix_header,theme FROM t_user_config WHERE USER_ID='25' ;
2021-09-30 10:08:47.535 ws [main] INFO  p6spy - 2021-09-30 10:08:47 | 耗时 1 ms | SQL 语句：
SELECT u.user_id userId, u.username, u.password, u.mobile, u.STATUS, u.create_time createTime, u.ssex, d.company_id companyId, d.company_name companyName, o.office_id officeId, o.office_name officeName, u.AVATAR, u.DESCRIPTION, u.LAST_LOGIN_TIME lastLoginTime, GROUP_CONCAT(r.role_id) roleId, GROUP_CONCAT(r.ROLE_NAME) roleName FROM t_user u LEFT JOIN t_company d ON (u.company_id = d.company_id) LEFT JOIN t_office o ON (u.office_id = o.office_id) LEFT JOIN t_user_role ur ON (u.user_id = ur.user_id) LEFT JOIN t_role r ON r.role_id = ur.role_id WHERE u.username = 'entTester' group by u.username, u.user_id, u.password, u.mobile, u.STATUS, u.create_time, u.ssex, d.company_id, d.company_name, o.office_id, o.office_name, u.AVATAR, u.DESCRIPTION, u.LAST_LOGIN_TIME;
2021-09-30 10:08:47.540 ws [main] INFO  p6spy - 2021-09-30 10:08:47 | 耗时 0 ms | SQL 语句：
select r.* from t_role r left join t_user_role ur on (r.role_id = ur.role_id) left join t_user u on (u.user_id = ur.user_id) where u.username = 'entTester';
2021-09-30 10:08:47.544 ws [main] INFO  p6spy - 2021-09-30 10:08:47 | 耗时 0 ms | SQL 语句：
select distinct m.perms from t_role r left join t_user_role ur on (r.role_id = ur.role_id) left join t_user u on (u.user_id = ur.user_id) left join t_role_menu rm on (rm.role_id = r.role_id) left join t_menu m on (m.menu_id = rm.menu_id) where u.username = 'entTester' and m.perms is not null and m.perms <> '';
2021-09-30 10:08:47.547 ws [main] INFO  p6spy - 2021-09-30 10:08:47 | 耗时 0 ms | SQL 语句：
SELECT USER_ID,layout,color,multi_page,fix_siderbar,fix_header,theme FROM t_user_config WHERE USER_ID='26' ;
2021-09-30 10:08:47.551 ws [main] INFO  p6spy - 2021-09-30 10:08:47 | 耗时 1 ms | SQL 语句：
SELECT u.user_id userId, u.username, u.password, u.mobile, u.STATUS, u.create_time createTime, u.ssex, d.company_id companyId, d.company_name companyName, o.office_id officeId, o.office_name officeName, u.AVATAR, u.DESCRIPTION, u.LAST_LOGIN_TIME lastLoginTime, GROUP_CONCAT(r.role_id) roleId, GROUP_CONCAT(r.ROLE_NAME) roleName FROM t_user u LEFT JOIN t_company d ON (u.company_id = d.company_id) LEFT JOIN t_office o ON (u.office_id = o.office_id) LEFT JOIN t_user_role ur ON (u.user_id = ur.user_id) LEFT JOIN t_role r ON r.role_id = ur.role_id WHERE u.username = 'govTester' group by u.username, u.user_id, u.password, u.mobile, u.STATUS, u.create_time, u.ssex, d.company_id, d.company_name, o.office_id, o.office_name, u.AVATAR, u.DESCRIPTION, u.LAST_LOGIN_TIME;
2021-09-30 10:08:47.555 ws [main] INFO  p6spy - 2021-09-30 10:08:47 | 耗时 0 ms | SQL 语句：
select r.* from t_role r left join t_user_role ur on (r.role_id = ur.role_id) left join t_user u on (u.user_id = ur.user_id) where u.username = 'govTester';
2021-09-30 10:08:47.558 ws [main] INFO  p6spy - 2021-09-30 10:08:47 | 耗时 0 ms | SQL 语句：
select distinct m.perms from t_role r left join t_user_role ur on (r.role_id = ur.role_id) left join t_user u on (u.user_id = ur.user_id) left join t_role_menu rm on (rm.role_id = r.role_id) left join t_menu m on (m.menu_id = rm.menu_id) where u.username = 'govTester' and m.perms is not null and m.perms <> '';
2021-09-30 10:08:47.561 ws [main] INFO  p6spy - 2021-09-30 10:08:47 | 耗时 0 ms | SQL 语句：
SELECT USER_ID,layout,color,multi_page,fix_siderbar,fix_header,theme FROM t_user_config WHERE USER_ID='27' ;
2021-09-30 10:08:47.562 ws [main] INFO  c.g.ws.common.runner.StartedUpRunner -  __    ___   _      ___   _     ____ _____  ____ 
2021-09-30 10:08:47.563 ws [main] INFO  c.g.ws.common.runner.StartedUpRunner - / /`  / / \ | |\/| | |_) | |   | |_   | |  | |_  
2021-09-30 10:08:47.563 ws [main] INFO  c.g.ws.common.runner.StartedUpRunner - \_\_, \_\_/ |_|  | |_|   |_|__ |_|__  |_|  |_|__ 
2021-09-30 10:08:47.563 ws [main] INFO  c.g.ws.common.runner.StartedUpRunner -                                                       
2021-09-30 10:08:47.563 ws [main] INFO  c.g.ws.common.runner.StartedUpRunner - WS 启动完毕，时间：2021-09-30T10:08:47.563
2021-09-30 10:08:47.947 ws [RMI TCP Connection(7)-127.0.0.1] INFO  o.a.c.c.C.[Tomcat].[localhost].[/] - Initializing Spring DispatcherServlet 'dispatcherServlet'
2021-09-30 10:08:47.948 ws [RMI TCP Connection(7)-127.0.0.1] INFO  o.s.web.servlet.DispatcherServlet - Initializing Servlet 'dispatcherServlet'
2021-09-30 10:08:47.948 ws [RMI TCP Connection(8)-127.0.0.1] INFO  p6spy - 2021-09-30 10:08:47 | 耗时 1 ms | SQL 语句：
select 1;
2021-09-30 10:08:47.991 ws [RMI TCP Connection(7)-127.0.0.1] INFO  o.s.web.servlet.DispatcherServlet - Completed initialization in 43 ms
2021-09-30 11:08:46.292 ws [scheduling-1] INFO  com.gzy.ws.common.task.CacheTask - delete expired user
2021-09-30 12:08:46.448 ws [scheduling-1] INFO  com.gzy.ws.common.task.CacheTask - delete expired user
2021-09-30 13:19:13.928 ws [scheduling-1] INFO  com.gzy.ws.common.task.CacheTask - delete expired user
2021-09-30 14:19:14.053 ws [scheduling-1] INFO  com.gzy.ws.common.task.CacheTask - delete expired user
2021-09-30 15:07:07.829 ws [Thread-30] INFO  org.quartz.core.QuartzScheduler - Scheduler quartzScheduler_$_NON_CLUSTERED paused.
2021-09-30 15:07:07.834 ws [Thread-30] INFO  o.s.s.c.ThreadPoolTaskScheduler - Shutting down ExecutorService 'taskScheduler'
2021-09-30 15:07:07.834 ws [Thread-30] INFO  o.s.s.quartz.SchedulerFactoryBean - Shutting down Quartz Scheduler
2021-09-30 15:07:07.835 ws [Thread-30] INFO  org.quartz.core.QuartzScheduler - Scheduler quartzScheduler_$_NON_CLUSTERED shutting down.
2021-09-30 15:07:07.835 ws [Thread-30] INFO  org.quartz.core.QuartzScheduler - Scheduler quartzScheduler_$_NON_CLUSTERED paused.
2021-09-30 15:07:07.837 ws [Thread-30] INFO  org.quartz.core.QuartzScheduler - Scheduler quartzScheduler_$_NON_CLUSTERED shutdown complete.
2021-09-30 15:07:07.864 ws [Thread-30] INFO  o.s.s.c.ThreadPoolTaskExecutor - Shutting down ExecutorService 'taskExecutor'
2021-09-30 15:07:07.881 ws [Thread-30] INFO  c.b.d.d.DynamicRoutingDataSource - dynamic-datasource start closing ....
2021-09-30 15:07:07.882 ws [Thread-30] INFO  com.zaxxer.hikari.HikariDataSource - primary - Shutdown initiated...
2021-09-30 15:07:07.888 ws [Thread-30] INFO  com.zaxxer.hikari.HikariDataSource - primary - Shutdown completed.
2021-09-30 15:07:07.888 ws [Thread-30] INFO  c.b.d.d.DynamicRoutingDataSource - dynamic-datasource all closed success,bye
2021-09-30 15:34:40.794 ws [main] INFO  com.socen.ws.WsApplication - Starting WsApplication on Socen-MacBook-Air-2.local with PID 51521 (/Users/DJAHa/Desktop/WarningSystem-master/backend/target/classes started by DJAHa in /Users/DJAHa/Desktop/WarningSystem-master/backend)
2021-09-30 15:34:40.797 ws [main] INFO  com.socen.ws.WsApplication - No active profile set, falling back to default profiles: default
2021-09-30 15:34:43.155 ws [main] INFO  o.s.d.r.c.RepositoryConfigurationDelegate - Multiple Spring Data modules found, entering strict repository configuration mode!
2021-09-30 15:34:43.164 ws [main] INFO  o.s.d.r.c.RepositoryConfigurationDelegate - Bootstrapping Spring Data repositories in DEFAULT mode.
2021-09-30 15:34:43.265 ws [main] INFO  o.s.d.r.c.RepositoryConfigurationDelegate - Finished Spring Data repository scanning in 48ms. Found 0 repository interfaces.
2021-09-30 15:34:43.826 ws [main] INFO  o.s.c.s.PostProcessorRegistrationDelegate$BeanPostProcessorChecker - Bean 'asyncExecutorPoolConfig' of type [com.socen.ws.common.config.AsyncExecutorPoolConfig$$EnhancerBySpringCGLIB$$c400e3a6] is not eligible for getting processed by all BeanPostProcessors (for example: not eligible for auto-proxying)
2021-09-30 15:34:44.048 ws [main] INFO  o.s.c.s.PostProcessorRegistrationDelegate$BeanPostProcessorChecker - Bean 'spring.datasource.dynamic-com.baomidou.dynamic.datasource.spring.boot.autoconfigure.DynamicDataSourceProperties' of type [com.baomidou.dynamic.datasource.spring.boot.autoconfigure.DynamicDataSourceProperties] is not eligible for getting processed by all BeanPostProcessors (for example: not eligible for auto-proxying)
2021-09-30 15:34:44.379 ws [main] INFO  o.s.c.s.PostProcessorRegistrationDelegate$BeanPostProcessorChecker - Bean 'com.baomidou.dynamic.datasource.spring.boot.autoconfigure.DynamicDataSourceAutoConfiguration' of type [com.baomidou.dynamic.datasource.spring.boot.autoconfigure.DynamicDataSourceAutoConfiguration$$EnhancerBySpringCGLIB$$c36ff55] is not eligible for getting processed by all BeanPostProcessors (for example: not eligible for auto-proxying)
2021-09-30 15:34:44.389 ws [main] INFO  o.s.c.s.PostProcessorRegistrationDelegate$BeanPostProcessorChecker - Bean 'dsProcessor' of type [com.baomidou.dynamic.datasource.processor.DsHeaderProcessor] is not eligible for getting processed by all BeanPostProcessors (for example: not eligible for auto-proxying)
2021-09-30 15:34:44.395 ws [main] INFO  o.s.c.s.PostProcessorRegistrationDelegate$BeanPostProcessorChecker - Bean 'dynamicDatasourceAnnotationAdvisor' of type [com.baomidou.dynamic.datasource.aop.DynamicDataSourceAnnotationAdvisor] is not eligible for getting processed by all BeanPostProcessors (for example: not eligible for auto-proxying)
2021-09-30 15:34:44.408 ws [main] INFO  o.s.c.s.PostProcessorRegistrationDelegate$BeanPostProcessorChecker - Bean 'org.springframework.transaction.annotation.ProxyTransactionManagementConfiguration' of type [org.springframework.transaction.annotation.ProxyTransactionManagementConfiguration$$EnhancerBySpringCGLIB$$a2a88e84] is not eligible for getting processed by all BeanPostProcessors (for example: not eligible for auto-proxying)
2021-09-30 15:34:44.435 ws [main] INFO  o.s.c.s.PostProcessorRegistrationDelegate$BeanPostProcessorChecker - Bean 'shiroConfig' of type [com.socen.ws.common.authentication.ShiroConfig$$EnhancerBySpringCGLIB$$93da02a2] is not eligible for getting processed by all BeanPostProcessors (for example: not eligible for auto-proxying)
2021-09-30 15:34:44.833 ws [main] INFO  o.s.c.s.PostProcessorRegistrationDelegate$BeanPostProcessorChecker - Bean 'redisConfig' of type [com.socen.ws.common.config.RedisConfig$$EnhancerBySpringCGLIB$$7efefef6] is not eligible for getting processed by all BeanPostProcessors (for example: not eligible for auto-proxying)
2021-09-30 15:34:44.872 ws [main] INFO  o.s.c.s.PostProcessorRegistrationDelegate$BeanPostProcessorChecker - Bean 'redisPoolFactory' of type [redis.clients.jedis.JedisPool] is not eligible for getting processed by all BeanPostProcessors (for example: not eligible for auto-proxying)
2021-09-30 15:34:44.879 ws [main] INFO  o.s.c.s.PostProcessorRegistrationDelegate$BeanPostProcessorChecker - Bean 'redisService' of type [com.socen.ws.common.service.impl.RedisServiceImpl] is not eligible for getting processed by all BeanPostProcessors (for example: not eligible for auto-proxying)
2021-09-30 15:34:45.002 ws [main] INFO  o.s.c.s.PostProcessorRegistrationDelegate$BeanPostProcessorChecker - Bean 'mybatis-plus-com.baomidou.mybatisplus.autoconfigure.MybatisPlusProperties' of type [com.baomidou.mybatisplus.autoconfigure.MybatisPlusProperties] is not eligible for getting processed by all BeanPostProcessors (for example: not eligible for auto-proxying)
2021-09-30 15:34:45.012 ws [main] INFO  o.s.c.s.PostProcessorRegistrationDelegate$BeanPostProcessorChecker - Bean 'mybatisPlusConfig' of type [com.socen.ws.common.config.MybatisPlusConfig$$EnhancerBySpringCGLIB$$1d157648] is not eligible for getting processed by all BeanPostProcessors (for example: not eligible for auto-proxying)
2021-09-30 15:34:45.017 ws [main] INFO  o.s.c.s.PostProcessorRegistrationDelegate$BeanPostProcessorChecker - Bean 'paginationInterceptor' of type [com.baomidou.mybatisplus.extension.plugins.PaginationInterceptor] is not eligible for getting processed by all BeanPostProcessors (for example: not eligible for auto-proxying)
2021-09-30 15:34:45.032 ws [main] INFO  o.s.c.s.PostProcessorRegistrationDelegate$BeanPostProcessorChecker - Bean 'com.baomidou.mybatisplus.autoconfigure.MybatisPlusAutoConfiguration' of type [com.baomidou.mybatisplus.autoconfigure.MybatisPlusAutoConfiguration$$EnhancerBySpringCGLIB$$e070fb1e] is not eligible for getting processed by all BeanPostProcessors (for example: not eligible for auto-proxying)
2021-09-30 15:34:45.052 ws [main] INFO  o.s.c.s.PostProcessorRegistrationDelegate$BeanPostProcessorChecker - Bean 'dynamicDataSourceCreator' of type [com.baomidou.dynamic.datasource.DynamicDataSourceCreator] is not eligible for getting processed by all BeanPostProcessors (for example: not eligible for auto-proxying)
2021-09-30 15:34:45.053 ws [main] INFO  o.s.c.s.PostProcessorRegistrationDelegate$BeanPostProcessorChecker - Bean 'dynamicDataSourceProvider' of type [com.baomidou.dynamic.datasource.provider.YmlDynamicDataSourceProvider] is not eligible for getting processed by all BeanPostProcessors (for example: not eligible for auto-proxying)
2021-09-30 15:34:45.058 ws [main] INFO  c.b.d.d.DynamicRoutingDataSource - dynamic-datasource detect P6SPY plugin and enabled it
2021-09-30 15:34:45.077 ws [main] INFO  com.zaxxer.hikari.HikariDataSource - primary - Starting...
2021-09-30 15:34:45.391 ws [main] INFO  com.zaxxer.hikari.HikariDataSource - primary - Start completed.
2021-09-30 15:34:45.391 ws [main] INFO  c.b.d.d.DynamicRoutingDataSource - dynamic-datasource - load a datasource named [primary] success
2021-09-30 15:34:45.391 ws [main] INFO  c.b.d.d.DynamicRoutingDataSource - dynamic-datasource initial loaded [1] datasource,primary datasource named [primary]
2021-09-30 15:34:45.391 ws [main] INFO  o.s.c.s.PostProcessorRegistrationDelegate$BeanPostProcessorChecker - Bean 'dataSource' of type [com.baomidou.dynamic.datasource.DynamicRoutingDataSource] is not eligible for getting processed by all BeanPostProcessors (for example: not eligible for auto-proxying)
2021-09-30 15:34:45.404 ws [main] INFO  o.s.c.s.PostProcessorRegistrationDelegate$BeanPostProcessorChecker - Bean 'spring.datasource-org.springframework.boot.autoconfigure.jdbc.DataSourceProperties' of type [org.springframework.boot.autoconfigure.jdbc.DataSourceProperties] is not eligible for getting processed by all BeanPostProcessors (for example: not eligible for auto-proxying)
2021-09-30 15:34:45.417 ws [main] INFO  o.s.c.s.PostProcessorRegistrationDelegate$BeanPostProcessorChecker - Bean 'org.springframework.boot.autoconfigure.jdbc.DataSourceInitializerInvoker' of type [org.springframework.boot.autoconfigure.jdbc.DataSourceInitializerInvoker] is not eligible for getting processed by all BeanPostProcessors (for example: not eligible for auto-proxying)
2021-09-30 15:34:45.677 ws [main] INFO  c.b.d.d.DynamicRoutingDataSource - dynamic-datasource start closing ....
2021-09-30 15:34:45.679 ws [main] INFO  com.zaxxer.hikari.HikariDataSource - primary - Shutdown initiated...
2021-09-30 15:34:45.688 ws [main] INFO  com.zaxxer.hikari.HikariDataSource - primary - Shutdown completed.
2021-09-30 15:34:45.688 ws [main] INFO  c.b.d.d.DynamicRoutingDataSource - dynamic-datasource all closed success,bye
2021-09-30 15:34:45.711 ws [main] INFO  o.s.b.a.l.ConditionEvaluationReportLoggingListener - 

Error starting ApplicationContext. To display the conditions report re-run your application with 'debug' enabled.
