2021-10-09 09:24:38.783 ws [main] INFO  com.socen.ws.WsApplication - Starting WsApplication on Socen-MacBook-Air-2.local with PID 96682 (/Users/DJAHa/Desktop/WarningSystem-master/backend/target/classes started by DJAHa in /Users/DJAHa/Desktop/WarningSystem-master/backend)
2021-10-09 09:24:38.792 ws [main] INFO  com.socen.ws.WsApplication - No active profile set, falling back to default profiles: default
2021-10-09 09:24:41.643 ws [main] INFO  o.s.d.r.c.RepositoryConfigurationDelegate - Multiple Spring Data modules found, entering strict repository configuration mode!
2021-10-09 09:24:41.652 ws [main] INFO  o.s.d.r.c.RepositoryConfigurationDelegate - Bootstrapping Spring Data repositories in DEFAULT mode.
2021-10-09 09:24:41.782 ws [main] INFO  o.s.d.r.c.RepositoryConfigurationDelegate - Finished Spring Data repository scanning in 80ms. Found 0 repository interfaces.
2021-10-09 09:24:42.430 ws [main] INFO  o.s.c.s.PostProcessorRegistrationDelegate$BeanPostProcessorChecker - Bean 'asyncExecutorPoolConfig' of type [com.socen.ws.common.config.AsyncExecutorPoolConfig$$EnhancerBySpringCGLIB$$782a6aee] is not eligible for getting processed by all BeanPostProcessors (for example: not eligible for auto-proxying)
2021-10-09 09:24:42.675 ws [main] INFO  o.s.c.s.PostProcessorRegistrationDelegate$BeanPostProcessorChecker - Bean 'spring.datasource.dynamic-com.baomidou.dynamic.datasource.spring.boot.autoconfigure.DynamicDataSourceProperties' of type [com.baomidou.dynamic.datasource.spring.boot.autoconfigure.DynamicDataSourceProperties] is not eligible for getting processed by all BeanPostProcessors (for example: not eligible for auto-proxying)
2021-10-09 09:24:42.997 ws [main] INFO  o.s.c.s.PostProcessorRegistrationDelegate$BeanPostProcessorChecker - Bean 'com.baomidou.dynamic.datasource.spring.boot.autoconfigure.DynamicDataSourceAutoConfiguration' of type [com.baomidou.dynamic.datasource.spring.boot.autoconfigure.DynamicDataSourceAutoConfiguration$$EnhancerBySpringCGLIB$$c060869d] is not eligible for getting processed by all BeanPostProcessors (for example: not eligible for auto-proxying)
2021-10-09 09:24:43.008 ws [main] INFO  o.s.c.s.PostProcessorRegistrationDelegate$BeanPostProcessorChecker - Bean 'dsProcessor' of type [com.baomidou.dynamic.datasource.processor.DsHeaderProcessor] is not eligible for getting processed by all BeanPostProcessors (for example: not eligible for auto-proxying)
2021-10-09 09:24:43.013 ws [main] INFO  o.s.c.s.PostProcessorRegistrationDelegate$BeanPostProcessorChecker - Bean 'dynamicDatasourceAnnotationAdvisor' of type [com.baomidou.dynamic.datasource.aop.DynamicDataSourceAnnotationAdvisor] is not eligible for getting processed by all BeanPostProcessors (for example: not eligible for auto-proxying)
2021-10-09 09:24:43.025 ws [main] INFO  o.s.c.s.PostProcessorRegistrationDelegate$BeanPostProcessorChecker - Bean 'org.springframework.transaction.annotation.ProxyTransactionManagementConfiguration' of type [org.springframework.transaction.annotation.ProxyTransactionManagementConfiguration$$EnhancerBySpringCGLIB$$56d215cc] is not eligible for getting processed by all BeanPostProcessors (for example: not eligible for auto-proxying)
2021-10-09 09:24:43.053 ws [main] INFO  o.s.c.s.PostProcessorRegistrationDelegate$BeanPostProcessorChecker - Bean 'shiroConfig' of type [com.socen.ws.common.authentication.ShiroConfig$$EnhancerBySpringCGLIB$$480389ea] is not eligible for getting processed by all BeanPostProcessors (for example: not eligible for auto-proxying)
2021-10-09 09:24:43.546 ws [main] INFO  o.s.c.s.PostProcessorRegistrationDelegate$BeanPostProcessorChecker - Bean 'redisConfig' of type [com.socen.ws.common.config.RedisConfig$$EnhancerBySpringCGLIB$$3328863e] is not eligible for getting processed by all BeanPostProcessors (for example: not eligible for auto-proxying)
2021-10-09 09:24:43.583 ws [main] INFO  o.s.c.s.PostProcessorRegistrationDelegate$BeanPostProcessorChecker - Bean 'redisPoolFactory' of type [redis.clients.jedis.JedisPool] is not eligible for getting processed by all BeanPostProcessors (for example: not eligible for auto-proxying)
2021-10-09 09:24:43.588 ws [main] INFO  o.s.c.s.PostProcessorRegistrationDelegate$BeanPostProcessorChecker - Bean 'redisService' of type [com.socen.ws.common.service.impl.RedisServiceImpl] is not eligible for getting processed by all BeanPostProcessors (for example: not eligible for auto-proxying)
2021-10-09 09:24:43.714 ws [main] INFO  o.s.c.s.PostProcessorRegistrationDelegate$BeanPostProcessorChecker - Bean 'mybatis-plus-com.baomidou.mybatisplus.autoconfigure.MybatisPlusProperties' of type [com.baomidou.mybatisplus.autoconfigure.MybatisPlusProperties] is not eligible for getting processed by all BeanPostProcessors (for example: not eligible for auto-proxying)
2021-10-09 09:24:43.728 ws [main] INFO  o.s.c.s.PostProcessorRegistrationDelegate$BeanPostProcessorChecker - Bean 'mybatisPlusConfig' of type [com.socen.ws.common.config.MybatisPlusConfig$$EnhancerBySpringCGLIB$$d13efd90] is not eligible for getting processed by all BeanPostProcessors (for example: not eligible for auto-proxying)
2021-10-09 09:24:43.736 ws [main] INFO  o.s.c.s.PostProcessorRegistrationDelegate$BeanPostProcessorChecker - Bean 'paginationInterceptor' of type [com.baomidou.mybatisplus.extension.plugins.PaginationInterceptor] is not eligible for getting processed by all BeanPostProcessors (for example: not eligible for auto-proxying)
2021-10-09 09:24:43.765 ws [main] INFO  o.s.c.s.PostProcessorRegistrationDelegate$BeanPostProcessorChecker - Bean 'com.baomidou.mybatisplus.autoconfigure.MybatisPlusAutoConfiguration' of type [com.baomidou.mybatisplus.autoconfigure.MybatisPlusAutoConfiguration$$EnhancerBySpringCGLIB$$949a8266] is not eligible for getting processed by all BeanPostProcessors (for example: not eligible for auto-proxying)
2021-10-09 09:24:43.790 ws [main] INFO  o.s.c.s.PostProcessorRegistrationDelegate$BeanPostProcessorChecker - Bean 'dynamicDataSourceCreator' of type [com.baomidou.dynamic.datasource.DynamicDataSourceCreator] is not eligible for getting processed by all BeanPostProcessors (for example: not eligible for auto-proxying)
2021-10-09 09:24:43.793 ws [main] INFO  o.s.c.s.PostProcessorRegistrationDelegate$BeanPostProcessorChecker - Bean 'dynamicDataSourceProvider' of type [com.baomidou.dynamic.datasource.provider.YmlDynamicDataSourceProvider] is not eligible for getting processed by all BeanPostProcessors (for example: not eligible for auto-proxying)
2021-10-09 09:24:43.802 ws [main] INFO  c.b.d.d.DynamicRoutingDataSource - dynamic-datasource detect P6SPY plugin and enabled it
2021-10-09 09:24:43.822 ws [main] INFO  com.zaxxer.hikari.HikariDataSource - primary - Starting...
2021-10-09 09:24:44.200 ws [main] INFO  com.zaxxer.hikari.HikariDataSource - primary - Start completed.
2021-10-09 09:24:44.201 ws [main] INFO  c.b.d.d.DynamicRoutingDataSource - dynamic-datasource - load a datasource named [primary] success
2021-10-09 09:24:44.201 ws [main] INFO  c.b.d.d.DynamicRoutingDataSource - dynamic-datasource initial loaded [1] datasource,primary datasource named [primary]
2021-10-09 09:24:44.201 ws [main] INFO  o.s.c.s.PostProcessorRegistrationDelegate$BeanPostProcessorChecker - Bean 'dataSource' of type [com.baomidou.dynamic.datasource.DynamicRoutingDataSource] is not eligible for getting processed by all BeanPostProcessors (for example: not eligible for auto-proxying)
2021-10-09 09:24:44.217 ws [main] INFO  o.s.c.s.PostProcessorRegistrationDelegate$BeanPostProcessorChecker - Bean 'spring.datasource-org.springframework.boot.autoconfigure.jdbc.DataSourceProperties' of type [org.springframework.boot.autoconfigure.jdbc.DataSourceProperties] is not eligible for getting processed by all BeanPostProcessors (for example: not eligible for auto-proxying)
2021-10-09 09:24:44.245 ws [main] INFO  o.s.c.s.PostProcessorRegistrationDelegate$BeanPostProcessorChecker - Bean 'org.springframework.boot.autoconfigure.jdbc.DataSourceInitializerInvoker' of type [org.springframework.boot.autoconfigure.jdbc.DataSourceInitializerInvoker] is not eligible for getting processed by all BeanPostProcessors (for example: not eligible for auto-proxying)
2021-10-09 09:24:44.542 ws [main] INFO  c.b.d.d.DynamicRoutingDataSource - dynamic-datasource start closing ....
2021-10-09 09:24:44.544 ws [main] INFO  com.zaxxer.hikari.HikariDataSource - primary - Shutdown initiated...
2021-10-09 09:24:44.553 ws [main] INFO  com.zaxxer.hikari.HikariDataSource - primary - Shutdown completed.
2021-10-09 09:24:44.553 ws [main] INFO  c.b.d.d.DynamicRoutingDataSource - dynamic-datasource all closed success,bye
2021-10-09 09:24:44.573 ws [main] INFO  o.s.b.a.l.ConditionEvaluationReportLoggingListener - 

Error starting ApplicationContext. To display the conditions report re-run your application with 'debug' enabled.
2021-10-09 09:40:38.331 ws [main] INFO  com.socen.ws.WsApplication - Starting WsApplication on Socen-MacBook-Air-2.local with PID 96979 (/Users/DJAHa/Desktop/WarningSystem-master/backend/target/classes started by DJAHa in /Users/DJAHa/Desktop/WarningSystem-master/backend)
2021-10-09 09:40:38.341 ws [main] INFO  com.socen.ws.WsApplication - No active profile set, falling back to default profiles: default
2021-10-09 09:40:41.257 ws [main] INFO  o.s.d.r.c.RepositoryConfigurationDelegate - Multiple Spring Data modules found, entering strict repository configuration mode!
2021-10-09 09:40:41.268 ws [main] INFO  o.s.d.r.c.RepositoryConfigurationDelegate - Bootstrapping Spring Data repositories in DEFAULT mode.
2021-10-09 09:40:41.395 ws [main] INFO  o.s.d.r.c.RepositoryConfigurationDelegate - Finished Spring Data repository scanning in 69ms. Found 0 repository interfaces.
2021-10-09 09:40:42.146 ws [main] INFO  o.s.c.s.PostProcessorRegistrationDelegate$BeanPostProcessorChecker - Bean 'asyncExecutorPoolConfig' of type [com.socen.ws.common.config.AsyncExecutorPoolConfig$$EnhancerBySpringCGLIB$$6eed3eb1] is not eligible for getting processed by all BeanPostProcessors (for example: not eligible for auto-proxying)
2021-10-09 09:40:42.445 ws [main] INFO  o.s.c.s.PostProcessorRegistrationDelegate$BeanPostProcessorChecker - Bean 'spring.datasource.dynamic-com.baomidou.dynamic.datasource.spring.boot.autoconfigure.DynamicDataSourceProperties' of type [com.baomidou.dynamic.datasource.spring.boot.autoconfigure.DynamicDataSourceProperties] is not eligible for getting processed by all BeanPostProcessors (for example: not eligible for auto-proxying)
2021-10-09 09:40:42.826 ws [main] INFO  o.s.c.s.PostProcessorRegistrationDelegate$BeanPostProcessorChecker - Bean 'com.baomidou.dynamic.datasource.spring.boot.autoconfigure.DynamicDataSourceAutoConfiguration' of type [com.baomidou.dynamic.datasource.spring.boot.autoconfigure.DynamicDataSourceAutoConfiguration$$EnhancerBySpringCGLIB$$b7235a60] is not eligible for getting processed by all BeanPostProcessors (for example: not eligible for auto-proxying)
2021-10-09 09:40:42.847 ws [main] INFO  o.s.c.s.PostProcessorRegistrationDelegate$BeanPostProcessorChecker - Bean 'dsProcessor' of type [com.baomidou.dynamic.datasource.processor.DsHeaderProcessor] is not eligible for getting processed by all BeanPostProcessors (for example: not eligible for auto-proxying)
2021-10-09 09:40:42.857 ws [main] INFO  o.s.c.s.PostProcessorRegistrationDelegate$BeanPostProcessorChecker - Bean 'dynamicDatasourceAnnotationAdvisor' of type [com.baomidou.dynamic.datasource.aop.DynamicDataSourceAnnotationAdvisor] is not eligible for getting processed by all BeanPostProcessors (for example: not eligible for auto-proxying)
2021-10-09 09:40:42.891 ws [main] INFO  o.s.c.s.PostProcessorRegistrationDelegate$BeanPostProcessorChecker - Bean 'org.springframework.transaction.annotation.ProxyTransactionManagementConfiguration' of type [org.springframework.transaction.annotation.ProxyTransactionManagementConfiguration$$EnhancerBySpringCGLIB$$4d94e98f] is not eligible for getting processed by all BeanPostProcessors (for example: not eligible for auto-proxying)
2021-10-09 09:40:42.922 ws [main] INFO  o.s.c.s.PostProcessorRegistrationDelegate$BeanPostProcessorChecker - Bean 'shiroConfig' of type [com.socen.ws.common.authentication.ShiroConfig$$EnhancerBySpringCGLIB$$3ec65dad] is not eligible for getting processed by all BeanPostProcessors (for example: not eligible for auto-proxying)
2021-10-09 09:40:43.341 ws [main] INFO  o.s.c.s.PostProcessorRegistrationDelegate$BeanPostProcessorChecker - Bean 'redisConfig' of type [com.socen.ws.common.config.RedisConfig$$EnhancerBySpringCGLIB$$29eb5a01] is not eligible for getting processed by all BeanPostProcessors (for example: not eligible for auto-proxying)
2021-10-09 09:40:43.379 ws [main] INFO  o.s.c.s.PostProcessorRegistrationDelegate$BeanPostProcessorChecker - Bean 'redisPoolFactory' of type [redis.clients.jedis.JedisPool] is not eligible for getting processed by all BeanPostProcessors (for example: not eligible for auto-proxying)
2021-10-09 09:40:43.386 ws [main] INFO  o.s.c.s.PostProcessorRegistrationDelegate$BeanPostProcessorChecker - Bean 'redisService' of type [com.socen.ws.common.service.impl.RedisServiceImpl] is not eligible for getting processed by all BeanPostProcessors (for example: not eligible for auto-proxying)
2021-10-09 09:40:43.500 ws [main] INFO  o.s.c.s.PostProcessorRegistrationDelegate$BeanPostProcessorChecker - Bean 'mybatis-plus-com.baomidou.mybatisplus.autoconfigure.MybatisPlusProperties' of type [com.baomidou.mybatisplus.autoconfigure.MybatisPlusProperties] is not eligible for getting processed by all BeanPostProcessors (for example: not eligible for auto-proxying)
2021-10-09 09:40:43.510 ws [main] INFO  o.s.c.s.PostProcessorRegistrationDelegate$BeanPostProcessorChecker - Bean 'mybatisPlusConfig' of type [com.socen.ws.common.config.MybatisPlusConfig$$EnhancerBySpringCGLIB$$c801d153] is not eligible for getting processed by all BeanPostProcessors (for example: not eligible for auto-proxying)
2021-10-09 09:40:43.516 ws [main] INFO  o.s.c.s.PostProcessorRegistrationDelegate$BeanPostProcessorChecker - Bean 'paginationInterceptor' of type [com.baomidou.mybatisplus.extension.plugins.PaginationInterceptor] is not eligible for getting processed by all BeanPostProcessors (for example: not eligible for auto-proxying)
2021-10-09 09:40:43.532 ws [main] INFO  o.s.c.s.PostProcessorRegistrationDelegate$BeanPostProcessorChecker - Bean 'com.baomidou.mybatisplus.autoconfigure.MybatisPlusAutoConfiguration' of type [com.baomidou.mybatisplus.autoconfigure.MybatisPlusAutoConfiguration$$EnhancerBySpringCGLIB$$8b5d5629] is not eligible for getting processed by all BeanPostProcessors (for example: not eligible for auto-proxying)
2021-10-09 09:40:43.551 ws [main] INFO  o.s.c.s.PostProcessorRegistrationDelegate$BeanPostProcessorChecker - Bean 'dynamicDataSourceCreator' of type [com.baomidou.dynamic.datasource.DynamicDataSourceCreator] is not eligible for getting processed by all BeanPostProcessors (for example: not eligible for auto-proxying)
2021-10-09 09:40:43.553 ws [main] INFO  o.s.c.s.PostProcessorRegistrationDelegate$BeanPostProcessorChecker - Bean 'dynamicDataSourceProvider' of type [com.baomidou.dynamic.datasource.provider.YmlDynamicDataSourceProvider] is not eligible for getting processed by all BeanPostProcessors (for example: not eligible for auto-proxying)
2021-10-09 09:40:43.562 ws [main] INFO  c.b.d.d.DynamicRoutingDataSource - dynamic-datasource detect P6SPY plugin and enabled it
2021-10-09 09:40:43.591 ws [main] INFO  com.zaxxer.hikari.HikariDataSource - primary - Starting...
2021-10-09 09:40:43.939 ws [main] INFO  com.zaxxer.hikari.HikariDataSource - primary - Start completed.
2021-10-09 09:40:43.941 ws [main] INFO  c.b.d.d.DynamicRoutingDataSource - dynamic-datasource - load a datasource named [primary] success
2021-10-09 09:40:43.941 ws [main] INFO  c.b.d.d.DynamicRoutingDataSource - dynamic-datasource initial loaded [1] datasource,primary datasource named [primary]
2021-10-09 09:40:43.941 ws [main] INFO  o.s.c.s.PostProcessorRegistrationDelegate$BeanPostProcessorChecker - Bean 'dataSource' of type [com.baomidou.dynamic.datasource.DynamicRoutingDataSource] is not eligible for getting processed by all BeanPostProcessors (for example: not eligible for auto-proxying)
2021-10-09 09:40:43.954 ws [main] INFO  o.s.c.s.PostProcessorRegistrationDelegate$BeanPostProcessorChecker - Bean 'spring.datasource-org.springframework.boot.autoconfigure.jdbc.DataSourceProperties' of type [org.springframework.boot.autoconfigure.jdbc.DataSourceProperties] is not eligible for getting processed by all BeanPostProcessors (for example: not eligible for auto-proxying)
2021-10-09 09:40:43.966 ws [main] INFO  o.s.c.s.PostProcessorRegistrationDelegate$BeanPostProcessorChecker - Bean 'org.springframework.boot.autoconfigure.jdbc.DataSourceInitializerInvoker' of type [org.springframework.boot.autoconfigure.jdbc.DataSourceInitializerInvoker] is not eligible for getting processed by all BeanPostProcessors (for example: not eligible for auto-proxying)
2021-10-09 09:40:45.106 ws [main] INFO  o.s.c.s.PostProcessorRegistrationDelegate$BeanPostProcessorChecker - Bean 'sqlSessionFactory' of type [org.apache.ibatis.session.defaults.DefaultSqlSessionFactory] is not eligible for getting processed by all BeanPostProcessors (for example: not eligible for auto-proxying)
2021-10-09 09:40:45.114 ws [main] INFO  o.s.c.s.PostProcessorRegistrationDelegate$BeanPostProcessorChecker - Bean 'sqlSessionTemplate' of type [org.mybatis.spring.SqlSessionTemplate] is not eligible for getting processed by all BeanPostProcessors (for example: not eligible for auto-proxying)
2021-10-09 09:40:45.119 ws [main] INFO  o.s.c.s.PostProcessorRegistrationDelegate$BeanPostProcessorChecker - Bean 'roleMapper' of type [org.mybatis.spring.mapper.MapperFactoryBean] is not eligible for getting processed by all BeanPostProcessors (for example: not eligible for auto-proxying)
2021-10-09 09:40:45.122 ws [main] INFO  o.s.c.s.PostProcessorRegistrationDelegate$BeanPostProcessorChecker - Bean 'roleMapper' of type [com.sun.proxy.$Proxy122] is not eligible for getting processed by all BeanPostProcessors (for example: not eligible for auto-proxying)
2021-10-09 09:40:45.161 ws [main] INFO  o.s.c.s.PostProcessorRegistrationDelegate$BeanPostProcessorChecker - Bean 'roleMenuMapper' of type [org.mybatis.spring.mapper.MapperFactoryBean] is not eligible for getting processed by all BeanPostProcessors (for example: not eligible for auto-proxying)
2021-10-09 09:40:45.163 ws [main] INFO  o.s.c.s.PostProcessorRegistrationDelegate$BeanPostProcessorChecker - Bean 'roleMenuMapper' of type [com.sun.proxy.$Proxy124] is not eligible for getting processed by all BeanPostProcessors (for example: not eligible for auto-proxying)
2021-10-09 09:40:45.177 ws [main] INFO  o.s.c.s.PostProcessorRegistrationDelegate$BeanPostProcessorChecker - Bean 'userRoleMapper' of type [org.mybatis.spring.mapper.MapperFactoryBean] is not eligible for getting processed by all BeanPostProcessors (for example: not eligible for auto-proxying)
2021-10-09 09:40:45.179 ws [main] INFO  o.s.c.s.PostProcessorRegistrationDelegate$BeanPostProcessorChecker - Bean 'userRoleMapper' of type [com.sun.proxy.$Proxy126] is not eligible for getting processed by all BeanPostProcessors (for example: not eligible for auto-proxying)
2021-10-09 09:40:45.182 ws [main] INFO  o.s.c.s.PostProcessorRegistrationDelegate$BeanPostProcessorChecker - Bean 'userRoleService' of type [com.socen.ws.system.service.impl.UserRoleServiceImpl] is not eligible for getting processed by all BeanPostProcessors (for example: not eligible for auto-proxying)
2021-10-09 09:40:45.257 ws [main] INFO  o.s.c.s.PostProcessorRegistrationDelegate$BeanPostProcessorChecker - Bean 'roleMenuService' of type [com.socen.ws.system.service.impl.RoleMenuServiceImpl] is not eligible for getting processed by all BeanPostProcessors (for example: not eligible for auto-proxying)
2021-10-09 09:40:45.292 ws [main] INFO  o.s.c.s.PostProcessorRegistrationDelegate$BeanPostProcessorChecker - Bean 'roleService' of type [com.socen.ws.system.service.impl.RoleServiceImpl] is not eligible for getting processed by all BeanPostProcessors (for example: not eligible for auto-proxying)
2021-10-09 09:40:45.354 ws [main] INFO  o.s.c.s.PostProcessorRegistrationDelegate$BeanPostProcessorChecker - Bean 'menuMapper' of type [org.mybatis.spring.mapper.MapperFactoryBean] is not eligible for getting processed by all BeanPostProcessors (for example: not eligible for auto-proxying)
2021-10-09 09:40:45.358 ws [main] INFO  o.s.c.s.PostProcessorRegistrationDelegate$BeanPostProcessorChecker - Bean 'menuMapper' of type [com.sun.proxy.$Proxy131] is not eligible for getting processed by all BeanPostProcessors (for example: not eligible for auto-proxying)
2021-10-09 09:40:45.365 ws [main] INFO  o.s.c.s.PostProcessorRegistrationDelegate$BeanPostProcessorChecker - Bean 'menuService' of type [com.socen.ws.system.service.impl.MenuServiceImpl] is not eligible for getting processed by all BeanPostProcessors (for example: not eligible for auto-proxying)
2021-10-09 09:40:45.426 ws [main] INFO  o.s.c.s.PostProcessorRegistrationDelegate$BeanPostProcessorChecker - Bean 'userMapper' of type [org.mybatis.spring.mapper.MapperFactoryBean] is not eligible for getting processed by all BeanPostProcessors (for example: not eligible for auto-proxying)
2021-10-09 09:40:45.428 ws [main] INFO  o.s.c.s.PostProcessorRegistrationDelegate$BeanPostProcessorChecker - Bean 'userMapper' of type [com.sun.proxy.$Proxy133] is not eligible for getting processed by all BeanPostProcessors (for example: not eligible for auto-proxying)
2021-10-09 09:40:45.470 ws [main] INFO  o.s.c.s.PostProcessorRegistrationDelegate$BeanPostProcessorChecker - Bean 'userConfigMapper' of type [org.mybatis.spring.mapper.MapperFactoryBean] is not eligible for getting processed by all BeanPostProcessors (for example: not eligible for auto-proxying)
2021-10-09 09:40:45.472 ws [main] INFO  o.s.c.s.PostProcessorRegistrationDelegate$BeanPostProcessorChecker - Bean 'userConfigMapper' of type [com.sun.proxy.$Proxy135] is not eligible for getting processed by all BeanPostProcessors (for example: not eligible for auto-proxying)
2021-10-09 09:40:45.476 ws [main] INFO  o.s.c.s.PostProcessorRegistrationDelegate$BeanPostProcessorChecker - Bean 'userConfigService' of type [com.socen.ws.system.service.impl.UserConfigServiceImpl] is not eligible for getting processed by all BeanPostProcessors (for example: not eligible for auto-proxying)
2021-10-09 09:40:45.508 ws [main] INFO  o.s.c.s.PostProcessorRegistrationDelegate$BeanPostProcessorChecker - Bean 'userService' of type [com.socen.ws.system.service.impl.UserServiceImpl] is not eligible for getting processed by all BeanPostProcessors (for example: not eligible for auto-proxying)
2021-10-09 09:40:45.567 ws [main] INFO  o.s.c.s.PostProcessorRegistrationDelegate$BeanPostProcessorChecker - Bean 'org.springframework.boot.autoconfigure.jackson.JacksonAutoConfiguration$JacksonObjectMapperConfiguration' of type [org.springframework.boot.autoconfigure.jackson.JacksonAutoConfiguration$JacksonObjectMapperConfiguration$$EnhancerBySpringCGLIB$$a9286920] is not eligible for getting processed by all BeanPostProcessors (for example: not eligible for auto-proxying)
2021-10-09 09:40:45.578 ws [main] INFO  o.s.c.s.PostProcessorRegistrationDelegate$BeanPostProcessorChecker - Bean 'org.springframework.boot.autoconfigure.jackson.JacksonAutoConfiguration$JacksonObjectMapperBuilderConfiguration' of type [org.springframework.boot.autoconfigure.jackson.JacksonAutoConfiguration$JacksonObjectMapperBuilderConfiguration$$EnhancerBySpringCGLIB$$5b752b39] is not eligible for getting processed by all BeanPostProcessors (for example: not eligible for auto-proxying)
2021-10-09 09:40:45.585 ws [main] INFO  o.s.c.s.PostProcessorRegistrationDelegate$BeanPostProcessorChecker - Bean 'org.springframework.boot.autoconfigure.jackson.JacksonAutoConfiguration$Jackson2ObjectMapperBuilderCustomizerConfiguration' of type [org.springframework.boot.autoconfigure.jackson.JacksonAutoConfiguration$Jackson2ObjectMapperBuilderCustomizerConfiguration$$EnhancerBySpringCGLIB$$168c1128] is not eligible for getting processed by all BeanPostProcessors (for example: not eligible for auto-proxying)
2021-10-09 09:40:45.603 ws [main] INFO  o.s.c.s.PostProcessorRegistrationDelegate$BeanPostProcessorChecker - Bean 'spring.jackson-org.springframework.boot.autoconfigure.jackson.JacksonProperties' of type [org.springframework.boot.autoconfigure.jackson.JacksonProperties] is not eligible for getting processed by all BeanPostProcessors (for example: not eligible for auto-proxying)
2021-10-09 09:40:45.609 ws [main] INFO  o.s.c.s.PostProcessorRegistrationDelegate$BeanPostProcessorChecker - Bean 'standardJacksonObjectMapperBuilderCustomizer' of type [org.springframework.boot.autoconfigure.jackson.JacksonAutoConfiguration$Jackson2ObjectMapperBuilderCustomizerConfiguration$StandardJackson2ObjectMapperBuilderCustomizer] is not eligible for getting processed by all BeanPostProcessors (for example: not eligible for auto-proxying)
2021-10-09 09:40:45.616 ws [main] INFO  o.s.c.s.PostProcessorRegistrationDelegate$BeanPostProcessorChecker - Bean 'org.springframework.boot.autoconfigure.jackson.JacksonAutoConfiguration$ParameterNamesModuleConfiguration' of type [org.springframework.boot.autoconfigure.jackson.JacksonAutoConfiguration$ParameterNamesModuleConfiguration$$EnhancerBySpringCGLIB$$3d578856] is not eligible for getting processed by all BeanPostProcessors (for example: not eligible for auto-proxying)
2021-10-09 09:40:45.625 ws [main] INFO  o.s.c.s.PostProcessorRegistrationDelegate$BeanPostProcessorChecker - Bean 'parameterNamesModule' of type [com.fasterxml.jackson.module.paramnames.ParameterNamesModule] is not eligible for getting processed by all BeanPostProcessors (for example: not eligible for auto-proxying)
2021-10-09 09:40:45.628 ws [main] INFO  o.s.c.s.PostProcessorRegistrationDelegate$BeanPostProcessorChecker - Bean 'org.springframework.boot.autoconfigure.jackson.JacksonAutoConfiguration' of type [org.springframework.boot.autoconfigure.jackson.JacksonAutoConfiguration$$EnhancerBySpringCGLIB$$8b3406af] is not eligible for getting processed by all BeanPostProcessors (for example: not eligible for auto-proxying)
2021-10-09 09:40:45.640 ws [main] INFO  o.s.c.s.PostProcessorRegistrationDelegate$BeanPostProcessorChecker - Bean 'jsonComponentModule' of type [org.springframework.boot.jackson.JsonComponentModule] is not eligible for getting processed by all BeanPostProcessors (for example: not eligible for auto-proxying)
2021-10-09 09:40:45.643 ws [main] INFO  o.s.c.s.PostProcessorRegistrationDelegate$BeanPostProcessorChecker - Bean 'org.springframework.data.web.config.SpringDataJacksonConfiguration' of type [org.springframework.data.web.config.SpringDataJacksonConfiguration] is not eligible for getting processed by all BeanPostProcessors (for example: not eligible for auto-proxying)
2021-10-09 09:40:45.657 ws [main] INFO  o.s.c.s.PostProcessorRegistrationDelegate$BeanPostProcessorChecker - Bean 'jacksonGeoModule' of type [org.springframework.data.geo.GeoModule] is not eligible for getting processed by all BeanPostProcessors (for example: not eligible for auto-proxying)
2021-10-09 09:40:45.664 ws [main] INFO  o.s.c.s.PostProcessorRegistrationDelegate$BeanPostProcessorChecker - Bean 'jacksonObjectMapperBuilder' of type [org.springframework.http.converter.json.Jackson2ObjectMapperBuilder] is not eligible for getting processed by all BeanPostProcessors (for example: not eligible for auto-proxying)
2021-10-09 09:40:45.712 ws [main] INFO  o.s.c.s.PostProcessorRegistrationDelegate$BeanPostProcessorChecker - Bean 'jacksonObjectMapper' of type [com.fasterxml.jackson.databind.ObjectMapper] is not eligible for getting processed by all BeanPostProcessors (for example: not eligible for auto-proxying)
2021-10-09 09:40:45.761 ws [main] INFO  o.s.c.s.PostProcessorRegistrationDelegate$BeanPostProcessorChecker - Bean 'cacheService' of type [com.socen.ws.common.service.impl.CacheServiceImpl] is not eligible for getting processed by all BeanPostProcessors (for example: not eligible for auto-proxying)
2021-10-09 09:40:45.793 ws [main] INFO  o.s.c.s.PostProcessorRegistrationDelegate$BeanPostProcessorChecker - Bean 'zoneMapper' of type [org.mybatis.spring.mapper.MapperFactoryBean] is not eligible for getting processed by all BeanPostProcessors (for example: not eligible for auto-proxying)
2021-10-09 09:40:45.796 ws [main] INFO  o.s.c.s.PostProcessorRegistrationDelegate$BeanPostProcessorChecker - Bean 'zoneMapper' of type [com.sun.proxy.$Proxy138] is not eligible for getting processed by all BeanPostProcessors (for example: not eligible for auto-proxying)
2021-10-09 09:40:45.816 ws [main] INFO  o.s.c.s.PostProcessorRegistrationDelegate$BeanPostProcessorChecker - Bean 'companyMapper' of type [org.mybatis.spring.mapper.MapperFactoryBean] is not eligible for getting processed by all BeanPostProcessors (for example: not eligible for auto-proxying)
2021-10-09 09:40:45.820 ws [main] INFO  o.s.c.s.PostProcessorRegistrationDelegate$BeanPostProcessorChecker - Bean 'companyMapper' of type [com.sun.proxy.$Proxy139] is not eligible for getting processed by all BeanPostProcessors (for example: not eligible for auto-proxying)
2021-10-09 09:40:45.835 ws [main] INFO  o.s.c.s.PostProcessorRegistrationDelegate$BeanPostProcessorChecker - Bean 'companyUnitMapper' of type [org.mybatis.spring.mapper.MapperFactoryBean] is not eligible for getting processed by all BeanPostProcessors (for example: not eligible for auto-proxying)
2021-10-09 09:40:45.839 ws [main] INFO  o.s.c.s.PostProcessorRegistrationDelegate$BeanPostProcessorChecker - Bean 'companyUnitMapper' of type [com.sun.proxy.$Proxy141] is not eligible for getting processed by all BeanPostProcessors (for example: not eligible for auto-proxying)
2021-10-09 09:40:45.850 ws [main] INFO  o.s.c.s.PostProcessorRegistrationDelegate$BeanPostProcessorChecker - Bean 'ICompanyUnitService' of type [com.socen.ws.gen.service.impl.CompanyUnitServiceImpl] is not eligible for getting processed by all BeanPostProcessors (for example: not eligible for auto-proxying)
2021-10-09 09:40:45.889 ws [main] INFO  o.s.c.s.PostProcessorRegistrationDelegate$BeanPostProcessorChecker - Bean 'ICompanyService' of type [com.socen.ws.gen.service.impl.CompanyServiceImpl] is not eligible for getting processed by all BeanPostProcessors (for example: not eligible for auto-proxying)
2021-10-09 09:40:45.910 ws [main] INFO  o.s.c.s.PostProcessorRegistrationDelegate$BeanPostProcessorChecker - Bean 'IZoneService' of type [com.socen.ws.gen.service.impl.ZoneServiceImpl] is not eligible for getting processed by all BeanPostProcessors (for example: not eligible for auto-proxying)
2021-10-09 09:40:45.951 ws [main] INFO  o.s.c.s.PostProcessorRegistrationDelegate$BeanPostProcessorChecker - Bean 'userManager' of type [com.socen.ws.system.manager.UserManager] is not eligible for getting processed by all BeanPostProcessors (for example: not eligible for auto-proxying)
2021-10-09 09:40:45.954 ws [main] INFO  o.s.c.s.PostProcessorRegistrationDelegate$BeanPostProcessorChecker - Bean 'shiroRealm' of type [com.socen.ws.common.authentication.ShiroRealm] is not eligible for getting processed by all BeanPostProcessors (for example: not eligible for auto-proxying)
2021-10-09 09:40:45.984 ws [main] INFO  o.s.c.s.PostProcessorRegistrationDelegate$BeanPostProcessorChecker - Bean 'securityManager' of type [org.apache.shiro.web.mgt.DefaultWebSecurityManager] is not eligible for getting processed by all BeanPostProcessors (for example: not eligible for auto-proxying)
2021-10-09 09:40:46.023 ws [main] INFO  o.s.c.s.PostProcessorRegistrationDelegate$BeanPostProcessorChecker - Bean 'authorizationAttributeSourceAdvisor' of type [org.apache.shiro.spring.security.interceptor.AuthorizationAttributeSourceAdvisor] is not eligible for getting processed by all BeanPostProcessors (for example: not eligible for auto-proxying)
2021-10-09 09:40:46.659 ws [main] INFO  o.s.b.w.e.tomcat.TomcatWebServer - Tomcat initialized with port(s): 9527 (http)
2021-10-09 09:40:46.692 ws [main] INFO  o.a.coyote.http11.Http11NioProtocol - Initializing ProtocolHandler ["http-nio-9527"]
2021-10-09 09:40:46.706 ws [main] INFO  o.a.catalina.core.StandardService - Starting service [Tomcat]
2021-10-09 09:40:46.706 ws [main] INFO  o.a.catalina.core.StandardEngine - Starting Servlet engine: [Apache Tomcat/9.0.22]
2021-10-09 09:40:46.976 ws [main] INFO  o.a.c.c.C.[Tomcat].[localhost].[/] - Initializing Spring embedded WebApplicationContext
2021-10-09 09:40:46.976 ws [main] INFO  o.s.web.context.ContextLoader - Root WebApplicationContext: initialization completed in 8416 ms
2021-10-09 09:40:49.969 ws [main] INFO  o.s.b.a.e.web.EndpointLinksResolver - Exposing 2 endpoint(s) beneath base path '/actuator'
2021-10-09 09:40:50.151 ws [main] INFO  o.s.s.c.ThreadPoolTaskExecutor - Initializing ExecutorService 'taskExecutor'
2021-10-09 09:40:50.229 ws [main] INFO  s.d.s.w.PropertySourcedRequestMappingHandlerMapping - Mapped URL path [/v2/api-docs] onto method [springfox.documentation.swagger2.web.Swagger2Controller#getDocumentation(String, HttpServletRequest)]
2021-10-09 09:40:51.881 ws [main] INFO  org.quartz.impl.StdSchedulerFactory - Using default implementation for ThreadExecutor
2021-10-09 09:40:52.273 ws [main] INFO  o.quartz.core.SchedulerSignalerImpl - Initialized Scheduler Signaller of type: class org.quartz.core.SchedulerSignalerImpl
2021-10-09 09:40:52.273 ws [main] INFO  org.quartz.core.QuartzScheduler - Quartz Scheduler v.2.3.1 created.
2021-10-09 09:40:52.274 ws [main] INFO  org.quartz.simpl.RAMJobStore - RAMJobStore initialized.
2021-10-09 09:40:52.275 ws [main] INFO  org.quartz.core.QuartzScheduler - Scheduler meta-data: Quartz Scheduler (v2.3.1) 'quartzScheduler' with instanceId 'NON_CLUSTERED'
  Scheduler class: 'org.quartz.core.QuartzScheduler' - running locally.
  NOT STARTED.
  Currently in standby mode.
  Number of jobs executed: 0
  Using thread pool 'org.quartz.simpl.SimpleThreadPool' - with 10 threads.
  Using job-store 'org.quartz.simpl.RAMJobStore' - which does not support persistence. and is not clustered.

2021-10-09 09:40:52.275 ws [main] INFO  org.quartz.impl.StdSchedulerFactory - Quartz scheduler 'quartzScheduler' initialized from an externally provided properties instance.
2021-10-09 09:40:52.275 ws [main] INFO  org.quartz.impl.StdSchedulerFactory - Quartz scheduler version: 2.3.1
2021-10-09 09:40:52.275 ws [main] INFO  org.quartz.core.QuartzScheduler - JobFactory set to: org.springframework.scheduling.quartz.SpringBeanJobFactory@2052f095
2021-10-09 09:40:52.312 ws [main] INFO  o.s.s.c.ThreadPoolTaskScheduler - Initializing ExecutorService 'taskScheduler'
2021-10-09 09:40:52.456 ws [main] INFO  s.d.s.w.p.DocumentationPluginsBootstrapper - Context refreshed
2021-10-09 09:40:52.525 ws [main] INFO  s.d.s.w.p.DocumentationPluginsBootstrapper - Found 1 custom documentation plugin(s)
2021-10-09 09:40:52.655 ws [main] INFO  s.d.s.w.s.ApiListingReferenceScanner - Scanning for api listing references
2021-10-09 09:40:52.964 ws [main] INFO  s.d.s.w.r.o.CachingOperationNameGenerator - Generating unique operation named: exportUsingPOST_1
2021-10-09 09:40:52.977 ws [main] INFO  s.d.s.w.r.o.CachingOperationNameGenerator - Generating unique operation named: exportUsingPOST_2
2021-10-09 09:40:53.022 ws [main] INFO  s.d.s.w.r.o.CachingOperationNameGenerator - Generating unique operation named: addUnitUsingPOST_1
2021-10-09 09:40:53.038 ws [main] INFO  s.d.s.w.r.o.CachingOperationNameGenerator - Generating unique operation named: exportUsingPOST_3
2021-10-09 09:40:53.065 ws [main] INFO  s.d.s.w.r.o.CachingOperationNameGenerator - Generating unique operation named: exportUsingPOST_4
2021-10-09 09:40:53.133 ws [main] INFO  s.d.s.w.r.o.CachingOperationNameGenerator - Generating unique operation named: exportUsingPOST_5
2021-10-09 09:40:53.142 ws [main] INFO  s.d.s.w.r.o.CachingOperationNameGenerator - Generating unique operation named: exportUsingPOST_6
2021-10-09 09:40:53.169 ws [main] INFO  s.d.s.w.r.o.CachingOperationNameGenerator - Generating unique operation named: exportUsingPOST_7
2021-10-09 09:40:53.228 ws [main] INFO  s.d.s.w.r.o.CachingOperationNameGenerator - Generating unique operation named: exportUsingPOST_8
2021-10-09 09:40:53.277 ws [main] INFO  o.s.s.quartz.SchedulerFactoryBean - Starting Quartz Scheduler now
2021-10-09 09:40:53.281 ws [main] INFO  org.quartz.core.QuartzScheduler - Scheduler quartzScheduler_$_NON_CLUSTERED started.
2021-10-09 09:40:53.308 ws [main] INFO  o.a.coyote.http11.Http11NioProtocol - Starting ProtocolHandler ["http-nio-9527"]
2021-10-09 09:40:53.357 ws [scheduling-1] INFO  com.socen.ws.common.task.CacheTask - delete expired user
2021-10-09 09:40:53.365 ws [main] INFO  o.s.b.w.e.tomcat.TomcatWebServer - Tomcat started on port(s): 9527 (http) with context path ''
2021-10-09 09:40:53.368 ws [main] INFO  com.socen.ws.WsApplication - Started WsApplication in 16.554 seconds (JVM running for 18.017)
2021-10-09 09:40:53.385 ws [main] INFO  c.s.ws.common.runner.CacheInitRunner - Redis连接中 ······
2021-10-09 09:40:53.388 ws [main] INFO  c.s.ws.common.runner.CacheInitRunner - 缓存初始化 ······
2021-10-09 09:40:53.388 ws [main] INFO  c.s.ws.common.runner.CacheInitRunner - 缓存用户数据 ······
2021-10-09 09:40:53.631 ws [main] INFO  p6spy - 2021-10-09 09:40:53 | 耗时 39 ms | SQL 语句：
SELECT USER_ID,description,password,modify_time,office_id,ssex,mobile,avatar,last_login_time,company_id,create_time,status,username FROM t_user;
2021-10-09 09:40:53.687 ws [main] INFO  p6spy - 2021-10-09 09:40:53 | 耗时 33 ms | SQL 语句：
SELECT u.user_id userId, u.username, u.password, u.mobile, u.STATUS, u.create_time createTime, u.ssex, d.company_id companyId, d.company_name companyName, o.office_id officeId, o.office_name officeName, u.AVATAR, u.DESCRIPTION, u.LAST_LOGIN_TIME lastLoginTime, GROUP_CONCAT(r.role_id) roleId, GROUP_CONCAT(r.ROLE_NAME) roleName FROM t_user u LEFT JOIN t_company d ON (u.company_id = d.company_id) LEFT JOIN t_office o ON (u.office_id = o.office_id) LEFT JOIN t_user_role ur ON (u.user_id = ur.user_id) LEFT JOIN t_role r ON r.role_id = ur.role_id WHERE u.username = 'yzj_admin' group by u.username, u.user_id, u.password, u.mobile, u.STATUS, u.create_time, u.ssex, d.company_id, d.company_name, o.office_id, o.office_name, u.AVATAR, u.DESCRIPTION, u.LAST_LOGIN_TIME;
2021-10-09 09:40:53.795 ws [main] INFO  p6spy - 2021-10-09 09:40:53 | 耗时 4 ms | SQL 语句：
select r.* from t_role r left join t_user_role ur on (r.role_id = ur.role_id) left join t_user u on (u.user_id = ur.user_id) where u.username = 'yzj_admin';
2021-10-09 09:40:53.823 ws [main] INFO  p6spy - 2021-10-09 09:40:53 | 耗时 7 ms | SQL 语句：
select distinct m.perms from t_role r left join t_user_role ur on (r.role_id = ur.role_id) left join t_user u on (u.user_id = ur.user_id) left join t_role_menu rm on (rm.role_id = r.role_id) left join t_menu m on (m.menu_id = rm.menu_id) where u.username = 'yzj_admin' and m.perms is not null and m.perms <> '';
2021-10-09 09:40:53.867 ws [main] INFO  p6spy - 2021-10-09 09:40:53 | 耗时 10 ms | SQL 语句：
SELECT USER_ID,layout,color,multi_page,fix_siderbar,fix_header,theme FROM t_user_config WHERE USER_ID='18' ;
2021-10-09 09:40:53.879 ws [main] INFO  p6spy - 2021-10-09 09:40:53 | 耗时 3 ms | SQL 语句：
SELECT u.user_id userId, u.username, u.password, u.mobile, u.STATUS, u.create_time createTime, u.ssex, d.company_id companyId, d.company_name companyName, o.office_id officeId, o.office_name officeName, u.AVATAR, u.DESCRIPTION, u.LAST_LOGIN_TIME lastLoginTime, GROUP_CONCAT(r.role_id) roleId, GROUP_CONCAT(r.ROLE_NAME) roleName FROM t_user u LEFT JOIN t_company d ON (u.company_id = d.company_id) LEFT JOIN t_office o ON (u.office_id = o.office_id) LEFT JOIN t_user_role ur ON (u.user_id = ur.user_id) LEFT JOIN t_role r ON r.role_id = ur.role_id WHERE u.username = 'sbs_admin' group by u.username, u.user_id, u.password, u.mobile, u.STATUS, u.create_time, u.ssex, d.company_id, d.company_name, o.office_id, o.office_name, u.AVATAR, u.DESCRIPTION, u.LAST_LOGIN_TIME;
2021-10-09 09:40:53.886 ws [main] INFO  p6spy - 2021-10-09 09:40:53 | 耗时 1 ms | SQL 语句：
select r.* from t_role r left join t_user_role ur on (r.role_id = ur.role_id) left join t_user u on (u.user_id = ur.user_id) where u.username = 'sbs_admin';
2021-10-09 09:40:53.896 ws [main] INFO  p6spy - 2021-10-09 09:40:53 | 耗时 4 ms | SQL 语句：
select distinct m.perms from t_role r left join t_user_role ur on (r.role_id = ur.role_id) left join t_user u on (u.user_id = ur.user_id) left join t_role_menu rm on (rm.role_id = r.role_id) left join t_menu m on (m.menu_id = rm.menu_id) where u.username = 'sbs_admin' and m.perms is not null and m.perms <> '';
2021-10-09 09:40:53.906 ws [main] INFO  p6spy - 2021-10-09 09:40:53 | 耗时 1 ms | SQL 语句：
SELECT USER_ID,layout,color,multi_page,fix_siderbar,fix_header,theme FROM t_user_config WHERE USER_ID='19' ;
2021-10-09 09:40:53.912 ws [main] INFO  p6spy - 2021-10-09 09:40:53 | 耗时 2 ms | SQL 语句：
SELECT u.user_id userId, u.username, u.password, u.mobile, u.STATUS, u.create_time createTime, u.ssex, d.company_id companyId, d.company_name companyName, o.office_id officeId, o.office_name officeName, u.AVATAR, u.DESCRIPTION, u.LAST_LOGIN_TIME lastLoginTime, GROUP_CONCAT(r.role_id) roleId, GROUP_CONCAT(r.ROLE_NAME) roleName FROM t_user u LEFT JOIN t_company d ON (u.company_id = d.company_id) LEFT JOIN t_office o ON (u.office_id = o.office_id) LEFT JOIN t_user_role ur ON (u.user_id = ur.user_id) LEFT JOIN t_role r ON r.role_id = ur.role_id WHERE u.username = 'zb_admin' group by u.username, u.user_id, u.password, u.mobile, u.STATUS, u.create_time, u.ssex, d.company_id, d.company_name, o.office_id, o.office_name, u.AVATAR, u.DESCRIPTION, u.LAST_LOGIN_TIME;
2021-10-09 09:40:53.919 ws [main] INFO  p6spy - 2021-10-09 09:40:53 | 耗时 2 ms | SQL 语句：
select r.* from t_role r left join t_user_role ur on (r.role_id = ur.role_id) left join t_user u on (u.user_id = ur.user_id) where u.username = 'zb_admin';
2021-10-09 09:40:53.925 ws [main] INFO  p6spy - 2021-10-09 09:40:53 | 耗时 1 ms | SQL 语句：
select distinct m.perms from t_role r left join t_user_role ur on (r.role_id = ur.role_id) left join t_user u on (u.user_id = ur.user_id) left join t_role_menu rm on (rm.role_id = r.role_id) left join t_menu m on (m.menu_id = rm.menu_id) where u.username = 'zb_admin' and m.perms is not null and m.perms <> '';
2021-10-09 09:40:53.934 ws [main] INFO  p6spy - 2021-10-09 09:40:53 | 耗时 0 ms | SQL 语句：
SELECT USER_ID,layout,color,multi_page,fix_siderbar,fix_header,theme FROM t_user_config WHERE USER_ID='20' ;
2021-10-09 09:40:53.943 ws [main] INFO  p6spy - 2021-10-09 09:40:53 | 耗时 2 ms | SQL 语句：
SELECT u.user_id userId, u.username, u.password, u.mobile, u.STATUS, u.create_time createTime, u.ssex, d.company_id companyId, d.company_name companyName, o.office_id officeId, o.office_name officeName, u.AVATAR, u.DESCRIPTION, u.LAST_LOGIN_TIME lastLoginTime, GROUP_CONCAT(r.role_id) roleId, GROUP_CONCAT(r.ROLE_NAME) roleName FROM t_user u LEFT JOIN t_company d ON (u.company_id = d.company_id) LEFT JOIN t_office o ON (u.office_id = o.office_id) LEFT JOIN t_user_role ur ON (u.user_id = ur.user_id) LEFT JOIN t_role r ON r.role_id = ur.role_id WHERE u.username = 'xrj_admin' group by u.username, u.user_id, u.password, u.mobile, u.STATUS, u.create_time, u.ssex, d.company_id, d.company_name, o.office_id, o.office_name, u.AVATAR, u.DESCRIPTION, u.LAST_LOGIN_TIME;
2021-10-09 09:40:53.947 ws [main] INFO  p6spy - 2021-10-09 09:40:53 | 耗时 1 ms | SQL 语句：
select r.* from t_role r left join t_user_role ur on (r.role_id = ur.role_id) left join t_user u on (u.user_id = ur.user_id) where u.username = 'xrj_admin';
2021-10-09 09:40:53.956 ws [main] INFO  p6spy - 2021-10-09 09:40:53 | 耗时 3 ms | SQL 语句：
select distinct m.perms from t_role r left join t_user_role ur on (r.role_id = ur.role_id) left join t_user u on (u.user_id = ur.user_id) left join t_role_menu rm on (rm.role_id = r.role_id) left join t_menu m on (m.menu_id = rm.menu_id) where u.username = 'xrj_admin' and m.perms is not null and m.perms <> '';
2021-10-09 09:40:53.962 ws [main] INFO  p6spy - 2021-10-09 09:40:53 | 耗时 0 ms | SQL 语句：
SELECT USER_ID,layout,color,multi_page,fix_siderbar,fix_header,theme FROM t_user_config WHERE USER_ID='21' ;
2021-10-09 09:40:53.966 ws [main] INFO  p6spy - 2021-10-09 09:40:53 | 耗时 0 ms | SQL 语句：
SELECT u.user_id userId, u.username, u.password, u.mobile, u.STATUS, u.create_time createTime, u.ssex, d.company_id companyId, d.company_name companyName, o.office_id officeId, o.office_name officeName, u.AVATAR, u.DESCRIPTION, u.LAST_LOGIN_TIME lastLoginTime, GROUP_CONCAT(r.role_id) roleId, GROUP_CONCAT(r.ROLE_NAME) roleName FROM t_user u LEFT JOIN t_company d ON (u.company_id = d.company_id) LEFT JOIN t_office o ON (u.office_id = o.office_id) LEFT JOIN t_user_role ur ON (u.user_id = ur.user_id) LEFT JOIN t_role r ON r.role_id = ur.role_id WHERE u.username = 'zcy_admin' group by u.username, u.user_id, u.password, u.mobile, u.STATUS, u.create_time, u.ssex, d.company_id, d.company_name, o.office_id, o.office_name, u.AVATAR, u.DESCRIPTION, u.LAST_LOGIN_TIME;
2021-10-09 09:40:53.969 ws [main] INFO  p6spy - 2021-10-09 09:40:53 | 耗时 0 ms | SQL 语句：
select r.* from t_role r left join t_user_role ur on (r.role_id = ur.role_id) left join t_user u on (u.user_id = ur.user_id) where u.username = 'zcy_admin';
2021-10-09 09:40:53.973 ws [main] INFO  p6spy - 2021-10-09 09:40:53 | 耗时 1 ms | SQL 语句：
select distinct m.perms from t_role r left join t_user_role ur on (r.role_id = ur.role_id) left join t_user u on (u.user_id = ur.user_id) left join t_role_menu rm on (rm.role_id = r.role_id) left join t_menu m on (m.menu_id = rm.menu_id) where u.username = 'zcy_admin' and m.perms is not null and m.perms <> '';
2021-10-09 09:40:53.978 ws [main] INFO  p6spy - 2021-10-09 09:40:53 | 耗时 0 ms | SQL 语句：
SELECT USER_ID,layout,color,multi_page,fix_siderbar,fix_header,theme FROM t_user_config WHERE USER_ID='22' ;
2021-10-09 09:40:53.984 ws [main] INFO  p6spy - 2021-10-09 09:40:53 | 耗时 2 ms | SQL 语句：
SELECT u.user_id userId, u.username, u.password, u.mobile, u.STATUS, u.create_time createTime, u.ssex, d.company_id companyId, d.company_name companyName, o.office_id officeId, o.office_name officeName, u.AVATAR, u.DESCRIPTION, u.LAST_LOGIN_TIME lastLoginTime, GROUP_CONCAT(r.role_id) roleId, GROUP_CONCAT(r.ROLE_NAME) roleName FROM t_user u LEFT JOIN t_company d ON (u.company_id = d.company_id) LEFT JOIN t_office o ON (u.office_id = o.office_id) LEFT JOIN t_user_role ur ON (u.user_id = ur.user_id) LEFT JOIN t_role r ON r.role_id = ur.role_id WHERE u.username = 'qjm_admin' group by u.username, u.user_id, u.password, u.mobile, u.STATUS, u.create_time, u.ssex, d.company_id, d.company_name, o.office_id, o.office_name, u.AVATAR, u.DESCRIPTION, u.LAST_LOGIN_TIME;
2021-10-09 09:40:53.989 ws [main] INFO  p6spy - 2021-10-09 09:40:53 | 耗时 0 ms | SQL 语句：
select r.* from t_role r left join t_user_role ur on (r.role_id = ur.role_id) left join t_user u on (u.user_id = ur.user_id) where u.username = 'qjm_admin';
2021-10-09 09:40:53.992 ws [main] INFO  p6spy - 2021-10-09 09:40:53 | 耗时 1 ms | SQL 语句：
select distinct m.perms from t_role r left join t_user_role ur on (r.role_id = ur.role_id) left join t_user u on (u.user_id = ur.user_id) left join t_role_menu rm on (rm.role_id = r.role_id) left join t_menu m on (m.menu_id = rm.menu_id) where u.username = 'qjm_admin' and m.perms is not null and m.perms <> '';
2021-10-09 09:40:53.997 ws [main] INFO  p6spy - 2021-10-09 09:40:53 | 耗时 0 ms | SQL 语句：
SELECT USER_ID,layout,color,multi_page,fix_siderbar,fix_header,theme FROM t_user_config WHERE USER_ID='23' ;
2021-10-09 09:40:54.000 ws [main] INFO  p6spy - 2021-10-09 09:40:54 | 耗时 0 ms | SQL 语句：
SELECT u.user_id userId, u.username, u.password, u.mobile, u.STATUS, u.create_time createTime, u.ssex, d.company_id companyId, d.company_name companyName, o.office_id officeId, o.office_name officeName, u.AVATAR, u.DESCRIPTION, u.LAST_LOGIN_TIME lastLoginTime, GROUP_CONCAT(r.role_id) roleId, GROUP_CONCAT(r.ROLE_NAME) roleName FROM t_user u LEFT JOIN t_company d ON (u.company_id = d.company_id) LEFT JOIN t_office o ON (u.office_id = o.office_id) LEFT JOIN t_user_role ur ON (u.user_id = ur.user_id) LEFT JOIN t_role r ON r.role_id = ur.role_id WHERE u.username = 'user' group by u.username, u.user_id, u.password, u.mobile, u.STATUS, u.create_time, u.ssex, d.company_id, d.company_name, o.office_id, o.office_name, u.AVATAR, u.DESCRIPTION, u.LAST_LOGIN_TIME;
2021-10-09 09:40:54.006 ws [main] INFO  p6spy - 2021-10-09 09:40:54 | 耗时 2 ms | SQL 语句：
select r.* from t_role r left join t_user_role ur on (r.role_id = ur.role_id) left join t_user u on (u.user_id = ur.user_id) where u.username = 'user';
2021-10-09 09:40:54.010 ws [main] INFO  p6spy - 2021-10-09 09:40:54 | 耗时 1 ms | SQL 语句：
select distinct m.perms from t_role r left join t_user_role ur on (r.role_id = ur.role_id) left join t_user u on (u.user_id = ur.user_id) left join t_role_menu rm on (rm.role_id = r.role_id) left join t_menu m on (m.menu_id = rm.menu_id) where u.username = 'user' and m.perms is not null and m.perms <> '';
2021-10-09 09:40:54.015 ws [main] INFO  p6spy - 2021-10-09 09:40:54 | 耗时 0 ms | SQL 语句：
SELECT USER_ID,layout,color,multi_page,fix_siderbar,fix_header,theme FROM t_user_config WHERE USER_ID='24' ;
2021-10-09 09:40:54.021 ws [main] INFO  p6spy - 2021-10-09 09:40:54 | 耗时 1 ms | SQL 语句：
SELECT u.user_id userId, u.username, u.password, u.mobile, u.STATUS, u.create_time createTime, u.ssex, d.company_id companyId, d.company_name companyName, o.office_id officeId, o.office_name officeName, u.AVATAR, u.DESCRIPTION, u.LAST_LOGIN_TIME lastLoginTime, GROUP_CONCAT(r.role_id) roleId, GROUP_CONCAT(r.ROLE_NAME) roleName FROM t_user u LEFT JOIN t_company d ON (u.company_id = d.company_id) LEFT JOIN t_office o ON (u.office_id = o.office_id) LEFT JOIN t_user_role ur ON (u.user_id = ur.user_id) LEFT JOIN t_role r ON r.role_id = ur.role_id WHERE u.username = 'bizAdmin' group by u.username, u.user_id, u.password, u.mobile, u.STATUS, u.create_time, u.ssex, d.company_id, d.company_name, o.office_id, o.office_name, u.AVATAR, u.DESCRIPTION, u.LAST_LOGIN_TIME;
2021-10-09 09:40:54.026 ws [main] INFO  p6spy - 2021-10-09 09:40:54 | 耗时 0 ms | SQL 语句：
select r.* from t_role r left join t_user_role ur on (r.role_id = ur.role_id) left join t_user u on (u.user_id = ur.user_id) where u.username = 'bizAdmin';
2021-10-09 09:40:54.031 ws [main] INFO  p6spy - 2021-10-09 09:40:54 | 耗时 1 ms | SQL 语句：
select distinct m.perms from t_role r left join t_user_role ur on (r.role_id = ur.role_id) left join t_user u on (u.user_id = ur.user_id) left join t_role_menu rm on (rm.role_id = r.role_id) left join t_menu m on (m.menu_id = rm.menu_id) where u.username = 'bizAdmin' and m.perms is not null and m.perms <> '';
2021-10-09 09:40:54.040 ws [main] INFO  p6spy - 2021-10-09 09:40:54 | 耗时 1 ms | SQL 语句：
SELECT USER_ID,layout,color,multi_page,fix_siderbar,fix_header,theme FROM t_user_config WHERE USER_ID='25' ;
2021-10-09 09:40:54.048 ws [main] INFO  p6spy - 2021-10-09 09:40:54 | 耗时 4 ms | SQL 语句：
SELECT u.user_id userId, u.username, u.password, u.mobile, u.STATUS, u.create_time createTime, u.ssex, d.company_id companyId, d.company_name companyName, o.office_id officeId, o.office_name officeName, u.AVATAR, u.DESCRIPTION, u.LAST_LOGIN_TIME lastLoginTime, GROUP_CONCAT(r.role_id) roleId, GROUP_CONCAT(r.ROLE_NAME) roleName FROM t_user u LEFT JOIN t_company d ON (u.company_id = d.company_id) LEFT JOIN t_office o ON (u.office_id = o.office_id) LEFT JOIN t_user_role ur ON (u.user_id = ur.user_id) LEFT JOIN t_role r ON r.role_id = ur.role_id WHERE u.username = 'entTester' group by u.username, u.user_id, u.password, u.mobile, u.STATUS, u.create_time, u.ssex, d.company_id, d.company_name, o.office_id, o.office_name, u.AVATAR, u.DESCRIPTION, u.LAST_LOGIN_TIME;
2021-10-09 09:40:54.053 ws [main] INFO  p6spy - 2021-10-09 09:40:54 | 耗时 0 ms | SQL 语句：
select r.* from t_role r left join t_user_role ur on (r.role_id = ur.role_id) left join t_user u on (u.user_id = ur.user_id) where u.username = 'entTester';
2021-10-09 09:40:54.059 ws [main] INFO  p6spy - 2021-10-09 09:40:54 | 耗时 0 ms | SQL 语句：
select distinct m.perms from t_role r left join t_user_role ur on (r.role_id = ur.role_id) left join t_user u on (u.user_id = ur.user_id) left join t_role_menu rm on (rm.role_id = r.role_id) left join t_menu m on (m.menu_id = rm.menu_id) where u.username = 'entTester' and m.perms is not null and m.perms <> '';
2021-10-09 09:40:54.063 ws [main] INFO  p6spy - 2021-10-09 09:40:54 | 耗时 0 ms | SQL 语句：
SELECT USER_ID,layout,color,multi_page,fix_siderbar,fix_header,theme FROM t_user_config WHERE USER_ID='26' ;
2021-10-09 09:40:54.066 ws [main] INFO  p6spy - 2021-10-09 09:40:54 | 耗时 0 ms | SQL 语句：
SELECT u.user_id userId, u.username, u.password, u.mobile, u.STATUS, u.create_time createTime, u.ssex, d.company_id companyId, d.company_name companyName, o.office_id officeId, o.office_name officeName, u.AVATAR, u.DESCRIPTION, u.LAST_LOGIN_TIME lastLoginTime, GROUP_CONCAT(r.role_id) roleId, GROUP_CONCAT(r.ROLE_NAME) roleName FROM t_user u LEFT JOIN t_company d ON (u.company_id = d.company_id) LEFT JOIN t_office o ON (u.office_id = o.office_id) LEFT JOIN t_user_role ur ON (u.user_id = ur.user_id) LEFT JOIN t_role r ON r.role_id = ur.role_id WHERE u.username = 'govTester' group by u.username, u.user_id, u.password, u.mobile, u.STATUS, u.create_time, u.ssex, d.company_id, d.company_name, o.office_id, o.office_name, u.AVATAR, u.DESCRIPTION, u.LAST_LOGIN_TIME;
2021-10-09 09:40:54.071 ws [main] INFO  p6spy - 2021-10-09 09:40:54 | 耗时 0 ms | SQL 语句：
select r.* from t_role r left join t_user_role ur on (r.role_id = ur.role_id) left join t_user u on (u.user_id = ur.user_id) where u.username = 'govTester';
2021-10-09 09:40:54.074 ws [main] INFO  p6spy - 2021-10-09 09:40:54 | 耗时 1 ms | SQL 语句：
select distinct m.perms from t_role r left join t_user_role ur on (r.role_id = ur.role_id) left join t_user u on (u.user_id = ur.user_id) left join t_role_menu rm on (rm.role_id = r.role_id) left join t_menu m on (m.menu_id = rm.menu_id) where u.username = 'govTester' and m.perms is not null and m.perms <> '';
2021-10-09 09:40:54.080 ws [main] INFO  p6spy - 2021-10-09 09:40:54 | 耗时 1 ms | SQL 语句：
SELECT USER_ID,layout,color,multi_page,fix_siderbar,fix_header,theme FROM t_user_config WHERE USER_ID='27' ;
2021-10-09 09:40:54.082 ws [main] INFO  c.s.ws.common.runner.StartedUpRunner -  __    ___   _      ___   _     ____ _____  ____ 
2021-10-09 09:40:54.082 ws [main] INFO  c.s.ws.common.runner.StartedUpRunner - / /`  / / \ | |\/| | |_) | |   | |_   | |  | |_  
2021-10-09 09:40:54.082 ws [main] INFO  c.s.ws.common.runner.StartedUpRunner - \_\_, \_\_/ |_|  | |_|   |_|__ |_|__  |_|  |_|__ 
2021-10-09 09:40:54.082 ws [main] INFO  c.s.ws.common.runner.StartedUpRunner -                                                       
2021-10-09 09:40:54.083 ws [main] INFO  c.s.ws.common.runner.StartedUpRunner - WS 启动完毕，时间：2021-10-09T09:40:54.083
2021-10-09 09:40:54.458 ws [RMI TCP Connection(12)-172.171.214.34] INFO  o.a.c.c.C.[Tomcat].[localhost].[/] - Initializing Spring DispatcherServlet 'dispatcherServlet'
2021-10-09 09:40:54.459 ws [RMI TCP Connection(12)-172.171.214.34] INFO  o.s.web.servlet.DispatcherServlet - Initializing Servlet 'dispatcherServlet'
2021-10-09 09:40:54.459 ws [RMI TCP Connection(11)-172.171.214.34] INFO  p6spy - 2021-10-09 09:40:54 | 耗时 0 ms | SQL 语句：
select 1;
2021-10-09 09:40:54.487 ws [RMI TCP Connection(12)-172.171.214.34] INFO  o.s.web.servlet.DispatcherServlet - Completed initialization in 28 ms
2021-10-09 09:49:17.171 ws [Thread-36] INFO  org.quartz.core.QuartzScheduler - Scheduler quartzScheduler_$_NON_CLUSTERED paused.
2021-10-09 09:49:17.176 ws [Thread-36] INFO  o.s.s.c.ThreadPoolTaskScheduler - Shutting down ExecutorService 'taskScheduler'
2021-10-09 09:49:17.177 ws [Thread-36] INFO  o.s.s.quartz.SchedulerFactoryBean - Shutting down Quartz Scheduler
2021-10-09 09:49:17.178 ws [Thread-36] INFO  org.quartz.core.QuartzScheduler - Scheduler quartzScheduler_$_NON_CLUSTERED shutting down.
2021-10-09 09:49:17.178 ws [Thread-36] INFO  org.quartz.core.QuartzScheduler - Scheduler quartzScheduler_$_NON_CLUSTERED paused.
2021-10-09 09:49:17.179 ws [Thread-36] INFO  org.quartz.core.QuartzScheduler - Scheduler quartzScheduler_$_NON_CLUSTERED shutdown complete.
2021-10-09 09:49:17.196 ws [Thread-36] INFO  o.s.s.c.ThreadPoolTaskExecutor - Shutting down ExecutorService 'taskExecutor'
2021-10-09 09:49:17.208 ws [Thread-36] INFO  c.b.d.d.DynamicRoutingDataSource - dynamic-datasource start closing ....
2021-10-09 09:49:17.209 ws [Thread-36] INFO  com.zaxxer.hikari.HikariDataSource - primary - Shutdown initiated...
2021-10-09 09:49:17.225 ws [Thread-36] INFO  com.zaxxer.hikari.HikariDataSource - primary - Shutdown completed.
2021-10-09 09:49:17.225 ws [Thread-36] INFO  c.b.d.d.DynamicRoutingDataSource - dynamic-datasource all closed success,bye
